#
# There is insufficient memory for the Java Runtime Environment to continue.
# Native memory allocation (malloc) failed to allocate 2001664 bytes. Error detail: Chunk::new
# Possible reasons:
#   The system is out of physical RAM or swap space
#   This process is running with CompressedOops enabled, and the Java Heap may be blocking the growth of the native heap
# Possible solutions:
#   Reduce memory load on the system
#   Increase physical memory or swap space
#   Check if swap backing store is full
#   Decrease Java heap size (-Xmx/-Xms)
#   Decrease number of Java threads
#   Decrease Java thread stack sizes (-Xss)
#   Set larger code cache with -XX:ReservedCodeCacheSize=
#   JVM is running with Unscaled Compressed Oops mode in which the Java heap is
#     placed in the first 4GB address space. The Java Heap base address is the
#     maximum limit for the native heap growth. Please use -XX:HeapBaseMinAddress
#     to set the Java Heap base and to place the Java Heap above 4GB virtual address.
# This output file may be truncated or incomplete.
#
#  Out of Memory Error (arena.cpp:191), pid=44372, tid=13512
#
# JRE version: OpenJDK Runtime Environment Zulu17.52+17-CA (17.0.12+7) (build 17.0.12+7-LTS)
# Java VM: OpenJDK 64-Bit Server VM Zulu17.52+17-CA (17.0.12+7-LTS, mixed mode, sharing, tiered, compressed oops, compressed class ptrs, g1 gc, windows-amd64)
# No core dump will be written. Minidumps are not enabled by default on client versions of Windows
#

---------------  S U M M A R Y ------------

Command Line: -Dclassworlds.conf=C:\Users\ACER\Downloads\apache-maven-3.9.9-bin\apache-maven-3.9.9\bin\m2.conf -Dmaven.home=C:\Users\ACER\Downloads\apache-maven-3.9.9-bin\apache-maven-3.9.9 -Dlibrary.jansi.path=C:\Users\ACER\Downloads\apache-maven-3.9.9-bin\apache-maven-3.9.9\lib\jansi-native -Dmaven.multiModuleProjectDirectory=C:\Users\ACER\VisualStudioCodeProject\demo org.codehaus.plexus.classworlds.launcher.Launcher clean install

Host: 13th Gen Intel(R) Core(TM) i7-13620H, 16 cores, 7G,  Windows 11 , 64 bit Build 26100 (10.0.26100.3775)
Time: Tue Apr 15 08:12:36 2025 Malay Peninsula Standard Time elapsed time: 14.638370 seconds (0d 0h 0m 14s)

---------------  T H R E A D  ---------------

Current thread (0x00000210d66fb8a0):  JavaThread "C2 CompilerThread2" daemon [_thread_in_native, id=13512, stack(0x000000e322a00000,0x000000e322b00000)]


Current CompileTask:
C2:  14638 7343       4       com.sun.tools.javac.code.Symtab::enterClass (71 bytes)

Stack: [0x000000e322a00000,0x000000e322b00000]
Native frames: (J=compiled Java code, j=interpreted, Vv=VM code, C=native code)
V  [jvm.dll+0x683c59]
V  [jvm.dll+0x83b83a]
V  [jvm.dll+0x83d2fe]
V  [jvm.dll+0x83d963]
V  [jvm.dll+0x24be5f]
V  [jvm.dll+0xac9d4]
V  [jvm.dll+0xad01c]
V  [jvm.dll+0x36b757]
V  [jvm.dll+0x3353fa]
V  [jvm.dll+0x33489a]
V  [jvm.dll+0x21aaf1]
V  [jvm.dll+0x219f31]
V  [jvm.dll+0x1a5a8d]
V  [jvm.dll+0x229c7e]
V  [jvm.dll+0x227e1c]
V  [jvm.dll+0x7f0877]
V  [jvm.dll+0x7eac2c]
V  [jvm.dll+0x682b27]
C  [ucrtbase.dll+0x37b0]
C  [KERNEL32.DLL+0x2e8d7]
C  [ntdll.dll+0xb14fc]


---------------  P R O C E S S  ---------------

Threads class SMR info:
_java_thread_list=0x00000210d7782790, length=18, elements={
0x00000210eef0df90, 0x00000210fefde100, 0x00000210fefde9e0, 0x00000210feff33b0,
0x00000210feffacc0, 0x00000210feffb5a0, 0x00000210feffc090, 0x00000210feffcca0,
0x00000210ff023eb0, 0x00000210ff160060, 0x00000210ff2516f0, 0x00000210ff2865b0,
0x00000210ff29ef30, 0x00000210ff2a0ae0, 0x00000210d618ace0, 0x00000210d66fb350,
0x00000210d66fb8a0, 0x00000210d66f98c0
}

Java Threads: ( => current thread )
  0x00000210eef0df90 JavaThread "main" [_thread_in_native, id=46176, stack(0x000000e320700000,0x000000e320800000)]
  0x00000210fefde100 JavaThread "Reference Handler" daemon [_thread_blocked, id=47936, stack(0x000000e320e00000,0x000000e320f00000)]
  0x00000210fefde9e0 JavaThread "Finalizer" daemon [_thread_blocked, id=42172, stack(0x000000e320f00000,0x000000e321000000)]
  0x00000210feff33b0 JavaThread "Signal Dispatcher" daemon [_thread_blocked, id=38024, stack(0x000000e321000000,0x000000e321100000)]
  0x00000210feffacc0 JavaThread "Attach Listener" daemon [_thread_blocked, id=35292, stack(0x000000e321100000,0x000000e321200000)]
  0x00000210feffb5a0 JavaThread "Service Thread" daemon [_thread_blocked, id=51416, stack(0x000000e321200000,0x000000e321300000)]
  0x00000210feffc090 JavaThread "Monitor Deflation Thread" daemon [_thread_blocked, id=30116, stack(0x000000e321300000,0x000000e321400000)]
  0x00000210feffcca0 JavaThread "C2 CompilerThread0" daemon [_thread_in_native, id=49788, stack(0x000000e321400000,0x000000e321500000)]
  0x00000210ff023eb0 JavaThread "C1 CompilerThread0" daemon [_thread_blocked, id=50196, stack(0x000000e321500000,0x000000e321600000)]
  0x00000210ff160060 JavaThread "Sweeper thread" daemon [_thread_blocked, id=13208, stack(0x000000e321600000,0x000000e321700000)]
  0x00000210ff2516f0 JavaThread "C1 CompilerThread1" daemon [_thread_blocked, id=42780, stack(0x000000e321700000,0x000000e321800000)]
  0x00000210ff2865b0 JavaThread "C1 CompilerThread2" daemon [_thread_blocked, id=25352, stack(0x000000e321800000,0x000000e321900000)]
  0x00000210ff29ef30 JavaThread "Notification Thread" daemon [_thread_blocked, id=29364, stack(0x000000e321900000,0x000000e321a00000)]
  0x00000210ff2a0ae0 JavaThread "Common-Cleaner" daemon [_thread_blocked, id=37612, stack(0x000000e321b00000,0x000000e321c00000)]
  0x00000210d618ace0 JavaThread "Thread-1" daemon [_thread_blocked, id=41704, stack(0x000000e322400000,0x000000e322500000)]
  0x00000210d66fb350 JavaThread "C2 CompilerThread1" daemon [_thread_in_native, id=33960, stack(0x000000e322900000,0x000000e322a00000)]
=>0x00000210d66fb8a0 JavaThread "C2 CompilerThread2" daemon [_thread_in_native, id=13512, stack(0x000000e322a00000,0x000000e322b00000)]
  0x00000210d66f98c0 JavaThread "C1 CompilerThread3" daemon [_thread_blocked, id=47828, stack(0x000000e322d00000,0x000000e322e00000)]

Other Threads:
  0x00000210fefd0810 VMThread "VM Thread" [stack: 0x000000e320d00000,0x000000e320e00000] [id=26696]
  0x00000210ff29f830 WatcherThread [stack: 0x000000e321a00000,0x000000e321b00000] [id=50280]
  0x00000210f0a721a0 GCTaskThread "GC Thread#0" [stack: 0x000000e320800000,0x000000e320900000] [id=29072]
  0x00000210ff33ebc0 GCTaskThread "GC Thread#1" [stack: 0x000000e321c00000,0x000000e321d00000] [id=30312]
  0x00000210ff8974f0 GCTaskThread "GC Thread#2" [stack: 0x000000e321d00000,0x000000e321e00000] [id=49468]
  0x00000210ffcfbe40 GCTaskThread "GC Thread#3" [stack: 0x000000e321e00000,0x000000e321f00000] [id=50876]
  0x00000210ffcfc3e0 GCTaskThread "GC Thread#4" [stack: 0x000000e321f00000,0x000000e322000000] [id=44836]
  0x00000210ffcfa7c0 GCTaskThread "GC Thread#5" [stack: 0x000000e322000000,0x000000e322100000] [id=50016]
  0x00000210ffcfbb70 GCTaskThread "GC Thread#6" [stack: 0x000000e322100000,0x000000e322200000] [id=24580]
  0x00000210ffcfc110 GCTaskThread "GC Thread#7" [stack: 0x000000e322200000,0x000000e322300000] [id=7784]
  0x00000210ffcfad60 GCTaskThread "GC Thread#8" [stack: 0x000000e322300000,0x000000e322400000] [id=48056]
  0x00000210d633c990 GCTaskThread "GC Thread#9" [stack: 0x000000e322500000,0x000000e322600000] [id=44352]
  0x00000210d633da70 GCTaskThread "GC Thread#10" [stack: 0x000000e322600000,0x000000e322700000] [id=10356]
  0x00000210d633dd40 GCTaskThread "GC Thread#11" [stack: 0x000000e322700000,0x000000e322800000] [id=41996]
  0x00000210d633e2e0 GCTaskThread "GC Thread#12" [stack: 0x000000e322800000,0x000000e322900000] [id=51876]
  0x00000210f0a826d0 ConcurrentGCThread "G1 Main Marker" [stack: 0x000000e320900000,0x000000e320a00000] [id=48088]
  0x00000210f0a83000 ConcurrentGCThread "G1 Conc#0" [stack: 0x000000e320a00000,0x000000e320b00000] [id=42464]
  0x00000210d633cf30 ConcurrentGCThread "G1 Conc#1" [stack: 0x000000e322b00000,0x000000e322c00000] [id=19176]
  0x00000210d633f0f0 ConcurrentGCThread "G1 Conc#2" [stack: 0x000000e322c00000,0x000000e322d00000] [id=45148]
  0x00000210f0acec70 ConcurrentGCThread "G1 Refine#0" [stack: 0x000000e320b00000,0x000000e320c00000] [id=44860]
  0x00000210fee76a80 ConcurrentGCThread "G1 Service" [stack: 0x000000e320c00000,0x000000e320d00000] [id=27488]

Threads with active compile tasks:
C2 CompilerThread0    14678 7053   !   4       java.lang.ClassLoader::loadClass (121 bytes)
C2 CompilerThread1    14678 7596       4       com.sun.tools.javac.jvm.PoolReader::resolve (344 bytes)
C2 CompilerThread2    14678 7343       4       com.sun.tools.javac.code.Symtab::enterClass (71 bytes)

VM state: not at safepoint (normal execution)

VM Mutex/Monitor currently owned by a thread: None

Heap address: 0x0000000084a00000, size: 1974 MB, Compressed Oops mode: 32-bit

CDS archive(s) mapped at: [0x0000021091000000-0x0000021091bd0000-0x0000021091bd0000), size 12386304, SharedBaseAddress: 0x0000021091000000, ArchiveRelocationMode: 1.
Compressed class space mapped at: 0x0000021092000000-0x00000210d2000000, reserved size: 1073741824
Narrow klass base: 0x0000021091000000, Narrow klass shift: 0, Narrow klass range: 0x100000000

GC Precious Log:
 CPUs: 16 total, 16 available
 Memory: 7895M
 Large Page Support: Disabled
 NUMA Support: Disabled
 Compressed Oops: Enabled (32-bit)
 Heap Region Size: 1M
 Heap Min Capacity: 8M
 Heap Initial Capacity: 124M
 Heap Max Capacity: 1974M
 Pre-touch: Disabled
 Parallel Workers: 13
 Concurrent Workers: 3
 Concurrent Refinement Workers: 13
 Periodic GC: Disabled

Heap:
 garbage-first heap   total 163840K, used 73077K [0x0000000084a00000, 0x0000000100000000)
  region size 1024K, 28 young (28672K), 1 survivors (1024K)
 Metaspace       used 33102K, committed 33472K, reserved 1114112K
  class space    used 3911K, committed 4096K, reserved 1048576K

Heap Regions: E=young(eden), S=young(survivor), O=old, HS=humongous(starts), HC=humongous(continues), CS=collection set, F=free, OA=open archive, CA=closed archive, TAMS=top-at-mark-start (previous, next)
|   0|0x0000000084a00000, 0x0000000084b00000, 0x0000000084b00000|100%| O|  |TAMS 0x0000000084b00000, 0x0000000084a00000| Untracked 
|   1|0x0000000084b00000, 0x0000000084c00000, 0x0000000084c00000|100%| O|  |TAMS 0x0000000084c00000, 0x0000000084b00000| Untracked 
|   2|0x0000000084c00000, 0x0000000084d00000, 0x0000000084d00000|100%| O|  |TAMS 0x0000000084d00000, 0x0000000084c00000| Untracked 
|   3|0x0000000084d00000, 0x0000000084e00000, 0x0000000084e00000|100%| O|  |TAMS 0x0000000084e00000, 0x0000000084d00000| Untracked 
|   4|0x0000000084e00000, 0x0000000084f00000, 0x0000000084f00000|100%| O|  |TAMS 0x0000000084f00000, 0x0000000084e00000| Untracked 
|   5|0x0000000084f00000, 0x0000000085000000, 0x0000000085000000|100%| O|  |TAMS 0x0000000085000000, 0x0000000084f00000| Untracked 
|   6|0x0000000085000000, 0x0000000085100000, 0x0000000085100000|100%| O|  |TAMS 0x0000000085100000, 0x0000000085000000| Untracked 
|   7|0x0000000085100000, 0x0000000085200000, 0x0000000085200000|100%| O|  |TAMS 0x0000000085200000, 0x0000000085100000| Untracked 
|   8|0x0000000085200000, 0x0000000085300000, 0x0000000085300000|100%| O|  |TAMS 0x0000000085300000, 0x0000000085200000| Untracked 
|   9|0x0000000085300000, 0x0000000085400000, 0x0000000085400000|100%| O|  |TAMS 0x0000000085400000, 0x0000000085300000| Untracked 
|  10|0x0000000085400000, 0x0000000085500000, 0x0000000085500000|100%| O|  |TAMS 0x0000000085500000, 0x0000000085400000| Untracked 
|  11|0x0000000085500000, 0x0000000085600000, 0x0000000085600000|100%| O|  |TAMS 0x0000000085600000, 0x0000000085500000| Untracked 
|  12|0x0000000085600000, 0x0000000085700000, 0x0000000085700000|100%| O|  |TAMS 0x0000000085700000, 0x0000000085600000| Untracked 
|  13|0x0000000085700000, 0x0000000085800000, 0x0000000085800000|100%| O|  |TAMS 0x0000000085800000, 0x0000000085700000| Untracked 
|  14|0x0000000085800000, 0x0000000085900000, 0x0000000085900000|100%| O|  |TAMS 0x0000000085900000, 0x0000000085800000| Untracked 
|  15|0x0000000085900000, 0x0000000085a00000, 0x0000000085a00000|100%| O|  |TAMS 0x0000000085a00000, 0x0000000085900000| Untracked 
|  16|0x0000000085a00000, 0x0000000085b00000, 0x0000000085b00000|100%|HS|  |TAMS 0x0000000085b00000, 0x0000000085a00000| Complete 
|  17|0x0000000085b00000, 0x0000000085b00000, 0x0000000085c00000|  0%| F|  |TAMS 0x0000000085b00000, 0x0000000085b00000| Untracked 
|  18|0x0000000085c00000, 0x0000000085c00000, 0x0000000085d00000|  0%| F|  |TAMS 0x0000000085c00000, 0x0000000085c00000| Untracked 
|  19|0x0000000085d00000, 0x0000000085e00000, 0x0000000085e00000|100%|HS|  |TAMS 0x0000000085e00000, 0x0000000085d00000| Complete 
|  20|0x0000000085e00000, 0x0000000085f00000, 0x0000000085f00000|100%|HC|  |TAMS 0x0000000085f00000, 0x0000000085e00000| Complete 
|  21|0x0000000085f00000, 0x0000000086000000, 0x0000000086000000|100%|HS|  |TAMS 0x0000000086000000, 0x0000000085f00000| Complete 
|  22|0x0000000086000000, 0x0000000086100000, 0x0000000086100000|100%| O|  |TAMS 0x0000000086100000, 0x0000000086000000| Untracked 
|  23|0x0000000086100000, 0x0000000086200000, 0x0000000086200000|100%| O|  |TAMS 0x0000000086200000, 0x0000000086100000| Untracked 
|  24|0x0000000086200000, 0x0000000086300000, 0x0000000086300000|100%| O|  |TAMS 0x0000000086300000, 0x0000000086200000| Untracked 
|  25|0x0000000086300000, 0x0000000086400000, 0x0000000086400000|100%| O|  |TAMS 0x0000000086400000, 0x0000000086300000| Untracked 
|  26|0x0000000086400000, 0x0000000086500000, 0x0000000086500000|100%| O|  |TAMS 0x0000000086500000, 0x0000000086400000| Untracked 
|  27|0x0000000086500000, 0x0000000086600000, 0x0000000086600000|100%| O|  |TAMS 0x0000000086600000, 0x0000000086500000| Untracked 
|  28|0x0000000086600000, 0x0000000086700000, 0x0000000086700000|100%| O|  |TAMS 0x0000000086700000, 0x0000000086600000| Untracked 
|  29|0x0000000086700000, 0x0000000086800000, 0x0000000086800000|100%| O|  |TAMS 0x0000000086800000, 0x0000000086700000| Untracked 
|  30|0x0000000086800000, 0x0000000086900000, 0x0000000086900000|100%| O|  |TAMS 0x00000000868fa400, 0x0000000086800000| Untracked 
|  31|0x0000000086900000, 0x0000000086a00000, 0x0000000086a00000|100%| O|  |TAMS 0x0000000086900000, 0x0000000086900000| Untracked 
|  32|0x0000000086a00000, 0x0000000086b00000, 0x0000000086b00000|100%| O|  |TAMS 0x0000000086b00000, 0x0000000086a00000| Untracked 
|  33|0x0000000086b00000, 0x0000000086c00000, 0x0000000086c00000|100%| O|  |TAMS 0x0000000086c00000, 0x0000000086b00000| Untracked 
|  34|0x0000000086c00000, 0x0000000086d00000, 0x0000000086d00000|100%| O|  |TAMS 0x0000000086d00000, 0x0000000086c00000| Untracked 
|  35|0x0000000086d00000, 0x0000000086e00000, 0x0000000086e00000|100%| O|  |TAMS 0x0000000086e00000, 0x0000000086d00000| Untracked 
|  36|0x0000000086e00000, 0x0000000086f00000, 0x0000000086f00000|100%| O|  |TAMS 0x0000000086f00000, 0x0000000086e00000| Untracked 
|  37|0x0000000086f00000, 0x0000000087000000, 0x0000000087000000|100%| O|  |TAMS 0x0000000087000000, 0x0000000086f00000| Untracked 
|  38|0x0000000087000000, 0x0000000087100000, 0x0000000087100000|100%| O|  |TAMS 0x0000000087100000, 0x0000000087000000| Untracked 
|  39|0x0000000087100000, 0x0000000087200000, 0x0000000087200000|100%| O|  |TAMS 0x0000000087100000, 0x0000000087100000| Untracked 
|  40|0x0000000087200000, 0x00000000872db200, 0x0000000087300000| 85%| O|  |TAMS 0x0000000087200000, 0x0000000087200000| Untracked 
|  41|0x0000000087300000, 0x0000000087300000, 0x0000000087400000|  0%| F|  |TAMS 0x0000000087300000, 0x0000000087300000| Untracked 
|  42|0x0000000087400000, 0x0000000087400000, 0x0000000087500000|  0%| F|  |TAMS 0x0000000087400000, 0x0000000087400000| Untracked 
|  43|0x0000000087500000, 0x0000000087500000, 0x0000000087600000|  0%| F|  |TAMS 0x0000000087500000, 0x0000000087500000| Untracked 
|  44|0x0000000087600000, 0x0000000087600000, 0x0000000087700000|  0%| F|  |TAMS 0x0000000087600000, 0x0000000087600000| Untracked 
|  45|0x0000000087700000, 0x0000000087700000, 0x0000000087800000|  0%| F|  |TAMS 0x0000000087700000, 0x0000000087700000| Untracked 
|  46|0x0000000087800000, 0x0000000087800000, 0x0000000087900000|  0%| F|  |TAMS 0x0000000087800000, 0x0000000087800000| Untracked 
|  47|0x0000000087900000, 0x0000000087900000, 0x0000000087a00000|  0%| F|  |TAMS 0x0000000087900000, 0x0000000087900000| Untracked 
|  48|0x0000000087a00000, 0x0000000087a00000, 0x0000000087b00000|  0%| F|  |TAMS 0x0000000087a00000, 0x0000000087a00000| Untracked 
|  49|0x0000000087b00000, 0x0000000087b00000, 0x0000000087c00000|  0%| F|  |TAMS 0x0000000087b00000, 0x0000000087b00000| Untracked 
|  50|0x0000000087c00000, 0x0000000087c00000, 0x0000000087d00000|  0%| F|  |TAMS 0x0000000087c00000, 0x0000000087c00000| Untracked 
|  51|0x0000000087d00000, 0x0000000087d00000, 0x0000000087e00000|  0%| F|  |TAMS 0x0000000087d00000, 0x0000000087d00000| Untracked 
|  52|0x0000000087e00000, 0x0000000087e00000, 0x0000000087f00000|  0%| F|  |TAMS 0x0000000087e00000, 0x0000000087e00000| Untracked 
|  53|0x0000000087f00000, 0x0000000087f00000, 0x0000000088000000|  0%| F|  |TAMS 0x0000000087f00000, 0x0000000087f00000| Untracked 
|  54|0x0000000088000000, 0x0000000088000000, 0x0000000088100000|  0%| F|  |TAMS 0x0000000088000000, 0x0000000088000000| Untracked 
|  55|0x0000000088100000, 0x0000000088100000, 0x0000000088200000|  0%| F|  |TAMS 0x0000000088100000, 0x0000000088100000| Untracked 
|  56|0x0000000088200000, 0x0000000088200000, 0x0000000088300000|  0%| F|  |TAMS 0x0000000088200000, 0x0000000088200000| Untracked 
|  57|0x0000000088300000, 0x0000000088300000, 0x0000000088400000|  0%| F|  |TAMS 0x0000000088300000, 0x0000000088300000| Untracked 
|  58|0x0000000088400000, 0x0000000088482400, 0x0000000088500000| 50%| S|CS|TAMS 0x0000000088400000, 0x0000000088400000| Complete 
|  59|0x0000000088500000, 0x0000000088500000, 0x0000000088600000|  0%| F|  |TAMS 0x0000000088500000, 0x0000000088500000| Untracked 
|  60|0x0000000088600000, 0x0000000088600000, 0x0000000088700000|  0%| F|  |TAMS 0x0000000088600000, 0x0000000088600000| Untracked 
|  61|0x0000000088700000, 0x0000000088700000, 0x0000000088800000|  0%| F|  |TAMS 0x0000000088700000, 0x0000000088700000| Untracked 
|  62|0x0000000088800000, 0x0000000088800000, 0x0000000088900000|  0%| F|  |TAMS 0x0000000088800000, 0x0000000088800000| Untracked 
|  63|0x0000000088900000, 0x0000000088900000, 0x0000000088a00000|  0%| F|  |TAMS 0x0000000088900000, 0x0000000088900000| Untracked 
|  64|0x0000000088a00000, 0x0000000088a00000, 0x0000000088b00000|  0%| F|  |TAMS 0x0000000088a00000, 0x0000000088a00000| Untracked 
|  65|0x0000000088b00000, 0x0000000088b00000, 0x0000000088c00000|  0%| F|  |TAMS 0x0000000088b00000, 0x0000000088b00000| Untracked 
|  66|0x0000000088c00000, 0x0000000088c00000, 0x0000000088d00000|  0%| F|  |TAMS 0x0000000088c00000, 0x0000000088c00000| Untracked 
|  67|0x0000000088d00000, 0x0000000088d00000, 0x0000000088e00000|  0%| F|  |TAMS 0x0000000088d00000, 0x0000000088d00000| Untracked 
|  68|0x0000000088e00000, 0x0000000088e00000, 0x0000000088f00000|  0%| F|  |TAMS 0x0000000088e00000, 0x0000000088e00000| Untracked 
|  69|0x0000000088f00000, 0x0000000088f00000, 0x0000000089000000|  0%| F|  |TAMS 0x0000000088f00000, 0x0000000088f00000| Untracked 
|  70|0x0000000089000000, 0x0000000089000000, 0x0000000089100000|  0%| F|  |TAMS 0x0000000089000000, 0x0000000089000000| Untracked 
|  71|0x0000000089100000, 0x0000000089100000, 0x0000000089200000|  0%| F|  |TAMS 0x0000000089100000, 0x0000000089100000| Untracked 
|  72|0x0000000089200000, 0x0000000089200000, 0x0000000089300000|  0%| F|  |TAMS 0x0000000089200000, 0x0000000089200000| Untracked 
|  73|0x0000000089300000, 0x0000000089300000, 0x0000000089400000|  0%| F|  |TAMS 0x0000000089300000, 0x0000000089300000| Untracked 
|  74|0x0000000089400000, 0x0000000089400000, 0x0000000089500000|  0%| F|  |TAMS 0x0000000089400000, 0x0000000089400000| Untracked 
|  75|0x0000000089500000, 0x0000000089500000, 0x0000000089600000|  0%| F|  |TAMS 0x0000000089500000, 0x0000000089500000| Untracked 
|  76|0x0000000089600000, 0x0000000089600000, 0x0000000089700000|  0%| F|  |TAMS 0x0000000089600000, 0x0000000089600000| Untracked 
|  77|0x0000000089700000, 0x0000000089700000, 0x0000000089800000|  0%| F|  |TAMS 0x0000000089700000, 0x0000000089700000| Untracked 
|  78|0x0000000089800000, 0x0000000089800000, 0x0000000089900000|  0%| F|  |TAMS 0x0000000089800000, 0x0000000089800000| Untracked 
|  79|0x0000000089900000, 0x0000000089900000, 0x0000000089a00000|  0%| F|  |TAMS 0x0000000089900000, 0x0000000089900000| Untracked 
|  80|0x0000000089a00000, 0x0000000089a00000, 0x0000000089b00000|  0%| F|  |TAMS 0x0000000089a00000, 0x0000000089a00000| Untracked 
|  81|0x0000000089b00000, 0x0000000089b00000, 0x0000000089c00000|  0%| F|  |TAMS 0x0000000089b00000, 0x0000000089b00000| Untracked 
|  82|0x0000000089c00000, 0x0000000089c00000, 0x0000000089d00000|  0%| F|  |TAMS 0x0000000089c00000, 0x0000000089c00000| Untracked 
|  83|0x0000000089d00000, 0x0000000089d00000, 0x0000000089e00000|  0%| F|  |TAMS 0x0000000089d00000, 0x0000000089d00000| Untracked 
|  84|0x0000000089e00000, 0x0000000089e00000, 0x0000000089f00000|  0%| F|  |TAMS 0x0000000089e00000, 0x0000000089e00000| Untracked 
|  85|0x0000000089f00000, 0x0000000089f00000, 0x000000008a000000|  0%| F|  |TAMS 0x0000000089f00000, 0x0000000089f00000| Untracked 
|  86|0x000000008a000000, 0x000000008a000000, 0x000000008a100000|  0%| F|  |TAMS 0x000000008a000000, 0x000000008a000000| Untracked 
|  87|0x000000008a100000, 0x000000008a100000, 0x000000008a200000|  0%| F|  |TAMS 0x000000008a100000, 0x000000008a100000| Untracked 
|  88|0x000000008a200000, 0x000000008a200000, 0x000000008a300000|  0%| F|  |TAMS 0x000000008a200000, 0x000000008a200000| Untracked 
|  89|0x000000008a300000, 0x000000008a300000, 0x000000008a400000|  0%| F|  |TAMS 0x000000008a300000, 0x000000008a300000| Untracked 
|  90|0x000000008a400000, 0x000000008a400000, 0x000000008a500000|  0%| F|  |TAMS 0x000000008a400000, 0x000000008a400000| Untracked 
|  91|0x000000008a500000, 0x000000008a500000, 0x000000008a600000|  0%| F|  |TAMS 0x000000008a500000, 0x000000008a500000| Untracked 
|  92|0x000000008a600000, 0x000000008a600000, 0x000000008a700000|  0%| F|  |TAMS 0x000000008a600000, 0x000000008a600000| Untracked 
|  93|0x000000008a700000, 0x000000008a700000, 0x000000008a800000|  0%| F|  |TAMS 0x000000008a700000, 0x000000008a700000| Untracked 
|  94|0x000000008a800000, 0x000000008a800000, 0x000000008a900000|  0%| F|  |TAMS 0x000000008a800000, 0x000000008a800000| Untracked 
|  95|0x000000008a900000, 0x000000008a900000, 0x000000008aa00000|  0%| F|  |TAMS 0x000000008a900000, 0x000000008a900000| Untracked 
|  96|0x000000008aa00000, 0x000000008aa00000, 0x000000008ab00000|  0%| F|  |TAMS 0x000000008aa00000, 0x000000008aa00000| Untracked 
|  97|0x000000008ab00000, 0x000000008ab00000, 0x000000008ac00000|  0%| F|  |TAMS 0x000000008ab00000, 0x000000008ab00000| Untracked 
|  98|0x000000008ac00000, 0x000000008ac00000, 0x000000008ad00000|  0%| F|  |TAMS 0x000000008ac00000, 0x000000008ac00000| Untracked 
|  99|0x000000008ad00000, 0x000000008ad00000, 0x000000008ae00000|  0%| F|  |TAMS 0x000000008ad00000, 0x000000008ad00000| Untracked 
| 100|0x000000008ae00000, 0x000000008ae00000, 0x000000008af00000|  0%| F|  |TAMS 0x000000008ae00000, 0x000000008ae00000| Untracked 
| 101|0x000000008af00000, 0x000000008af00000, 0x000000008b000000|  0%| F|  |TAMS 0x000000008af00000, 0x000000008af00000| Untracked 
| 102|0x000000008b000000, 0x000000008b000000, 0x000000008b100000|  0%| F|  |TAMS 0x000000008b000000, 0x000000008b000000| Untracked 
| 103|0x000000008b100000, 0x000000008b100000, 0x000000008b200000|  0%| F|  |TAMS 0x000000008b100000, 0x000000008b100000| Untracked 
| 104|0x000000008b200000, 0x000000008b200000, 0x000000008b300000|  0%| F|  |TAMS 0x000000008b200000, 0x000000008b200000| Untracked 
| 105|0x000000008b300000, 0x000000008b300000, 0x000000008b400000|  0%| F|  |TAMS 0x000000008b300000, 0x000000008b300000| Untracked 
| 106|0x000000008b400000, 0x000000008b400000, 0x000000008b500000|  0%| F|  |TAMS 0x000000008b400000, 0x000000008b400000| Untracked 
| 107|0x000000008b500000, 0x000000008b500000, 0x000000008b600000|  0%| F|  |TAMS 0x000000008b500000, 0x000000008b500000| Untracked 
| 108|0x000000008b600000, 0x000000008b600000, 0x000000008b700000|  0%| F|  |TAMS 0x000000008b600000, 0x000000008b600000| Untracked 
| 109|0x000000008b700000, 0x000000008b700000, 0x000000008b800000|  0%| F|  |TAMS 0x000000008b700000, 0x000000008b700000| Untracked 
| 110|0x000000008b800000, 0x000000008b800000, 0x000000008b900000|  0%| F|  |TAMS 0x000000008b800000, 0x000000008b800000| Untracked 
| 111|0x000000008b900000, 0x000000008b900000, 0x000000008ba00000|  0%| F|  |TAMS 0x000000008b900000, 0x000000008b900000| Untracked 
| 112|0x000000008ba00000, 0x000000008ba00000, 0x000000008bb00000|  0%| F|  |TAMS 0x000000008ba00000, 0x000000008ba00000| Untracked 
| 113|0x000000008bb00000, 0x000000008bb00000, 0x000000008bc00000|  0%| F|  |TAMS 0x000000008bb00000, 0x000000008bb00000| Untracked 
| 114|0x000000008bc00000, 0x000000008bc00000, 0x000000008bd00000|  0%| F|  |TAMS 0x000000008bc00000, 0x000000008bc00000| Untracked 
| 115|0x000000008bd00000, 0x000000008bd00000, 0x000000008be00000|  0%| F|  |TAMS 0x000000008bd00000, 0x000000008bd00000| Untracked 
| 116|0x000000008be00000, 0x000000008be00000, 0x000000008bf00000|  0%| F|  |TAMS 0x000000008be00000, 0x000000008be00000| Untracked 
| 117|0x000000008bf00000, 0x000000008bf00000, 0x000000008c000000|  0%| F|  |TAMS 0x000000008bf00000, 0x000000008bf00000| Untracked 
| 118|0x000000008c000000, 0x000000008c000000, 0x000000008c100000|  0%| F|  |TAMS 0x000000008c000000, 0x000000008c000000| Untracked 
| 119|0x000000008c100000, 0x000000008c100000, 0x000000008c200000|  0%| F|  |TAMS 0x000000008c100000, 0x000000008c100000| Untracked 
| 120|0x000000008c200000, 0x000000008c200000, 0x000000008c300000|  0%| F|  |TAMS 0x000000008c200000, 0x000000008c200000| Untracked 
| 121|0x000000008c300000, 0x000000008c300000, 0x000000008c400000|  0%| F|  |TAMS 0x000000008c300000, 0x000000008c300000| Untracked 
| 122|0x000000008c400000, 0x000000008c400000, 0x000000008c500000|  0%| F|  |TAMS 0x000000008c400000, 0x000000008c400000| Untracked 
| 123|0x000000008c500000, 0x000000008c500000, 0x000000008c600000|  0%| F|  |TAMS 0x000000008c500000, 0x000000008c500000| Untracked 
| 124|0x000000008c600000, 0x000000008c600000, 0x000000008c700000|  0%| F|  |TAMS 0x000000008c600000, 0x000000008c600000| Untracked 
| 125|0x000000008c700000, 0x000000008c700000, 0x000000008c800000|  0%| F|  |TAMS 0x000000008c700000, 0x000000008c700000| Untracked 
| 126|0x000000008c800000, 0x000000008c800000, 0x000000008c900000|  0%| F|  |TAMS 0x000000008c800000, 0x000000008c800000| Untracked 
| 127|0x000000008c900000, 0x000000008c980800, 0x000000008ca00000| 50%| E|  |TAMS 0x000000008c900000, 0x000000008c900000| Complete 
| 128|0x000000008ca00000, 0x000000008cb00000, 0x000000008cb00000|100%| E|CS|TAMS 0x000000008ca00000, 0x000000008ca00000| Complete 
| 129|0x000000008cb00000, 0x000000008cc00000, 0x000000008cc00000|100%| E|CS|TAMS 0x000000008cb00000, 0x000000008cb00000| Complete 
| 130|0x000000008cc00000, 0x000000008cd00000, 0x000000008cd00000|100%| E|CS|TAMS 0x000000008cc00000, 0x000000008cc00000| Complete 
| 131|0x000000008cd00000, 0x000000008ce00000, 0x000000008ce00000|100%| E|CS|TAMS 0x000000008cd00000, 0x000000008cd00000| Complete 
| 132|0x000000008ce00000, 0x000000008cf00000, 0x000000008cf00000|100%| E|CS|TAMS 0x000000008ce00000, 0x000000008ce00000| Complete 
| 133|0x000000008cf00000, 0x000000008d000000, 0x000000008d000000|100%| E|CS|TAMS 0x000000008cf00000, 0x000000008cf00000| Complete 
| 134|0x000000008d000000, 0x000000008d100000, 0x000000008d100000|100%| E|CS|TAMS 0x000000008d000000, 0x000000008d000000| Complete 
| 135|0x000000008d100000, 0x000000008d200000, 0x000000008d200000|100%| E|CS|TAMS 0x000000008d100000, 0x000000008d100000| Complete 
| 136|0x000000008d200000, 0x000000008d300000, 0x000000008d300000|100%| E|CS|TAMS 0x000000008d200000, 0x000000008d200000| Complete 
| 137|0x000000008d300000, 0x000000008d400000, 0x000000008d400000|100%| E|CS|TAMS 0x000000008d300000, 0x000000008d300000| Complete 
| 138|0x000000008d400000, 0x000000008d500000, 0x000000008d500000|100%| E|CS|TAMS 0x000000008d400000, 0x000000008d400000| Complete 
| 139|0x000000008d500000, 0x000000008d600000, 0x000000008d600000|100%| E|CS|TAMS 0x000000008d500000, 0x000000008d500000| Complete 
| 140|0x000000008d600000, 0x000000008d700000, 0x000000008d700000|100%| E|CS|TAMS 0x000000008d600000, 0x000000008d600000| Complete 
| 141|0x000000008d700000, 0x000000008d800000, 0x000000008d800000|100%| E|CS|TAMS 0x000000008d700000, 0x000000008d700000| Complete 
| 142|0x000000008d800000, 0x000000008d900000, 0x000000008d900000|100%| E|CS|TAMS 0x000000008d800000, 0x000000008d800000| Complete 
| 143|0x000000008d900000, 0x000000008da00000, 0x000000008da00000|100%| E|CS|TAMS 0x000000008d900000, 0x000000008d900000| Complete 
| 144|0x000000008da00000, 0x000000008db00000, 0x000000008db00000|100%| E|CS|TAMS 0x000000008da00000, 0x000000008da00000| Complete 
| 145|0x000000008db00000, 0x000000008dc00000, 0x000000008dc00000|100%| E|CS|TAMS 0x000000008db00000, 0x000000008db00000| Complete 
| 146|0x000000008dc00000, 0x000000008dd00000, 0x000000008dd00000|100%| E|CS|TAMS 0x000000008dc00000, 0x000000008dc00000| Complete 
| 147|0x000000008dd00000, 0x000000008de00000, 0x000000008de00000|100%| E|CS|TAMS 0x000000008dd00000, 0x000000008dd00000| Complete 
| 148|0x000000008de00000, 0x000000008df00000, 0x000000008df00000|100%| E|CS|TAMS 0x000000008de00000, 0x000000008de00000| Complete 
| 149|0x000000008df00000, 0x000000008e000000, 0x000000008e000000|100%| E|CS|TAMS 0x000000008df00000, 0x000000008df00000| Complete 
| 150|0x000000008e000000, 0x000000008e100000, 0x000000008e100000|100%| E|CS|TAMS 0x000000008e000000, 0x000000008e000000| Complete 
| 151|0x000000008e100000, 0x000000008e200000, 0x000000008e200000|100%| E|CS|TAMS 0x000000008e100000, 0x000000008e100000| Complete 
| 185|0x0000000090300000, 0x0000000090400000, 0x0000000090400000|100%| E|CS|TAMS 0x0000000090300000, 0x0000000090300000| Complete 
| 186|0x0000000090400000, 0x0000000090500000, 0x0000000090500000|100%| E|CS|TAMS 0x0000000090400000, 0x0000000090400000| Complete 
|1968|0x00000000ffa00000, 0x00000000ffb00000, 0x00000000ffb00000|100%| O|  |TAMS 0x00000000ffb00000, 0x00000000ffa00000| Untracked 
|1969|0x00000000ffb00000, 0x00000000ffc00000, 0x00000000ffc00000|100%| O|  |TAMS 0x00000000ffc00000, 0x00000000ffb00000| Untracked 
|1970|0x00000000ffc00000, 0x00000000ffd00000, 0x00000000ffd00000|100%| O|  |TAMS 0x00000000ffd00000, 0x00000000ffc00000| Untracked 
|1971|0x00000000ffd00000, 0x00000000ffe00000, 0x00000000ffe00000|100%| O|  |TAMS 0x00000000ffe00000, 0x00000000ffd00000| Untracked 
|1972|0x00000000ffe00000, 0x00000000fff00000, 0x00000000fff00000|100%| O|  |TAMS 0x00000000fff00000, 0x00000000ffe00000| Untracked 
|1973|0x00000000fff00000, 0x0000000100000000, 0x0000000100000000|100%| O|  |TAMS 0x0000000100000000, 0x00000000fff00000| Untracked 

Card table byte_map: [0x00000210f9a20000,0x00000210f9e00000] _byte_map_base: 0x00000210f95fb000

Marking Bits (Prev, Next): (CMBitMap*) 0x00000210f0a72720, (CMBitMap*) 0x00000210f0a726e0
 Prev Bits: [0x00000210fc0c0000, 0x00000210fdf98000)
 Next Bits: [0x00000210fa1e0000, 0x00000210fc0b8000)

Polling page: 0x00000210ef170000

Metaspace:

Usage:
  Non-class:     28.51 MB used.
      Class:      3.82 MB used.
       Both:     32.33 MB used.

Virtual space:
  Non-class space:       64.00 MB reserved,      28.69 MB ( 45%) committed,  1 nodes.
      Class space:        1.00 GB reserved,       4.00 MB ( <1%) committed,  1 nodes.
             Both:        1.06 GB reserved,      32.69 MB (  3%) committed. 

Chunk freelists:
   Non-Class:  3.19 MB
       Class:  12.01 MB
        Both:  15.20 MB

MaxMetaspaceSize: unlimited
CompressedClassSpaceSize: 1.00 GB
Initial GC threshold: 21.00 MB
Current GC threshold: 51.38 MB
CDS: on
MetaspaceReclaimPolicy: balanced
 - commit_granule_bytes: 65536.
 - commit_granule_words: 8192.
 - virtual_space_node_default_size: 8388608.
 - enlarge_chunks_in_place: 1.
 - new_chunks_are_fully_committed: 0.
 - uncommit_free_chunks: 1.
 - use_allocation_guard: 0.
 - handle_deallocations: 1.


Internal statistics:

num_allocs_failed_limit: 3.
num_arena_births: 210.
num_arena_deaths: 0.
num_vsnodes_births: 2.
num_vsnodes_deaths: 0.
num_space_committed: 523.
num_space_uncommitted: 0.
num_chunks_returned_to_freelist: 3.
num_chunks_taken_from_freelist: 1429.
num_chunk_merges: 3.
num_chunk_splits: 1007.
num_chunks_enlarged: 801.
num_inconsistent_stats: 0.

CodeHeap 'non-profiled nmethods': size=119168Kb used=3944Kb max_used=3944Kb free=115223Kb
 bounds [0x0000021087ba0000, 0x0000021087f80000, 0x000002108f000000]
CodeHeap 'profiled nmethods': size=119104Kb used=15512Kb max_used=15512Kb free=103591Kb
 bounds [0x0000021080000000, 0x0000021080f30000, 0x0000021087450000]
CodeHeap 'non-nmethods': size=7488Kb used=2915Kb max_used=2978Kb free=4572Kb
 bounds [0x0000021087450000, 0x0000021087740000, 0x0000021087ba0000]
 total_blobs=7459 nmethods=6926 adapters=442
 compilation: enabled
              stopped_count=0, restarted_count=0
 full_count=0

Compilation events (20 events):
Event: 14.365 Thread 0x00000210ff2516f0 nmethod 7707 0x0000021087f6d390 code [0x0000021087f6d520, 0x0000021087f6d5f8]
Event: 14.365 Thread 0x00000210ff2865b0 nmethod 7708 0x0000021087f6d690 code [0x0000021087f6d820, 0x0000021087f6d8f8]
Event: 14.366 Thread 0x00000210ff2865b0 7709       3       com.sun.tools.javac.code.Symbol::hasOuterInstance (35 bytes)
Event: 14.367 Thread 0x00000210ff2865b0 nmethod 7709 0x0000021080f25d10 code [0x0000021080f25ee0, 0x0000021080f26428]
Event: 14.375 Thread 0x00000210ff2516f0 7710   !   3       sun.nio.fs.WindowsPath::toAbsolutePath (56 bytes)
Event: 14.376 Thread 0x00000210ff2516f0 nmethod 7710 0x0000021080f26590 code [0x0000021080f267e0, 0x0000021080f270d8]
Event: 14.392 Thread 0x00000210d66fb350 nmethod 7269 0x0000021087f6d990 code [0x0000021087f6dec0, 0x0000021087f743c8]
Event: 14.392 Thread 0x00000210d66fb350 7492       4       java.util.HashMap::putVal (300 bytes)
Event: 14.403 Thread 0x00000210d66fb350 nmethod 7492 0x0000021087f77690 code [0x0000021087f77860, 0x0000021087f78038]
Event: 14.403 Thread 0x00000210d66fb350 7502       4       com.sun.tools.javac.jvm.PoolReader::getName (15 bytes)
Event: 14.408 Thread 0x00000210d66fb350 nmethod 7502 0x0000021087f78590 code [0x0000021087f78740, 0x0000021087f78ba8]
Event: 14.408 Thread 0x00000210d66fb350 7606       4       com.sun.tools.javac.jvm.ClassReader::nextInt (24 bytes)
Event: 14.410 Thread 0x00000210d66fb350 nmethod 7606 0x0000021087f79090 code [0x0000021087f79200, 0x0000021087f79338]
Event: 14.410 Thread 0x00000210d66fb350 7489       4       com.sun.tools.javac.util.List::of (12 bytes)
Event: 14.411 Thread 0x00000210d66fb350 nmethod 7489 0x0000021087f79490 code [0x0000021087f79620, 0x0000021087f796d8]
Event: 14.411 Thread 0x00000210d66fb350 7562       4       com.sun.tools.javac.tree.TreeScanner::scan (10 bytes)
Event: 14.411 Thread 0x00000210d66fb350 nmethod 7562 0x0000021087f79790 code [0x0000021087f79900, 0x0000021087f799b8]
Event: 14.411 Thread 0x00000210d66fb350 7661       4       com.sun.tools.javac.code.Type$ClassType::accept (9 bytes)
Event: 14.412 Thread 0x00000210d66fb350 nmethod 7661 0x0000021087f79a90 code [0x0000021087f79c00, 0x0000021087f79c98]
Event: 14.412 Thread 0x00000210d66fb350 7596       4       com.sun.tools.javac.jvm.PoolReader::resolve (344 bytes)

GC Heap History (20 events):
Event: 1.784 GC heap before
{Heap before GC invocations=1 (full 0):
 garbage-first heap   total 126976K, used 35440K [0x0000000084a00000, 0x0000000100000000)
  region size 1024K, 34 young (34816K), 3 survivors (3072K)
 Metaspace       used 9803K, committed 9984K, reserved 1114112K
  class space    used 1182K, committed 1280K, reserved 1048576K
}
Event: 1.791 GC heap after
{Heap after GC invocations=2 (full 0):
 garbage-first heap   total 126976K, used 5500K [0x0000000084a00000, 0x0000000100000000)
  region size 1024K, 2 young (2048K), 2 survivors (2048K)
 Metaspace       used 9803K, committed 9984K, reserved 1114112K
  class space    used 1182K, committed 1280K, reserved 1048576K
}
Event: 3.998 GC heap before
{Heap before GC invocations=2 (full 0):
 garbage-first heap   total 126976K, used 79228K [0x0000000084a00000, 0x0000000100000000)
  region size 1024K, 74 young (75776K), 2 survivors (2048K)
 Metaspace       used 15902K, committed 16128K, reserved 1114112K
  class space    used 1883K, committed 1984K, reserved 1048576K
}
Event: 4.020 GC heap after
{Heap after GC invocations=3 (full 0):
 garbage-first heap   total 126976K, used 13425K [0x0000000084a00000, 0x0000000100000000)
  region size 1024K, 10 young (10240K), 10 survivors (10240K)
 Metaspace       used 15902K, committed 16128K, reserved 1114112K
  class space    used 1883K, committed 1984K, reserved 1048576K
}
Event: 7.444 GC heap before
{Heap before GC invocations=3 (full 0):
 garbage-first heap   total 126976K, used 78961K [0x0000000084a00000, 0x0000000100000000)
  region size 1024K, 74 young (75776K), 10 survivors (10240K)
 Metaspace       used 17302K, committed 17536K, reserved 1114112K
  class space    used 1992K, committed 2112K, reserved 1048576K
}
Event: 7.469 GC heap after
{Heap after GC invocations=4 (full 0):
 garbage-first heap   total 126976K, used 16073K [0x0000000084a00000, 0x0000000100000000)
  region size 1024K, 4 young (4096K), 4 survivors (4096K)
 Metaspace       used 17302K, committed 17536K, reserved 1114112K
  class space    used 1992K, committed 2112K, reserved 1048576K
}
Event: 10.696 GC heap before
{Heap before GC invocations=4 (full 0):
 garbage-first heap   total 126976K, used 87753K [0x0000000084a00000, 0x0000000100000000)
  region size 1024K, 74 young (75776K), 4 survivors (4096K)
 Metaspace       used 21031K, committed 21312K, reserved 1114112K
  class space    used 2505K, committed 2624K, reserved 1048576K
}
Event: 10.709 GC heap after
{Heap after GC invocations=5 (full 0):
 garbage-first heap   total 126976K, used 20107K [0x0000000084a00000, 0x0000000100000000)
  region size 1024K, 8 young (8192K), 8 survivors (8192K)
 Metaspace       used 21031K, committed 21312K, reserved 1114112K
  class space    used 2505K, committed 2624K, reserved 1048576K
}
Event: 10.937 GC heap before
{Heap before GC invocations=5 (full 0):
 garbage-first heap   total 126976K, used 27275K [0x0000000084a00000, 0x0000000100000000)
  region size 1024K, 16 young (16384K), 8 survivors (8192K)
 Metaspace       used 21300K, committed 21504K, reserved 1114112K
  class space    used 2521K, committed 2624K, reserved 1048576K
}
Event: 10.950 GC heap after
{Heap after GC invocations=6 (full 0):
 garbage-first heap   total 126976K, used 20978K [0x0000000084a00000, 0x0000000100000000)
  region size 1024K, 5 young (5120K), 5 survivors (5120K)
 Metaspace       used 21300K, committed 21504K, reserved 1114112K
  class space    used 2521K, committed 2624K, reserved 1048576K
}
Event: 12.484 GC heap before
{Heap before GC invocations=7 (full 0):
 garbage-first heap   total 75776K, used 62962K [0x0000000084a00000, 0x0000000100000000)
  region size 1024K, 42 young (43008K), 5 survivors (5120K)
 Metaspace       used 29263K, committed 29568K, reserved 1114112K
  class space    used 3468K, committed 3584K, reserved 1048576K
}
Event: 12.507 GC heap after
{Heap after GC invocations=8 (full 0):
 garbage-first heap   total 81920K, used 36963K [0x0000000084a00000, 0x0000000100000000)
  region size 1024K, 6 young (6144K), 6 survivors (6144K)
 Metaspace       used 29263K, committed 29568K, reserved 1114112K
  class space    used 3468K, committed 3584K, reserved 1048576K
}
Event: 12.512 GC heap before
{Heap before GC invocations=8 (full 0):
 garbage-first heap   total 81920K, used 39011K [0x0000000084a00000, 0x0000000100000000)
  region size 1024K, 7 young (7168K), 6 survivors (6144K)
 Metaspace       used 29265K, committed 29568K, reserved 1114112K
  class space    used 3468K, committed 3584K, reserved 1048576K
}
Event: 12.524 GC heap after
{Heap after GC invocations=9 (full 0):
 garbage-first heap   total 81920K, used 39424K [0x0000000084a00000, 0x0000000100000000)
  region size 1024K, 1 young (1024K), 1 survivors (1024K)
 Metaspace       used 29265K, committed 29568K, reserved 1114112K
  class space    used 3468K, committed 3584K, reserved 1048576K
}
Event: 12.777 GC heap before
{Heap before GC invocations=9 (full 0):
 garbage-first heap   total 81920K, used 58880K [0x0000000084a00000, 0x0000000100000000)
  region size 1024K, 21 young (21504K), 1 survivors (1024K)
 Metaspace       used 29787K, committed 30080K, reserved 1114112K
  class space    used 3532K, committed 3648K, reserved 1048576K
}
Event: 12.786 GC heap after
{Heap after GC invocations=10 (full 0):
 garbage-first heap   total 81920K, used 44544K [0x0000000084a00000, 0x0000000100000000)
  region size 1024K, 3 young (3072K), 3 survivors (3072K)
 Metaspace       used 29787K, committed 30080K, reserved 1114112K
  class space    used 3532K, committed 3648K, reserved 1048576K
}
Event: 13.117 GC heap before
{Heap before GC invocations=11 (full 0):
 garbage-first heap   total 81920K, used 60928K [0x0000000084a00000, 0x0000000100000000)
  region size 1024K, 19 young (19456K), 3 survivors (3072K)
 Metaspace       used 30472K, committed 30784K, reserved 1114112K
  class space    used 3592K, committed 3712K, reserved 1048576K
}
Event: 13.128 GC heap after
{Heap after GC invocations=12 (full 0):
 garbage-first heap   total 81920K, used 48018K [0x0000000084a00000, 0x0000000100000000)
  region size 1024K, 3 young (3072K), 3 survivors (3072K)
 Metaspace       used 30472K, committed 30784K, reserved 1114112K
  class space    used 3592K, committed 3712K, reserved 1048576K
}
Event: 13.532 GC heap before
{Heap before GC invocations=12 (full 0):
 garbage-first heap   total 81920K, used 62354K [0x0000000084a00000, 0x0000000100000000)
  region size 1024K, 18 young (18432K), 3 survivors (3072K)
 Metaspace       used 31173K, committed 31488K, reserved 1114112K
  class space    used 3678K, committed 3840K, reserved 1048576K
}
Event: 13.538 GC heap after
{Heap after GC invocations=13 (full 0):
 garbage-first heap   total 197632K, used 48501K [0x0000000084a00000, 0x0000000100000000)
  region size 1024K, 1 young (1024K), 1 survivors (1024K)
 Metaspace       used 31173K, committed 31488K, reserved 1114112K
  class space    used 3678K, committed 3840K, reserved 1048576K
}

Dll operation events (8 events):
Event: 0.017 Loaded shared library C:\Program Files\Zulu\zulu-17\bin\java.dll
Event: 0.101 Loaded shared library C:\Program Files\Zulu\zulu-17\bin\jsvml.dll
Event: 0.183 Loaded shared library C:\Program Files\Zulu\zulu-17\bin\net.dll
Event: 0.185 Loaded shared library C:\Program Files\Zulu\zulu-17\bin\nio.dll
Event: 0.191 Loaded shared library C:\Program Files\Zulu\zulu-17\bin\zip.dll
Event: 0.464 Loaded shared library C:\Users\ACER\Downloads\apache-maven-3.9.9-bin\apache-maven-3.9.9\lib\jansi-native\Windows\x86_64\jansi.dll
Event: 0.465 Loaded shared library C:\Program Files\Zulu\zulu-17\bin\jimage.dll
Event: 0.487 Loaded shared library C:\Program Files\Zulu\zulu-17\bin\verify.dll

Deoptimization events (20 events):
Event: 13.985 Thread 0x00000210eef0df90 DEOPT PACKING pc=0x0000021087f30ff0 sp=0x000000e3207fc270
Event: 13.985 Thread 0x00000210eef0df90 DEOPT UNPACKING pc=0x00000210874a69a3 sp=0x000000e3207fc230 mode 2
Event: 13.985 Thread 0x00000210eef0df90 Uncommon trap: trap_request=0xffffff45 fr.pc=0x0000021087f2cff8 relative=0x00000000000008b8
Event: 13.985 Thread 0x00000210eef0df90 Uncommon trap: reason=unstable_if action=reinterpret pc=0x0000021087f2cff8 method=lombok.launch.PackageShader.apply([B)Z @ 190 c2
Event: 13.985 Thread 0x00000210eef0df90 DEOPT PACKING pc=0x0000021087f2cff8 sp=0x000000e3207fc2b0
Event: 13.985 Thread 0x00000210eef0df90 DEOPT UNPACKING pc=0x00000210874a69a3 sp=0x000000e3207fc230 mode 2
Event: 13.988 Thread 0x00000210eef0df90 DEOPT PACKING pc=0x0000021080da4759 sp=0x000000e3207f8900
Event: 13.988 Thread 0x00000210eef0df90 DEOPT UNPACKING pc=0x00000210874a7143 sp=0x000000e3207f7df8 mode 0
Event: 14.076 Thread 0x00000210eef0df90 Uncommon trap: trap_request=0xffffffde fr.pc=0x0000021087f65494 relative=0x0000000000000b34
Event: 14.076 Thread 0x00000210eef0df90 Uncommon trap: reason=class_check action=maybe_recompile pc=0x0000021087f65494 method=java.util.HashMap.removeNode(ILjava/lang/Object;Ljava/lang/Object;ZZ)Ljava/util/HashMap$Node; @ 68 c2
Event: 14.076 Thread 0x00000210eef0df90 DEOPT PACKING pc=0x0000021087f65494 sp=0x000000e3207fb910
Event: 14.076 Thread 0x00000210eef0df90 DEOPT UNPACKING pc=0x00000210874a69a3 sp=0x000000e3207fb8a8 mode 2
Event: 14.120 Thread 0x00000210eef0df90 Uncommon trap: trap_request=0xffffff45 fr.pc=0x0000021087f278d0 relative=0x0000000000002c90
Event: 14.120 Thread 0x00000210eef0df90 Uncommon trap: reason=unstable_if action=reinterpret pc=0x0000021087f278d0 method=com.sun.tools.javac.jvm.ClassReader.sigToType()Lcom/sun/tools/javac/code/Type; @ 10 c2
Event: 14.120 Thread 0x00000210eef0df90 DEOPT PACKING pc=0x0000021087f278d0 sp=0x000000e3207fb220
Event: 14.120 Thread 0x00000210eef0df90 DEOPT UNPACKING pc=0x00000210874a69a3 sp=0x000000e3207fb1e0 mode 2
Event: 14.353 Thread 0x00000210eef0df90 Uncommon trap: trap_request=0xffffffc6 fr.pc=0x0000021087f616f0 relative=0x0000000000001450
Event: 14.353 Thread 0x00000210eef0df90 Uncommon trap: reason=bimorphic_or_optimized_type_check action=maybe_recompile pc=0x0000021087f616f0 method=java.util.HashMap.computeIfAbsent(Ljava/lang/Object;Ljava/util/function/Function;)Ljava/lang/Object; @ 142 c2
Event: 14.353 Thread 0x00000210eef0df90 DEOPT PACKING pc=0x0000021087f616f0 sp=0x000000e3207fc070
Event: 14.353 Thread 0x00000210eef0df90 DEOPT UNPACKING pc=0x00000210874a69a3 sp=0x000000e3207fc038 mode 2

Classes loaded (20 events):
Event: 13.678 Loading class java/util/IdentityHashMap$EntryIterator$Entry
Event: 13.678 Loading class java/util/IdentityHashMap$EntryIterator$Entry done
Event: 13.961 Loading class java/util/function/ToIntBiFunction
Event: 13.961 Loading class java/util/function/ToIntBiFunction done
Event: 13.971 Loading class java/nio/file/Path$1
Event: 13.972 Loading class java/nio/file/Path$1 done
Event: 14.021 Loading class java/util/EnumMap$EntrySet
Event: 14.022 Loading class java/util/EnumMap$EntrySet done
Event: 14.022 Loading class java/util/EnumMap$EntryIterator
Event: 14.022 Loading class java/util/EnumMap$EnumMapIterator
Event: 14.022 Loading class java/util/EnumMap$EnumMapIterator done
Event: 14.022 Loading class java/util/EnumMap$EntryIterator done
Event: 14.022 Loading class java/util/EnumMap$EntryIterator$Entry
Event: 14.022 Loading class java/util/EnumMap$EntryIterator$Entry done
Event: 14.367 Loading class java/util/EnumMap$Values
Event: 14.367 Loading class java/util/EnumMap$Values done
Event: 14.368 Loading class java/util/EnumMap$ValueIterator
Event: 14.368 Loading class java/util/EnumMap$ValueIterator done
Event: 14.371 Loading class java/util/WeakHashMap$KeyIterator
Event: 14.371 Loading class java/util/WeakHashMap$KeyIterator done

Classes unloaded (0 events):
No events

Classes redefined (0 events):
No events

Internal exceptions (20 events):
Event: 14.256 Thread 0x00000210eef0df90 Exception <a 'sun/nio/fs/WindowsException'{0x000000008cdbce58}> (0x000000008cdbce58) 
thrown [s\src\hotspot\share\prims\jni.cpp, line 516]
Event: 14.256 Thread 0x00000210eef0df90 Exception <a 'sun/nio/fs/WindowsException'{0x000000008cdbd128}> (0x000000008cdbd128) 
thrown [s\src\hotspot\share\prims\jni.cpp, line 516]
Event: 14.257 Thread 0x00000210eef0df90 Exception <a 'sun/nio/fs/WindowsException'{0x000000008cdf3678}> (0x000000008cdf3678) 
thrown [s\src\hotspot\share\prims\jni.cpp, line 516]
Event: 14.257 Thread 0x00000210eef0df90 Exception <a 'sun/nio/fs/WindowsException'{0x000000008cdf3998}> (0x000000008cdf3998) 
thrown [s\src\hotspot\share\prims\jni.cpp, line 516]
Event: 14.257 Thread 0x00000210eef0df90 Exception <a 'sun/nio/fs/WindowsException'{0x000000008cdf53a8}> (0x000000008cdf53a8) 
thrown [s\src\hotspot\share\prims\jni.cpp, line 516]
Event: 14.257 Thread 0x00000210eef0df90 Exception <a 'sun/nio/fs/WindowsException'{0x000000008cdf5750}> (0x000000008cdf5750) 
thrown [s\src\hotspot\share\prims\jni.cpp, line 516]
Event: 14.333 Thread 0x00000210eef0df90 Exception <a 'sun/nio/fs/WindowsException'{0x000000008ca4c778}> (0x000000008ca4c778) 
thrown [s\src\hotspot\share\prims\jni.cpp, line 516]
Event: 14.333 Thread 0x00000210eef0df90 Exception <a 'sun/nio/fs/WindowsException'{0x000000008ca4ce20}> (0x000000008ca4ce20) 
thrown [s\src\hotspot\share\prims\jni.cpp, line 516]
Event: 14.333 Thread 0x00000210eef0df90 Exception <a 'sun/nio/fs/WindowsException'{0x000000008ca4d658}> (0x000000008ca4d658) 
thrown [s\src\hotspot\share\prims\jni.cpp, line 516]
Event: 14.333 Thread 0x00000210eef0df90 Exception <a 'sun/nio/fs/WindowsException'{0x000000008ca4dda0}> (0x000000008ca4dda0) 
thrown [s\src\hotspot\share\prims\jni.cpp, line 516]
Event: 14.342 Thread 0x00000210eef0df90 Exception <a 'sun/nio/fs/WindowsException'{0x000000008ca67d78}> (0x000000008ca67d78) 
thrown [s\src\hotspot\share\prims\jni.cpp, line 516]
Event: 14.342 Thread 0x00000210eef0df90 Exception <a 'sun/nio/fs/WindowsException'{0x000000008ca68430}> (0x000000008ca68430) 
thrown [s\src\hotspot\share\prims\jni.cpp, line 516]
Event: 14.343 Thread 0x00000210eef0df90 Exception <a 'sun/nio/fs/WindowsException'{0x000000008ca68cc0}> (0x000000008ca68cc0) 
thrown [s\src\hotspot\share\prims\jni.cpp, line 516]
Event: 14.359 Thread 0x00000210eef0df90 Exception <a 'sun/nio/fs/WindowsException'{0x000000008caa07c8}> (0x000000008caa07c8) 
thrown [s\src\hotspot\share\prims\jni.cpp, line 516]
Event: 14.360 Thread 0x00000210eef0df90 Exception <a 'sun/nio/fs/WindowsException'{0x000000008caa0e70}> (0x000000008caa0e70) 
thrown [s\src\hotspot\share\prims\jni.cpp, line 516]
Event: 14.360 Thread 0x00000210eef0df90 Exception <a 'sun/nio/fs/WindowsException'{0x000000008caa16a8}> (0x000000008caa16a8) 
thrown [s\src\hotspot\share\prims\jni.cpp, line 516]
Event: 14.364 Thread 0x00000210eef0df90 Exception <a 'sun/nio/fs/WindowsException'{0x000000008cab6368}> (0x000000008cab6368) 
thrown [s\src\hotspot\share\prims\jni.cpp, line 516]
Event: 14.365 Thread 0x00000210eef0df90 Exception <a 'sun/nio/fs/WindowsException'{0x000000008cab6a08}> (0x000000008cab6a08) 
thrown [s\src\hotspot\share\prims\jni.cpp, line 516]
Event: 14.365 Thread 0x00000210eef0df90 Exception <a 'sun/nio/fs/WindowsException'{0x000000008cab71f0}> (0x000000008cab71f0) 
thrown [s\src\hotspot\share\prims\jni.cpp, line 516]
Event: 14.365 Thread 0x00000210eef0df90 Exception <a 'sun/nio/fs/WindowsException'{0x000000008cab7928}> (0x000000008cab7928) 
thrown [s\src\hotspot\share\prims\jni.cpp, line 516]

VM Operations (20 events):
Event: 12.958 Executing VM operation: HandshakeAllThreads
Event: 12.958 Executing VM operation: HandshakeAllThreads done
Event: 13.117 Executing VM operation: G1CollectForAllocation
Event: 13.128 Executing VM operation: G1CollectForAllocation done
Event: 13.532 Executing VM operation: G1CollectForAllocation
Event: 13.538 Executing VM operation: G1CollectForAllocation done
Event: 13.562 Executing VM operation: G1PauseRemark
Event: 13.569 Executing VM operation: G1PauseRemark done
Event: 13.582 Executing VM operation: G1PauseCleanup
Event: 13.582 Executing VM operation: G1PauseCleanup done
Event: 13.923 Executing VM operation: ICBufferFull
Event: 13.924 Executing VM operation: ICBufferFull done
Event: 13.928 Executing VM operation: HandshakeAllThreads
Event: 13.928 Executing VM operation: HandshakeAllThreads done
Event: 13.932 Executing VM operation: HandshakeAllThreads
Event: 13.932 Executing VM operation: HandshakeAllThreads done
Event: 13.980 Executing VM operation: HandshakeAllThreads
Event: 13.980 Executing VM operation: HandshakeAllThreads done
Event: 14.185 Executing VM operation: ICBufferFull
Event: 14.185 Executing VM operation: ICBufferFull done

Events (20 events):
Event: 11.072 Thread 0x00000210ff160060 flushing nmethod 0x0000021080902190
Event: 11.072 Thread 0x00000210ff160060 flushing nmethod 0x0000021080902810
Event: 11.072 Thread 0x00000210ff160060 flushing nmethod 0x0000021080902e90
Event: 11.072 Thread 0x00000210ff160060 flushing nmethod 0x0000021080907610
Event: 11.072 Thread 0x00000210ff160060 flushing nmethod 0x000002108090bc10
Event: 11.072 Thread 0x00000210ff160060 flushing nmethod 0x000002108090cb10
Event: 11.072 Thread 0x00000210ff160060 flushing nmethod 0x000002108092d510
Event: 11.072 Thread 0x00000210ff160060 flushing nmethod 0x000002108095a310
Event: 11.072 Thread 0x00000210ff160060 flushing nmethod 0x0000021080960a90
Event: 11.073 Thread 0x00000210ff160060 flushing nmethod 0x0000021080977790
Event: 11.073 Thread 0x00000210ff160060 flushing nmethod 0x000002108099ba10
Event: 11.074 Thread 0x00000210ff160060 flushing nmethod 0x0000021080b78390
Event: 11.074 Thread 0x00000210ff160060 flushing nmethod 0x0000021080b9d090
Event: 11.267 Thread 0x00000210d66fb350 Thread exited: 0x00000210d66fb350
Event: 11.439 Thread 0x00000210d66fb350 Thread added: 0x00000210d66fb350
Event: 11.671 Thread 0x00000210d66fb350 Thread exited: 0x00000210d66fb350
Event: 11.684 Thread 0x00000210d66f8e20 Thread exited: 0x00000210d66f8e20
Event: 11.817 Thread 0x00000210d66fb350 Thread added: 0x00000210d66fb350
Event: 11.946 Thread 0x00000210d66fb8a0 Thread added: 0x00000210d66fb8a0
Event: 12.072 Thread 0x00000210d66f98c0 Thread added: 0x00000210d66f98c0


Dynamic libraries:
0x00007ff60cd60000 - 0x00007ff60cd6e000 	C:\Program Files\Zulu\zulu-17\bin\java.exe
0x00007ffed2780000 - 0x00007ffed29e0000 	C:\WINDOWS\SYSTEM32\ntdll.dll
0x00007ffed1af0000 - 0x00007ffed1bb7000 	C:\WINDOWS\System32\KERNEL32.DLL
0x00007ffecfbd0000 - 0x00007ffecff9a000 	C:\WINDOWS\System32\KERNELBASE.dll
0x00007ffed0170000 - 0x00007ffed02bb000 	C:\WINDOWS\System32\ucrtbase.dll
0x00007ffe6b020000 - 0x00007ffe6b03b000 	C:\Program Files\Zulu\zulu-17\bin\VCRUNTIME140.dll
0x00007ffe6b040000 - 0x00007ffe6b059000 	C:\Program Files\Zulu\zulu-17\bin\jli.dll
0x00007ffed0580000 - 0x00007ffed074c000 	C:\WINDOWS\System32\USER32.dll
0x00007ffeb35e0000 - 0x00007ffeb3877000 	C:\WINDOWS\WinSxS\amd64_microsoft.windows.common-controls_6595b64144ccf1df_6.0.26100.3624_none_3e086962e3345f24\COMCTL32.dll
0x00007ffecf960000 - 0x00007ffecf987000 	C:\WINDOWS\System32\win32u.dll
0x00007ffed19f0000 - 0x00007ffed1a1a000 	C:\WINDOWS\System32\GDI32.dll
0x00007ffed1cc0000 - 0x00007ffed1d69000 	C:\WINDOWS\System32\msvcrt.dll
0x00007ffecffa0000 - 0x00007ffed00d1000 	C:\WINDOWS\System32\gdi32full.dll
0x00007ffed02c0000 - 0x00007ffed0363000 	C:\WINDOWS\System32\msvcp_win.dll
0x00007ffed0c30000 - 0x00007ffed0c5f000 	C:\WINDOWS\System32\IMM32.DLL
0x00007ffe982c0000 - 0x00007ffe982cc000 	C:\Program Files\Zulu\zulu-17\bin\vcruntime140_1.dll
0x00007ffe65f10000 - 0x00007ffe65f9d000 	C:\Program Files\Zulu\zulu-17\bin\msvcp140.dll
0x00007ffde9ff0000 - 0x00007ffdeac60000 	C:\Program Files\Zulu\zulu-17\bin\server\jvm.dll
0x00007ffed14a0000 - 0x00007ffed1552000 	C:\WINDOWS\System32\ADVAPI32.dll
0x00007ffed1a40000 - 0x00007ffed1ae6000 	C:\WINDOWS\System32\sechost.dll
0x00007ffed0ae0000 - 0x00007ffed0bf6000 	C:\WINDOWS\System32\RPCRT4.dll
0x00007ffed1c40000 - 0x00007ffed1cb4000 	C:\WINDOWS\System32\WS2_32.dll
0x00007ffec8de0000 - 0x00007ffec8deb000 	C:\WINDOWS\SYSTEM32\VERSION.dll
0x00007ffece5d0000 - 0x00007ffece62e000 	C:\WINDOWS\SYSTEM32\POWRPROF.dll
0x00007ffec3800000 - 0x00007ffec3836000 	C:\WINDOWS\SYSTEM32\WINMM.dll
0x00007ffece5b0000 - 0x00007ffece5c4000 	C:\WINDOWS\SYSTEM32\UMPDC.dll
0x00007ffece890000 - 0x00007ffece8aa000 	C:\WINDOWS\SYSTEM32\kernel.appcore.dll
0x00007ffe95040000 - 0x00007ffe9504a000 	C:\Program Files\Zulu\zulu-17\bin\jimage.dll
0x00007ffecd070000 - 0x00007ffecd2b1000 	C:\WINDOWS\SYSTEM32\DBGHELP.DLL
0x00007ffed0750000 - 0x00007ffed0ad2000 	C:\WINDOWS\System32\combase.dll
0x00007ffed2660000 - 0x00007ffed2736000 	C:\WINDOWS\System32\OLEAUT32.dll
0x00007ffeb23f0000 - 0x00007ffeb2429000 	C:\WINDOWS\SYSTEM32\dbgcore.DLL
0x00007ffed0370000 - 0x00007ffed0409000 	C:\WINDOWS\System32\bcryptPrimitives.dll
0x00007ffe6aff0000 - 0x00007ffe6b015000 	C:\Program Files\Zulu\zulu-17\bin\java.dll
0x00007ffe5fcb0000 - 0x00007ffe5fd87000 	C:\Program Files\Zulu\zulu-17\bin\jsvml.dll
0x00007ffed1f20000 - 0x00007ffed2649000 	C:\WINDOWS\System32\SHELL32.dll
0x00007ffed0410000 - 0x00007ffed0578000 	C:\WINDOWS\System32\wintypes.dll
0x00007ffecd620000 - 0x00007ffecde72000 	C:\WINDOWS\SYSTEM32\windows.storage.dll
0x00007ffed0fb0000 - 0x00007ffed109d000 	C:\WINDOWS\System32\SHCORE.dll
0x00007ffed1e00000 - 0x00007ffed1e64000 	C:\WINDOWS\System32\shlwapi.dll
0x00007ffecf870000 - 0x00007ffecf89f000 	C:\WINDOWS\SYSTEM32\profapi.dll
0x00007ffe667a0000 - 0x00007ffe667b9000 	C:\Program Files\Zulu\zulu-17\bin\net.dll
0x00007ffec83c0000 - 0x00007ffec84dd000 	C:\WINDOWS\SYSTEM32\WINHTTP.dll
0x00007ffecedb0000 - 0x00007ffecee1a000 	C:\WINDOWS\system32\mswsock.dll
0x00007ffe66780000 - 0x00007ffe66796000 	C:\Program Files\Zulu\zulu-17\bin\nio.dll
0x00007ffe66760000 - 0x00007ffe66778000 	C:\Program Files\Zulu\zulu-17\bin\zip.dll
0x00007ffe66220000 - 0x00007ffe66244000 	C:\Users\ACER\Downloads\apache-maven-3.9.9-bin\apache-maven-3.9.9\lib\jansi-native\Windows\x86_64\jansi.dll
0x00007ffe912a0000 - 0x00007ffe912b0000 	C:\Program Files\Zulu\zulu-17\bin\verify.dll
0x00007ffece9b0000 - 0x00007ffece9e5000 	C:\WINDOWS\SYSTEM32\ntmarta.dll

dbghelp: loaded successfully - version: 4.0.5 - missing functions: none
symbol engine: initialized successfully - sym options: 0x614 - pdb path: .;C:\Program Files\Zulu\zulu-17\bin;C:\WINDOWS\SYSTEM32;C:\WINDOWS\WinSxS\amd64_microsoft.windows.common-controls_6595b64144ccf1df_6.0.26100.3624_none_3e086962e3345f24;C:\Program Files\Zulu\zulu-17\bin\server;C:\Users\ACER\Downloads\apache-maven-3.9.9-bin\apache-maven-3.9.9\lib\jansi-native\Windows\x86_64

VM Arguments:
jvm_args: -Dclassworlds.conf=C:\Users\ACER\Downloads\apache-maven-3.9.9-bin\apache-maven-3.9.9\bin\m2.conf -Dmaven.home=C:\Users\ACER\Downloads\apache-maven-3.9.9-bin\apache-maven-3.9.9 -Dlibrary.jansi.path=C:\Users\ACER\Downloads\apache-maven-3.9.9-bin\apache-maven-3.9.9\lib\jansi-native -Dmaven.multiModuleProjectDirectory=C:\Users\ACER\VisualStudioCodeProject\demo 
java_command: org.codehaus.plexus.classworlds.launcher.Launcher clean install
java_class_path (initial): C:\Users\ACER\Downloads\apache-maven-3.9.9-bin\apache-maven-3.9.9\boot\plexus-classworlds-2.8.0.jar
Launcher Type: SUN_STANDARD

[Global flags]
     intx CICompilerCount                          = 12                                        {product} {ergonomic}
     uint ConcGCThreads                            = 3                                         {product} {ergonomic}
     uint G1ConcRefinementThreads                  = 13                                        {product} {ergonomic}
   size_t G1HeapRegionSize                         = 1048576                                   {product} {ergonomic}
    uintx GCDrainStackTargetSize                   = 64                                        {product} {ergonomic}
   size_t InitialHeapSize                          = 130023424                                 {product} {ergonomic}
   size_t MarkStackSize                            = 4194304                                   {product} {ergonomic}
   size_t MaxHeapSize                              = 2069889024                                {product} {ergonomic}
   size_t MaxNewSize                               = 1241513984                                {product} {ergonomic}
   size_t MinHeapDeltaBytes                        = 1048576                                   {product} {ergonomic}
   size_t MinHeapSize                              = 8388608                                   {product} {ergonomic}
    uintx NonNMethodCodeHeapSize                   = 7602480                                {pd product} {ergonomic}
    uintx NonProfiledCodeHeapSize                  = 122027880                              {pd product} {ergonomic}
    uintx ProfiledCodeHeapSize                     = 122027880                              {pd product} {ergonomic}
    uintx ReservedCodeCacheSize                    = 251658240                              {pd product} {ergonomic}
     bool SegmentedCodeCache                       = true                                      {product} {ergonomic}
   size_t SoftMaxHeapSize                          = 2069889024                             {manageable} {ergonomic}
     bool UseCompressedClassPointers               = true                           {product lp64_product} {ergonomic}
     bool UseCompressedOops                        = true                           {product lp64_product} {ergonomic}
     bool UseG1GC                                  = true                                      {product} {ergonomic}
     bool UseLargePagesIndividualAllocation        = false                                  {pd product} {ergonomic}

Logging:
Log output configuration:
 #0: stdout all=warning uptime,level,tags
 #1: stderr all=off uptime,level,tags

Environment Variables:
JAVA_HOME=C:\Program Files\Zulu\zulu-17
PATH=C:\Users\ACER\.pyenv\pyenv-win\bin;C:\Python313\Scripts\;C:\Python313\;C:\Program Files\Zulu\zulu-17\bin\;"C:\Program Files (x86)\Common Files\Oracle\Java\C:\Program Files\java\jdk1.8.0_271\bin;C:\Program Files\java\jre1.8.0_271\bin";C:\Program Files\Common Files\Oracle\Java\javapath;C:\Program Files (x86)\Common Files\Oracle\Java\java8path;C:\Program Files (x86)\Common Files\Oracle\Java\javapath;C:\Windows\system32;C:\Windows;C:\Windows\System32\Wbem;C:\Windows\System32\WindowsPowerShell\v1.0\;C:\Windows\System32\OpenSSH\;C:\Program Files (x86)\NVIDIA Corporation\PhysX\Common;C:\Program Files\NVIDIA Corporation\NVIDIA NvDLISR;C:\Program Files\MySQL\MySQL Server 8.0\bin;C:\Program Files\Git\cmd;C:\WINDOWS\system32;C:\WINDOWS;C:\WINDOWS\System32\Wbem;C:\WINDOWS\System32\WindowsPowerShell\v1.0\;C:\WINDOWS\System32\OpenSSH\;C:\Users\ACER\Downloads\apache-maven-3.9.9-bin\apache-maven-3.9.9\bin;C:\Program Files (x86)\Microsoft Visual Studio\2022\BuildTools\VC\Tools\MSVC\14.42.34433\bin\Hostx64\x64;C:\ProgramData\chocolatey\bin;C:\Program Files\nodejs\;C:\chromedriver\chromedriver-win64\chromedriver.exe;C:\Program Files\MySQL\MySQL Shell 8.0\bin\;C:\Users\ACER\AppData\Local\Programs\Python\Python311\Scripts\;C:\Users\ACER\AppData\Local\Programs\Python\Launcher\;C:\Program Files\JetBrains\IntelliJ IDEA Community Edition 2024.2.1\bin;;C:\Users\ACER\AppData\Local\Programs\Microsoft VS Code\bin;C:\Users\ACER\.pyenv\pyenv-win-master\pyenv-win\bin;C:\Users\ACER\.pyenv\pyenv-win-master\pyenv-win\shims;C:\Users\ACER\AppData\Roaming\npm
USERNAME=ACER
LANG=en_US.UTF-8
OS=Windows_NT
PROCESSOR_IDENTIFIER=Intel64 Family 6 Model 186 Stepping 2, GenuineIntel
TMP=C:\Users\ACER\AppData\Local\Temp
TEMP=C:\Users\ACER\AppData\Local\Temp



Periodic native trim disabled


---------------  S Y S T E M  ---------------

OS:
 Windows 11 , 64 bit Build 26100 (10.0.26100.3775)
OS uptime: 1 days 11:17 hours
Hyper-V role detected

CPU: total 16 (initial active 16) (8 cores per cpu, 2 threads per core) family 6 model 186 stepping 2 microcode 0x4112, cx8, cmov, fxsr, ht, mmx, 3dnowpref, sse, sse2, sse3, ssse3, sse4.1, sse4.2, popcnt, lzcnt, tsc, tscinvbit, avx, avx2, aes, erms, clmul, bmi1, bmi2, adx, sha, fma, vzeroupper, clflush, clflushopt, clwb, hv
Processor Information for processor 0
  Max Mhz: 2400, Current Mhz: 2400, Mhz Limit: 2400
Processor Information for processor 1
  Max Mhz: 2400, Current Mhz: 2400, Mhz Limit: 2400
Processor Information for processor 2
  Max Mhz: 2400, Current Mhz: 2400, Mhz Limit: 2400
Processor Information for processor 3
  Max Mhz: 2400, Current Mhz: 2400, Mhz Limit: 2400
Processor Information for processor 4
  Max Mhz: 2400, Current Mhz: 2400, Mhz Limit: 2400
Processor Information for processor 5
  Max Mhz: 2400, Current Mhz: 2400, Mhz Limit: 2400
Processor Information for processor 6
  Max Mhz: 2400, Current Mhz: 2400, Mhz Limit: 2400
Processor Information for processor 7
  Max Mhz: 2400, Current Mhz: 2400, Mhz Limit: 2400
Processor Information for processor 8
  Max Mhz: 2400, Current Mhz: 2400, Mhz Limit: 2400
Processor Information for processor 9
  Max Mhz: 2400, Current Mhz: 1520, Mhz Limit: 2400
Processor Information for processor 10
  Max Mhz: 2400, Current Mhz: 2400, Mhz Limit: 2400
Processor Information for processor 11
  Max Mhz: 2400, Current Mhz: 2400, Mhz Limit: 2400
Processor Information for processor 12
  Max Mhz: 2400, Current Mhz: 1500, Mhz Limit: 1800
Processor Information for processor 13
  Max Mhz: 2400, Current Mhz: 1500, Mhz Limit: 1800
Processor Information for processor 14
  Max Mhz: 2400, Current Mhz: 1500, Mhz Limit: 1800
Processor Information for processor 15
  Max Mhz: 2400, Current Mhz: 1500, Mhz Limit: 1800

Memory: 4k page, system-wide physical 7895M (491M free)
TotalPageFile size 32471M (AvailPageFile size 116M)
current process WorkingSet (physical memory assigned to process): 326M, peak: 326M
current process commit charge ("private bytes"): 440M, peak: 442M

vm_info: OpenJDK 64-Bit Server VM (17.0.12+7-LTS) for windows-amd64 JRE (17.0.12+7-LTS) (Zulu17.52+17-CA), built on Jul  9 2024 22:21:07 by "zulu_re" with MS VC++ 16.10 / 16.11 (VS2019)

END.
