#
# There is insufficient memory for the Java Runtime Environment to continue.
# Native memory allocation (malloc) failed to allocate 2013616 bytes. Error detail: Chunk::new
# Possible reasons:
#   The system is out of physical RAM or swap space
#   This process is running with CompressedOops enabled, and the Java Heap may be blocking the growth of the native heap
# Possible solutions:
#   Reduce memory load on the system
#   Increase physical memory or swap space
#   Check if swap backing store is full
#   Decrease Java heap size (-Xmx/-Xms)
#   Decrease number of Java threads
#   Decrease Java thread stack sizes (-Xss)
#   Set larger code cache with -XX:ReservedCodeCacheSize=
#   JVM is running with Unscaled Compressed Oops mode in which the Java heap is
#     placed in the first 4GB address space. The Java Heap base address is the
#     maximum limit for the native heap growth. Please use -XX:HeapBaseMinAddress
#     to set the Java Heap base and to place the Java Heap above 4GB virtual address.
# This output file may be truncated or incomplete.
#
#  Out of Memory Error (arena.cpp:168), pid=51936, tid=44568
#
# JRE version: OpenJDK Runtime Environment Temurin-21.0.6+7 (21.0.6+7) (build 21.0.6+7-LTS)
# Java VM: OpenJDK 64-Bit Server VM Temurin-21.0.6+7 (21.0.6+7-LTS, mixed mode, sharing, tiered, compressed oops, compressed class ptrs, parallel gc, windows-amd64)
# No core dump will be written. Minidumps are not enabled by default on client versions of Windows
#

---------------  S U M M A R Y ------------

Command Line: --add-modules=ALL-SYSTEM --add-opens=java.base/java.util=ALL-UNNAMED --add-opens=java.base/java.lang=ALL-UNNAMED --add-opens=java.base/sun.nio.fs=ALL-UNNAMED -Declipse.application=org.eclipse.jdt.ls.core.id1 -Dosgi.bundles.defaultStartLevel=4 -Declipse.product=org.eclipse.jdt.ls.core.product -Djava.import.generatesMetadataFilesAtProjectRoot=false -DDetectVMInstallationsJob.disabled=true -Dfile.encoding=utf8 -XX:+UseParallelGC -XX:GCTimeRatio=4 -XX:AdaptiveSizePolicyWeight=90 -Dsun.zip.disableMemoryMapping=true -Xmx1G -Xms100m -Xlog:disable -javaagent:c:\Users\ACER\.vscode\extensions\redhat.java-1.41.1-win32-x64\lombok\lombok-1.18.36.jar -XX:+HeapDumpOnOutOfMemoryError -XX:HeapDumpPath=c:\Users\ACER\AppData\Roaming\Code\User\workspaceStorage\c5c08457940705c6c6acc5ba8aad8b10\redhat.java -Daether.dependencyCollector.impl=bf c:\Users\ACER\.vscode\extensions\redhat.java-1.41.1-win32-x64\server\plugins\org.eclipse.equinox.launcher_1.7.0.v20250331-1702.jar -configuration c:\Users\ACER\AppData\Roaming\Code\User\globalStorage\redhat.java\1.41.1\config_win -data c:\Users\ACER\AppData\Roaming\Code\User\workspaceStorage\c5c08457940705c6c6acc5ba8aad8b10\redhat.java\jdt_ws --pipe=\\.\pipe\lsp-955599ce197c73d631401d1be1812946-sock

Host: 13th Gen Intel(R) Core(TM) i7-13620H, 16 cores, 7G,  Windows 11 , 64 bit Build 26100 (10.0.26100.3775)
Time: Tue Apr 15 08:13:25 2025 Malay Peninsula Standard Time elapsed time: 36.098267 seconds (0d 0h 0m 36s)

---------------  T H R E A D  ---------------

Current thread (0x0000020076d4b0a0):  JavaThread "C2 CompilerThread0" daemon [_thread_in_native, id=44568, stack(0x000000a4d2b00000,0x000000a4d2c00000) (1024K)]


Current CompileTask:
C2:36098 7909       4       org.eclipse.jdt.internal.compiler.util.JrtFileSystem$2::visitFile (72 bytes)

Stack: [0x000000a4d2b00000,0x000000a4d2c00000]
Native frames: (J=compiled Java code, j=interpreted, Vv=VM code, C=native code)
V  [jvm.dll+0x6cdee9]
V  [jvm.dll+0x8a83d1]
V  [jvm.dll+0x8aa8fe]
V  [jvm.dll+0x8aafe3]
V  [jvm.dll+0x27f706]
V  [jvm.dll+0xc500d]
V  [jvm.dll+0xc5543]
V  [jvm.dll+0x3b6752]
V  [jvm.dll+0x382935]
V  [jvm.dll+0x381d9a]
V  [jvm.dll+0x2479f0]
V  [jvm.dll+0x246fcf]
V  [jvm.dll+0x1c75ee]
V  [jvm.dll+0x25685a]
V  [jvm.dll+0x254dfa]
V  [jvm.dll+0x3f0256]
V  [jvm.dll+0x851f8b]
V  [jvm.dll+0x6cc5ed]
C  [ucrtbase.dll+0x37b0]
C  [KERNEL32.DLL+0x2e8d7]
C  [ntdll.dll+0xb14fc]


---------------  P R O C E S S  ---------------

Threads class SMR info:
_java_thread_list=0x0000020000307840, length=47, elements={
0x000002001de196d0, 0x000002003456c5a0, 0x000002003456e460, 0x0000020076d401a0,
0x0000020076d40df0, 0x0000020076d43cd0, 0x0000020076d47870, 0x0000020076d4b0a0,
0x0000020076d6d430, 0x0000020076e217f0, 0x00000200770724b0, 0x0000020078b1f0f0,
0x0000020078c0df40, 0x0000020078a6b520, 0x0000020078a6bb80, 0x0000020076f13350,
0x00000200789df700, 0x000002007866b030, 0x000002007866e4b0, 0x000002007866de20,
0x000002007866b6c0, 0x000002007866c3e0, 0x000002007866bd50, 0x000002007866ca70,
0x000002007866d100, 0x000002007866d790, 0x000002007f2c3410, 0x000002007f2c0620,
0x000002007f2c2d80, 0x000002007f2bff90, 0x000002007f2c0cb0, 0x000002007f2c26f0,
0x000002007f2c3aa0, 0x000002007f2c1340, 0x000002007f2c4130, 0x000002007f2c47c0,
0x000002007f2c4e50, 0x000002007f2c19d0, 0x000002007f2c54e0, 0x000002007f2c2060,
0x000002007f2c5b70, 0x000002007f2c6f20, 0x000002007f2c75b0, 0x000002007f2c6200,
0x000002007f2c6890, 0x00000200000fbe10, 0x00000200000f9d40
}

Java Threads: ( => current thread )
  0x000002001de196d0 JavaThread "main"                              [_thread_blocked, id=45696, stack(0x000000a4d2100000,0x000000a4d2200000) (1024K)]
  0x000002003456c5a0 JavaThread "Reference Handler"          daemon [_thread_blocked, id=44628, stack(0x000000a4d2500000,0x000000a4d2600000) (1024K)]
  0x000002003456e460 JavaThread "Finalizer"                  daemon [_thread_blocked, id=17008, stack(0x000000a4d2600000,0x000000a4d2700000) (1024K)]
  0x0000020076d401a0 JavaThread "Signal Dispatcher"          daemon [_thread_blocked, id=41752, stack(0x000000a4d2700000,0x000000a4d2800000) (1024K)]
  0x0000020076d40df0 JavaThread "Attach Listener"            daemon [_thread_blocked, id=44816, stack(0x000000a4d2800000,0x000000a4d2900000) (1024K)]
  0x0000020076d43cd0 JavaThread "Service Thread"             daemon [_thread_blocked, id=41780, stack(0x000000a4d2900000,0x000000a4d2a00000) (1024K)]
  0x0000020076d47870 JavaThread "Monitor Deflation Thread"   daemon [_thread_blocked, id=18768, stack(0x000000a4d2a00000,0x000000a4d2b00000) (1024K)]
=>0x0000020076d4b0a0 JavaThread "C2 CompilerThread0"         daemon [_thread_in_native, id=44568, stack(0x000000a4d2b00000,0x000000a4d2c00000) (1024K)]
  0x0000020076d6d430 JavaThread "C1 CompilerThread0"         daemon [_thread_blocked, id=50356, stack(0x000000a4d2c00000,0x000000a4d2d00000) (1024K)]
  0x0000020076e217f0 JavaThread "Common-Cleaner"             daemon [_thread_blocked, id=48056, stack(0x000000a4d2d00000,0x000000a4d2e00000) (1024K)]
  0x00000200770724b0 JavaThread "Notification Thread"        daemon [_thread_blocked, id=25352, stack(0x000000a4d2e00000,0x000000a4d2f00000) (1024K)]
  0x0000020078b1f0f0 JavaThread "Active Thread: Equinox Container: f0430417-a100-4379-9db0-3f5b75dcb0c5"        [_thread_in_vm, id=45628, stack(0x000000a4d3500000,0x000000a4d3600000) (1024K)]
  0x0000020078c0df40 JavaThread "Refresh Thread: Equinox Container: f0430417-a100-4379-9db0-3f5b75dcb0c5" daemon [_thread_blocked, id=51468, stack(0x000000a4d3700000,0x000000a4d3800000) (1024K)]
  0x0000020078a6b520 JavaThread "Framework Event Dispatcher: Equinox Container: f0430417-a100-4379-9db0-3f5b75dcb0c5" daemon [_thread_blocked, id=39972, stack(0x000000a4d3900000,0x000000a4d3a00000) (1024K)]
  0x0000020078a6bb80 JavaThread "Start Level: Equinox Container: f0430417-a100-4379-9db0-3f5b75dcb0c5" daemon [_thread_blocked, id=30808, stack(0x000000a4d3a00000,0x000000a4d3b00000) (1024K)]
  0x0000020076f13350 JavaThread "Bundle File Closer"         daemon [_thread_blocked, id=24580, stack(0x000000a4d3b00000,0x000000a4d3c00000) (1024K)]
  0x00000200789df700 JavaThread "SCR Component Actor"        daemon [_thread_blocked, id=38796, stack(0x000000a4d3e00000,0x000000a4d3f00000) (1024K)]
  0x000002007866b030 JavaThread "Worker-JM"                         [_thread_blocked, id=35604, stack(0x000000a4d4300000,0x000000a4d4400000) (1024K)]
  0x000002007866e4b0 JavaThread "JNA Cleaner"                daemon [_thread_blocked, id=25748, stack(0x000000a4d4400000,0x000000a4d4500000) (1024K)]
  0x000002007866de20 JavaThread "Worker-0: Building"                [_thread_in_native, id=18844, stack(0x000000a4d3600000,0x000000a4d3700000) (1024K)]
  0x000002007866b6c0 JavaThread "Worker-1"                          [_thread_blocked, id=46544, stack(0x000000a4d4500000,0x000000a4d4600000) (1024K)]
  0x000002007866c3e0 JavaThread "Java indexing"              daemon [_thread_in_vm, id=52200, stack(0x000000a4d4600000,0x000000a4d4700000) (1024K)]
  0x000002007866bd50 JavaThread "Worker-2"                          [_thread_blocked, id=42780, stack(0x000000a4d4700000,0x000000a4d4800000) (1024K)]
  0x000002007866ca70 JavaThread "Worker-3: Java indexing... "        [_thread_blocked, id=27952, stack(0x000000a4d4a00000,0x000000a4d4b00000) (1024K)]
  0x000002007866d100 JavaThread "Worker-4"                          [_thread_blocked, id=12256, stack(0x000000a4d4b00000,0x000000a4d4c00000) (1024K)]
  0x000002007866d790 JavaThread "Thread-2"                   daemon [_thread_in_native, id=42608, stack(0x000000a4d4c00000,0x000000a4d4d00000) (1024K)]
  0x000002007f2c3410 JavaThread "Thread-3"                   daemon [_thread_in_native, id=48800, stack(0x000000a4d4d00000,0x000000a4d4e00000) (1024K)]
  0x000002007f2c0620 JavaThread "Thread-4"                   daemon [_thread_in_native, id=50228, stack(0x000000a4d4e00000,0x000000a4d4f00000) (1024K)]
  0x000002007f2c2d80 JavaThread "Thread-5"                   daemon [_thread_in_native, id=52192, stack(0x000000a4d4f00000,0x000000a4d5000000) (1024K)]
  0x000002007f2bff90 JavaThread "Thread-6"                   daemon [_thread_in_native, id=3284, stack(0x000000a4d5000000,0x000000a4d5100000) (1024K)]
  0x000002007f2c0cb0 JavaThread "Thread-7"                   daemon [_thread_in_native, id=44860, stack(0x000000a4d5100000,0x000000a4d5200000) (1024K)]
  0x000002007f2c26f0 JavaThread "Thread-8"                   daemon [_thread_in_native, id=38476, stack(0x000000a4d5200000,0x000000a4d5300000) (1024K)]
  0x000002007f2c3aa0 JavaThread "Thread-9"                   daemon [_thread_in_native, id=8260, stack(0x000000a4d5300000,0x000000a4d5400000) (1024K)]
  0x000002007f2c1340 JavaThread "Thread-10"                  daemon [_thread_in_native, id=31088, stack(0x000000a4d5400000,0x000000a4d5500000) (1024K)]
  0x000002007f2c4130 JavaThread "Thread-11"                  daemon [_thread_in_native, id=34204, stack(0x000000a4d5500000,0x000000a4d5600000) (1024K)]
  0x000002007f2c47c0 JavaThread "Thread-12"                  daemon [_thread_in_native, id=23376, stack(0x000000a4d5600000,0x000000a4d5700000) (1024K)]
  0x000002007f2c4e50 JavaThread "Thread-13"                  daemon [_thread_in_native, id=46176, stack(0x000000a4d5700000,0x000000a4d5800000) (1024K)]
  0x000002007f2c19d0 JavaThread "Thread-14"                  daemon [_thread_in_native, id=32504, stack(0x000000a4d5800000,0x000000a4d5900000) (1024K)]
  0x000002007f2c54e0 JavaThread "Thread-15"                  daemon [_thread_in_native, id=44348, stack(0x000000a4d5900000,0x000000a4d5a00000) (1024K)]
  0x000002007f2c2060 JavaThread "Thread-16"                  daemon [_thread_in_native, id=39680, stack(0x000000a4d5a00000,0x000000a4d5b00000) (1024K)]
  0x000002007f2c5b70 JavaThread "Thread-17"                  daemon [_thread_in_native, id=28936, stack(0x000000a4d5b00000,0x000000a4d5c00000) (1024K)]
  0x000002007f2c6f20 JavaThread "Thread-18"                  daemon [_thread_in_native, id=36432, stack(0x000000a4d5c00000,0x000000a4d5d00000) (1024K)]
  0x000002007f2c75b0 JavaThread "pool-2-thread-1"                   [_thread_blocked, id=26532, stack(0x000000a4d5d00000,0x000000a4d5e00000) (1024K)]
  0x000002007f2c6200 JavaThread "Worker-5"                          [_thread_blocked, id=33216, stack(0x000000a4d5e00000,0x000000a4d5f00000) (1024K)]
  0x000002007f2c6890 JavaThread "Worker-6"                          [_thread_blocked, id=49904, stack(0x000000a4d5f00000,0x000000a4d6000000) (1024K)]
  0x00000200000fbe10 JavaThread "WorkspaceEventsHandler"            [_thread_blocked, id=43692, stack(0x000000a4d6100000,0x000000a4d6200000) (1024K)]
  0x00000200000f9d40 JavaThread "pool-1-thread-1"                   [_thread_blocked, id=41152, stack(0x000000a4d6200000,0x000000a4d6300000) (1024K)]
Total: 47

Other Threads:
  0x00000200345535c0 VMThread "VM Thread"                           [id=47032, stack(0x000000a4d2400000,0x000000a4d2500000) (1024K)]
  0x000002001f9e7d60 WatcherThread "VM Periodic Task Thread"        [id=6252, stack(0x000000a4d2300000,0x000000a4d2400000) (1024K)]
  0x000002001f9989c0 WorkerThread "GC Thread#0"                     [id=48420, stack(0x000000a4d2200000,0x000000a4d2300000) (1024K)]
  0x000002007868d1b0 WorkerThread "GC Thread#1"                     [id=35776, stack(0x000000a4d2f00000,0x000000a4d3000000) (1024K)]
  0x00000200789e0b80 WorkerThread "GC Thread#2"                     [id=30012, stack(0x000000a4d3000000,0x000000a4d3100000) (1024K)]
  0x000002007846e0c0 WorkerThread "GC Thread#3"                     [id=48940, stack(0x000000a4d3100000,0x000000a4d3200000) (1024K)]
  0x00000200788cc010 WorkerThread "GC Thread#4"                     [id=46136, stack(0x000000a4d3200000,0x000000a4d3300000) (1024K)]
  0x00000200788cc3b0 WorkerThread "GC Thread#5"                     [id=43796, stack(0x000000a4d3300000,0x000000a4d3400000) (1024K)]
  0x00000200788cc750 WorkerThread "GC Thread#6"                     [id=15564, stack(0x000000a4d3400000,0x000000a4d3500000) (1024K)]
  0x00000200788a0ac0 WorkerThread "GC Thread#7"                     [id=37252, stack(0x000000a4d3800000,0x000000a4d3900000) (1024K)]
  0x000002007d1556e0 WorkerThread "GC Thread#8"                     [id=39868, stack(0x000000a4d3c00000,0x000000a4d3d00000) (1024K)]
  0x000002007d154fa0 WorkerThread "GC Thread#9"                     [id=48908, stack(0x000000a4d3d00000,0x000000a4d3e00000) (1024K)]
  0x000002007d156900 WorkerThread "GC Thread#10"                    [id=51968, stack(0x000000a4d4000000,0x000000a4d4100000) (1024K)]
  0x000002007d155a80 WorkerThread "GC Thread#11"                    [id=36804, stack(0x000000a4d4100000,0x000000a4d4200000) (1024K)]
  0x000002007d156560 WorkerThread "GC Thread#12"                    [id=22088, stack(0x000000a4d4200000,0x000000a4d4300000) (1024K)]
Total: 15

Threads with active compile tasks:
C2 CompilerThread0  36233 7909       4       org.eclipse.jdt.internal.compiler.util.JrtFileSystem$2::visitFile (72 bytes)
Total: 1

VM state: not at safepoint (normal execution)

VM Mutex/Monitor currently owned by a thread: None

Heap address: 0x00000000c0000000, size: 1024 MB, Compressed Oops mode: 32-bit

CDS archive(s) mapped at: [0x0000020035000000-0x0000020035ba0000-0x0000020035ba0000), size 12189696, SharedBaseAddress: 0x0000020035000000, ArchiveRelocationMode: 1.
Compressed class space mapped at: 0x0000020036000000-0x0000020076000000, reserved size: 1073741824
Narrow klass base: 0x0000020035000000, Narrow klass shift: 0, Narrow klass range: 0x100000000

GC Precious Log:
 CardTable entry size: 512
 CPUs: 16 total, 16 available
 Memory: 7895M
 Large Page Support: Disabled
 NUMA Support: Disabled
 Compressed Oops: Enabled (32-bit)
 Alignments: Space 512K, Generation 512K, Heap 2M
 Heap Min Capacity: 100M
 Heap Initial Capacity: 100M
 Heap Max Capacity: 1G
 Pre-touch: Disabled
 Parallel Workers: 13

Heap:
 PSYoungGen      total 17408K, used 3484K [0x00000000eab00000, 0x00000000ebf80000, 0x0000000100000000)
  eden space 13824K, 2% used [0x00000000eab00000,0x00000000eab53d78,0x00000000eb880000)
  from space 3584K, 87% used [0x00000000eb980000,0x00000000ebc93468,0x00000000ebd00000)
  to   space 2560K, 0% used [0x00000000ebd00000,0x00000000ebd00000,0x00000000ebf80000)
 ParOldGen       total 82432K, used 82348K [0x00000000c0000000, 0x00000000c5080000, 0x00000000eab00000)
  object space 82432K, 99% used [0x00000000c0000000,0x00000000c506b318,0x00000000c5080000)
 Metaspace       used 53481K, committed 54720K, reserved 1114112K
  class space    used 5680K, committed 6272K, reserved 1048576K

Card table byte_map: [0x0000020031e00000,0x0000020032010000] _byte_map_base: 0x0000020031800000

Marking Bits: (ParMarkBitMap*) 0x00007ffe58763260
 Begin Bits: [0x0000020032170000, 0x0000020033170000)
 End Bits:   [0x0000020033170000, 0x0000020034170000)

Polling page: 0x000002001ddc0000

Metaspace:

Usage:
  Non-class:     46.68 MB used.
      Class:      5.55 MB used.
       Both:     52.23 MB used.

Virtual space:
  Non-class space:       64.00 MB reserved,      47.31 MB ( 74%) committed,  1 nodes.
      Class space:        1.00 GB reserved,       6.12 MB ( <1%) committed,  1 nodes.
             Both:        1.06 GB reserved,      53.44 MB (  5%) committed. 

Chunk freelists:
   Non-Class:  688.00 KB
       Class:  9.85 MB
        Both:  10.52 MB

MaxMetaspaceSize: unlimited
CompressedClassSpaceSize: 1.00 GB
Initial GC threshold: 21.00 MB
Current GC threshold: 58.38 MB
CDS: on
 - commit_granule_bytes: 65536.
 - commit_granule_words: 8192.
 - virtual_space_node_default_size: 8388608.
 - enlarge_chunks_in_place: 1.
 - use_allocation_guard: 0.


Internal statistics:

num_allocs_failed_limit: 6.
num_arena_births: 1004.
num_arena_deaths: 14.
num_vsnodes_births: 2.
num_vsnodes_deaths: 0.
num_space_committed: 855.
num_space_uncommitted: 0.
num_chunks_returned_to_freelist: 20.
num_chunks_taken_from_freelist: 3300.
num_chunk_merges: 12.
num_chunk_splits: 2013.
num_chunks_enlarged: 1074.
num_inconsistent_stats: 0.

CodeHeap 'non-profiled nmethods': size=119168Kb used=3477Kb max_used=3477Kb free=115690Kb
 bounds [0x000002002a7c0000, 0x000002002ab30000, 0x0000020031c20000]
CodeHeap 'profiled nmethods': size=119104Kb used=16719Kb max_used=16719Kb free=102384Kb
 bounds [0x0000020022c20000, 0x0000020023c80000, 0x000002002a070000]
CodeHeap 'non-nmethods': size=7488Kb used=1422Kb max_used=1844Kb free=6065Kb
 bounds [0x000002002a070000, 0x000002002a2e0000, 0x000002002a7c0000]
 total_blobs=8744 nmethods=8014 adapters=636
 compilation: enabled
              stopped_count=0, restarted_count=0
 full_count=0

Compilation events (20 events):
Event: 34.569 Thread 0x0000020076d6d430 8777       2       java.util.Collections$EmptyMap::equals (25 bytes)
Event: 34.569 Thread 0x0000020076d6d430 nmethod 8777 0x0000020023c6a890 code [0x0000020023c6aa40, 0x0000020023c6ac48]
Event: 34.569 Thread 0x0000020076d6d430 8779       2       java.util.RegularEnumSet$EnumSetIterator::hasNext (15 bytes)
Event: 34.569 Thread 0x0000020076d6d430 nmethod 8779 0x0000020023c6ad10 code [0x0000020023c6aea0, 0x0000020023c6afc8]
Event: 34.573 Thread 0x0000020076d6d430 8781       2       org.eclipse.osgi.container.ModuleDatabase$Persistence::writeModule (343 bytes)
Event: 34.578 Thread 0x0000020076d6d430 nmethod 8781 0x0000020023c6b090 code [0x0000020023c6b540, 0x0000020023c6c858]
Event: 34.578 Thread 0x0000020076d6d430 8784       2       java.lang.Long::numberOfTrailingZeros (26 bytes)
Event: 34.578 Thread 0x0000020076d6d430 nmethod 8784 0x0000020023c6d910 code [0x0000020023c6dac0, 0x0000020023c6dc18]
Event: 34.579 Thread 0x0000020076d6d430 8782       2       java.util.RegularEnumSet$EnumSetIterator::next (5 bytes)
Event: 34.579 Thread 0x0000020076d6d430 nmethod 8782 0x0000020023c6dd10 code [0x0000020023c6dec0, 0x0000020023c6dfe8]
Event: 34.579 Thread 0x0000020076d6d430 8783       2       java.util.RegularEnumSet$EnumSetIterator::next (60 bytes)
Event: 34.579 Thread 0x0000020076d6d430 nmethod 8783 0x0000020023c6e090 code [0x0000020023c6e260, 0x0000020023c6e4b8]
Event: 34.581 Thread 0x0000020076d6d430 8785       2       org.eclipse.osgi.container.ModuleDatabase$Persistence::writeWire (147 bytes)
Event: 34.583 Thread 0x0000020076d6d430 nmethod 8785 0x0000020023c6e610 code [0x0000020023c6e8e0, 0x0000020023c6f220]
Event: 34.586 Thread 0x0000020076d6d430 8786       2       org.eclipse.osgi.container.ModuleWiring::getPersistentWires (99 bytes)
Event: 34.586 Thread 0x0000020076d6d430 nmethod 8786 0x0000020023c6fa90 code [0x0000020023c6fca0, 0x0000020023c70108]
Event: 34.587 Thread 0x0000020076d6d430 8787       2       org.eclipse.osgi.container.ModuleWiring::getModuleCapabilities (18 bytes)
Event: 34.587 Thread 0x0000020076d6d430 nmethod 8787 0x0000020023c70410 code [0x0000020023c705c0, 0x0000020023c707b8]
Event: 34.589 Thread 0x0000020076d6d430 8788       2       org.eclipse.osgi.container.ModuleDatabase$Persistence::writeWiring (453 bytes)
Event: 34.593 Thread 0x0000020076d6d430 nmethod 8788 0x0000020023c70910 code [0x0000020023c70ec0, 0x0000020023c729f8]

GC Heap History (20 events):
Event: 17.155 GC heap after
{Heap after GC invocations=29 (full 2):
 PSYoungGen      total 24064K, used 3055K [0x00000000eab00000, 0x00000000ece80000, 0x0000000100000000)
  eden space 20992K, 0% used [0x00000000eab00000,0x00000000eab00000,0x00000000ebf80000)
  from space 3072K, 99% used [0x00000000ebf80000,0x00000000ec27bf88,0x00000000ec280000)
  to   space 7680K, 0% used [0x00000000ec700000,0x00000000ec700000,0x00000000ece80000)
 ParOldGen       total 68608K, used 45663K [0x00000000c0000000, 0x00000000c4300000, 0x00000000eab00000)
  object space 68608K, 66% used [0x00000000c0000000,0x00000000c2c97de8,0x00000000c4300000)
 Metaspace       used 52038K, committed 53248K, reserved 1114112K
  class space    used 5534K, committed 6080K, reserved 1048576K
}
Event: 17.623 GC heap before
{Heap before GC invocations=30 (full 2):
 PSYoungGen      total 24064K, used 24047K [0x00000000eab00000, 0x00000000ece80000, 0x0000000100000000)
  eden space 20992K, 100% used [0x00000000eab00000,0x00000000ebf80000,0x00000000ebf80000)
  from space 3072K, 99% used [0x00000000ebf80000,0x00000000ec27bf88,0x00000000ec280000)
  to   space 7680K, 0% used [0x00000000ec700000,0x00000000ec700000,0x00000000ece80000)
 ParOldGen       total 68608K, used 45663K [0x00000000c0000000, 0x00000000c4300000, 0x00000000eab00000)
  object space 68608K, 66% used [0x00000000c0000000,0x00000000c2c97de8,0x00000000c4300000)
 Metaspace       used 52816K, committed 54080K, reserved 1114112K
  class space    used 5615K, committed 6208K, reserved 1048576K
}
Event: 17.649 GC heap after
{Heap after GC invocations=30 (full 2):
 PSYoungGen      total 25088K, used 3714K [0x00000000eab00000, 0x00000000ecb00000, 0x0000000100000000)
  eden space 20992K, 0% used [0x00000000eab00000,0x00000000eab00000,0x00000000ebf80000)
  from space 4096K, 90% used [0x00000000ec700000,0x00000000ecaa0b58,0x00000000ecb00000)
  to   space 5120K, 0% used [0x00000000ec100000,0x00000000ec100000,0x00000000ec600000)
 ParOldGen       total 68608K, used 48249K [0x00000000c0000000, 0x00000000c4300000, 0x00000000eab00000)
  object space 68608K, 70% used [0x00000000c0000000,0x00000000c2f1e580,0x00000000c4300000)
 Metaspace       used 52816K, committed 54080K, reserved 1114112K
  class space    used 5615K, committed 6208K, reserved 1048576K
}
Event: 18.303 GC heap before
{Heap before GC invocations=31 (full 2):
 PSYoungGen      total 25088K, used 24706K [0x00000000eab00000, 0x00000000ecb00000, 0x0000000100000000)
  eden space 20992K, 100% used [0x00000000eab00000,0x00000000ebf80000,0x00000000ebf80000)
  from space 4096K, 90% used [0x00000000ec700000,0x00000000ecaa0b58,0x00000000ecb00000)
  to   space 5120K, 0% used [0x00000000ec100000,0x00000000ec100000,0x00000000ec600000)
 ParOldGen       total 68608K, used 48249K [0x00000000c0000000, 0x00000000c4300000, 0x00000000eab00000)
  object space 68608K, 70% used [0x00000000c0000000,0x00000000c2f1e580,0x00000000c4300000)
 Metaspace       used 53227K, committed 54400K, reserved 1114112K
  class space    used 5657K, committed 6208K, reserved 1048576K
}
Event: 18.422 GC heap after
{Heap after GC invocations=31 (full 2):
 PSYoungGen      total 25088K, used 3757K [0x00000000eab00000, 0x00000000ec780000, 0x0000000100000000)
  eden space 20992K, 0% used [0x00000000eab00000,0x00000000eab00000,0x00000000ebf80000)
  from space 4096K, 91% used [0x00000000ec100000,0x00000000ec4ab6a0,0x00000000ec500000)
  to   space 2560K, 0% used [0x00000000ec500000,0x00000000ec500000,0x00000000ec780000)
 ParOldGen       total 68608K, used 51695K [0x00000000c0000000, 0x00000000c4300000, 0x00000000eab00000)
  object space 68608K, 75% used [0x00000000c0000000,0x00000000c327bca0,0x00000000c4300000)
 Metaspace       used 53227K, committed 54400K, reserved 1114112K
  class space    used 5657K, committed 6208K, reserved 1048576K
}
Event: 20.920 GC heap before
{Heap before GC invocations=32 (full 2):
 PSYoungGen      total 25088K, used 24749K [0x00000000eab00000, 0x00000000ec780000, 0x0000000100000000)
  eden space 20992K, 100% used [0x00000000eab00000,0x00000000ebf80000,0x00000000ebf80000)
  from space 4096K, 91% used [0x00000000ec100000,0x00000000ec4ab6a0,0x00000000ec500000)
  to   space 2560K, 0% used [0x00000000ec500000,0x00000000ec500000,0x00000000ec780000)
 ParOldGen       total 68608K, used 51695K [0x00000000c0000000, 0x00000000c4300000, 0x00000000eab00000)
  object space 68608K, 75% used [0x00000000c0000000,0x00000000c327bca0,0x00000000c4300000)
 Metaspace       used 53341K, committed 54592K, reserved 1114112K
  class space    used 5673K, committed 6272K, reserved 1048576K
}
Event: 20.980 GC heap after
{Heap after GC invocations=32 (full 2):
 PSYoungGen      total 20480K, used 2538K [0x00000000eab00000, 0x00000000ed080000, 0x0000000100000000)
  eden space 17920K, 0% used [0x00000000eab00000,0x00000000eab00000,0x00000000ebc80000)
  from space 2560K, 99% used [0x00000000ec500000,0x00000000ec77aaf8,0x00000000ec780000)
  to   space 8704K, 0% used [0x00000000ebc80000,0x00000000ebc80000,0x00000000ec500000)
 ParOldGen       total 68608K, used 57083K [0x00000000c0000000, 0x00000000c4300000, 0x00000000eab00000)
  object space 68608K, 83% used [0x00000000c0000000,0x00000000c37befb0,0x00000000c4300000)
 Metaspace       used 53341K, committed 54592K, reserved 1114112K
  class space    used 5673K, committed 6272K, reserved 1048576K
}
Event: 21.772 GC heap before
{Heap before GC invocations=33 (full 2):
 PSYoungGen      total 20480K, used 20458K [0x00000000eab00000, 0x00000000ed080000, 0x0000000100000000)
  eden space 17920K, 100% used [0x00000000eab00000,0x00000000ebc80000,0x00000000ebc80000)
  from space 2560K, 99% used [0x00000000ec500000,0x00000000ec77aaf8,0x00000000ec780000)
  to   space 8704K, 0% used [0x00000000ebc80000,0x00000000ebc80000,0x00000000ec500000)
 ParOldGen       total 68608K, used 57083K [0x00000000c0000000, 0x00000000c4300000, 0x00000000eab00000)
  object space 68608K, 83% used [0x00000000c0000000,0x00000000c37befb0,0x00000000c4300000)
 Metaspace       used 53343K, committed 54592K, reserved 1114112K
  class space    used 5673K, committed 6272K, reserved 1048576K
}
Event: 21.856 GC heap after
{Heap after GC invocations=33 (full 2):
 PSYoungGen      total 22528K, used 4599K [0x00000000eab00000, 0x00000000ec880000, 0x0000000100000000)
  eden space 17920K, 0% used [0x00000000eab00000,0x00000000eab00000,0x00000000ebc80000)
  from space 4608K, 99% used [0x00000000ebc80000,0x00000000ec0fddc0,0x00000000ec100000)
  to   space 6144K, 0% used [0x00000000ec280000,0x00000000ec280000,0x00000000ec880000)
 ParOldGen       total 68608K, used 59399K [0x00000000c0000000, 0x00000000c4300000, 0x00000000eab00000)
  object space 68608K, 86% used [0x00000000c0000000,0x00000000c3a01c40,0x00000000c4300000)
 Metaspace       used 53343K, committed 54592K, reserved 1114112K
  class space    used 5673K, committed 6272K, reserved 1048576K
}
Event: 22.623 GC heap before
{Heap before GC invocations=34 (full 2):
 PSYoungGen      total 22528K, used 22519K [0x00000000eab00000, 0x00000000ec880000, 0x0000000100000000)
  eden space 17920K, 100% used [0x00000000eab00000,0x00000000ebc80000,0x00000000ebc80000)
  from space 4608K, 99% used [0x00000000ebc80000,0x00000000ec0fddc0,0x00000000ec100000)
  to   space 6144K, 0% used [0x00000000ec280000,0x00000000ec280000,0x00000000ec880000)
 ParOldGen       total 68608K, used 59399K [0x00000000c0000000, 0x00000000c4300000, 0x00000000eab00000)
  object space 68608K, 86% used [0x00000000c0000000,0x00000000c3a01c40,0x00000000c4300000)
 Metaspace       used 53370K, committed 54592K, reserved 1114112K
  class space    used 5677K, committed 6272K, reserved 1048576K
}
Event: 22.640 GC heap after
{Heap after GC invocations=34 (full 2):
 PSYoungGen      total 22528K, used 4405K [0x00000000eab00000, 0x00000000ec700000, 0x0000000100000000)
  eden space 17920K, 0% used [0x00000000eab00000,0x00000000eab00000,0x00000000ebc80000)
  from space 4608K, 95% used [0x00000000ec280000,0x00000000ec6cd7f8,0x00000000ec700000)
  to   space 5120K, 0% used [0x00000000ebd00000,0x00000000ebd00000,0x00000000ec200000)
 ParOldGen       total 68608K, used 63747K [0x00000000c0000000, 0x00000000c4300000, 0x00000000eab00000)
  object space 68608K, 92% used [0x00000000c0000000,0x00000000c3e40d60,0x00000000c4300000)
 Metaspace       used 53370K, committed 54592K, reserved 1114112K
  class space    used 5677K, committed 6272K, reserved 1048576K
}
Event: 25.966 GC heap before
{Heap before GC invocations=35 (full 2):
 PSYoungGen      total 22528K, used 22325K [0x00000000eab00000, 0x00000000ec700000, 0x0000000100000000)
  eden space 17920K, 100% used [0x00000000eab00000,0x00000000ebc80000,0x00000000ebc80000)
  from space 4608K, 95% used [0x00000000ec280000,0x00000000ec6cd7f8,0x00000000ec700000)
  to   space 5120K, 0% used [0x00000000ebd00000,0x00000000ebd00000,0x00000000ec200000)
 ParOldGen       total 68608K, used 63747K [0x00000000c0000000, 0x00000000c4300000, 0x00000000eab00000)
  object space 68608K, 92% used [0x00000000c0000000,0x00000000c3e40d60,0x00000000c4300000)
 Metaspace       used 53394K, committed 54592K, reserved 1114112K
  class space    used 5677K, committed 6272K, reserved 1048576K
}
Event: 26.097 GC heap after
{Heap after GC invocations=35 (full 2):
 PSYoungGen      total 22528K, used 4278K [0x00000000eab00000, 0x00000000ec580000, 0x0000000100000000)
  eden space 17920K, 0% used [0x00000000eab00000,0x00000000eab00000,0x00000000ebc80000)
  from space 4608K, 92% used [0x00000000ebd00000,0x00000000ec12d910,0x00000000ec180000)
  to   space 4096K, 0% used [0x00000000ec180000,0x00000000ec180000,0x00000000ec580000)
 ParOldGen       total 68608K, used 67770K [0x00000000c0000000, 0x00000000c4300000, 0x00000000eab00000)
  object space 68608K, 98% used [0x00000000c0000000,0x00000000c422e8a0,0x00000000c4300000)
 Metaspace       used 53394K, committed 54592K, reserved 1114112K
  class space    used 5677K, committed 6272K, reserved 1048576K
}
Event: 27.458 GC heap before
{Heap before GC invocations=36 (full 2):
 PSYoungGen      total 22528K, used 22198K [0x00000000eab00000, 0x00000000ec580000, 0x0000000100000000)
  eden space 17920K, 100% used [0x00000000eab00000,0x00000000ebc80000,0x00000000ebc80000)
  from space 4608K, 92% used [0x00000000ebd00000,0x00000000ec12d910,0x00000000ec180000)
  to   space 4096K, 0% used [0x00000000ec180000,0x00000000ec180000,0x00000000ec580000)
 ParOldGen       total 68608K, used 67770K [0x00000000c0000000, 0x00000000c4300000, 0x00000000eab00000)
  object space 68608K, 98% used [0x00000000c0000000,0x00000000c422e8a0,0x00000000c4300000)
 Metaspace       used 53395K, committed 54592K, reserved 1114112K
  class space    used 5677K, committed 6272K, reserved 1048576K
}
Event: 27.805 GC heap after
{Heap after GC invocations=36 (full 2):
 PSYoungGen      total 17920K, used 4069K [0x00000000eab00000, 0x00000000ece80000, 0x0000000100000000)
  eden space 13824K, 0% used [0x00000000eab00000,0x00000000eab00000,0x00000000eb880000)
  from space 4096K, 99% used [0x00000000ec180000,0x00000000ec579518,0x00000000ec580000)
  to   space 9216K, 0% used [0x00000000eb880000,0x00000000eb880000,0x00000000ec180000)
 ParOldGen       total 72192K, used 71780K [0x00000000c0000000, 0x00000000c4680000, 0x00000000eab00000)
  object space 72192K, 99% used [0x00000000c0000000,0x00000000c4619250,0x00000000c4680000)
 Metaspace       used 53395K, committed 54592K, reserved 1114112K
  class space    used 5677K, committed 6272K, reserved 1048576K
}
Event: 30.135 GC heap before
{Heap before GC invocations=37 (full 2):
 PSYoungGen      total 17920K, used 17893K [0x00000000eab00000, 0x00000000ece80000, 0x0000000100000000)
  eden space 13824K, 100% used [0x00000000eab00000,0x00000000eb880000,0x00000000eb880000)
  from space 4096K, 99% used [0x00000000ec180000,0x00000000ec579518,0x00000000ec580000)
  to   space 9216K, 0% used [0x00000000eb880000,0x00000000eb880000,0x00000000ec180000)
 ParOldGen       total 72192K, used 71780K [0x00000000c0000000, 0x00000000c4680000, 0x00000000eab00000)
  object space 72192K, 99% used [0x00000000c0000000,0x00000000c4619250,0x00000000c4680000)
 Metaspace       used 53401K, committed 54592K, reserved 1114112K
  class space    used 5677K, committed 6272K, reserved 1048576K
}
Event: 30.387 GC heap after
{Heap after GC invocations=37 (full 2):
 PSYoungGen      total 17920K, used 3906K [0x00000000eab00000, 0x00000000ec380000, 0x0000000100000000)
  eden space 13824K, 0% used [0x00000000eab00000,0x00000000eab00000,0x00000000eb880000)
  from space 4096K, 95% used [0x00000000eb880000,0x00000000ebc50ad0,0x00000000ebc80000)
  to   space 5632K, 0% used [0x00000000ebe00000,0x00000000ebe00000,0x00000000ec380000)
 ParOldGen       total 75776K, used 75703K [0x00000000c0000000, 0x00000000c4a00000, 0x00000000eab00000)
  object space 75776K, 99% used [0x00000000c0000000,0x00000000c49edc00,0x00000000c4a00000)
 Metaspace       used 53401K, committed 54592K, reserved 1114112K
  class space    used 5677K, committed 6272K, reserved 1048576K
}
Event: 33.318 GC heap before
{Heap before GC invocations=38 (full 2):
 PSYoungGen      total 17920K, used 17730K [0x00000000eab00000, 0x00000000ec380000, 0x0000000100000000)
  eden space 13824K, 100% used [0x00000000eab00000,0x00000000eb880000,0x00000000eb880000)
  from space 4096K, 95% used [0x00000000eb880000,0x00000000ebc50ad0,0x00000000ebc80000)
  to   space 5632K, 0% used [0x00000000ebe00000,0x00000000ebe00000,0x00000000ec380000)
 ParOldGen       total 75776K, used 75703K [0x00000000c0000000, 0x00000000c4a00000, 0x00000000eab00000)
  object space 75776K, 99% used [0x00000000c0000000,0x00000000c49edc00,0x00000000c4a00000)
 Metaspace       used 53402K, committed 54592K, reserved 1114112K
  class space    used 5677K, committed 6272K, reserved 1048576K
}
Event: 33.403 GC heap after
{Heap after GC invocations=38 (full 2):
 PSYoungGen      total 17408K, used 3295K [0x00000000eab00000, 0x00000000ec180000, 0x0000000100000000)
  eden space 13824K, 0% used [0x00000000eab00000,0x00000000eab00000,0x00000000eb880000)
  from space 3584K, 91% used [0x00000000ebe00000,0x00000000ec137de8,0x00000000ec180000)
  to   space 4096K, 0% used [0x00000000eb980000,0x00000000eb980000,0x00000000ebd80000)
 ParOldGen       total 79360K, used 79289K [0x00000000c0000000, 0x00000000c4d80000, 0x00000000eab00000)
  object space 79360K, 99% used [0x00000000c0000000,0x00000000c4d6e7b0,0x00000000c4d80000)
 Metaspace       used 53402K, committed 54592K, reserved 1114112K
  class space    used 5677K, committed 6272K, reserved 1048576K
}
Event: 35.917 GC heap before
{Heap before GC invocations=39 (full 2):
 PSYoungGen      total 17408K, used 17119K [0x00000000eab00000, 0x00000000ec180000, 0x0000000100000000)
  eden space 13824K, 100% used [0x00000000eab00000,0x00000000eb880000,0x00000000eb880000)
  from space 3584K, 91% used [0x00000000ebe00000,0x00000000ec137de8,0x00000000ec180000)
  to   space 4096K, 0% used [0x00000000eb980000,0x00000000eb980000,0x00000000ebd80000)
 ParOldGen       total 79360K, used 79289K [0x00000000c0000000, 0x00000000c4d80000, 0x00000000eab00000)
  object space 79360K, 99% used [0x00000000c0000000,0x00000000c4d6e7b0,0x00000000c4d80000)
 Metaspace       used 53479K, committed 54720K, reserved 1114112K
  class space    used 5680K, committed 6272K, reserved 1048576K
}

Dll operation events (12 events):
Event: 0.020 Loaded shared library c:\Users\ACER\.vscode\extensions\redhat.java-1.41.1-win32-x64\jre\21.0.6-win32-x86_64\bin\java.dll
Event: 0.130 Loaded shared library c:\Users\ACER\.vscode\extensions\redhat.java-1.41.1-win32-x64\jre\21.0.6-win32-x86_64\bin\zip.dll
Event: 0.175 Loaded shared library C:\Users\ACER\.vscode\extensions\redhat.java-1.41.1-win32-x64\jre\21.0.6-win32-x86_64\bin\instrument.dll
Event: 0.183 Loaded shared library C:\Users\ACER\.vscode\extensions\redhat.java-1.41.1-win32-x64\jre\21.0.6-win32-x86_64\bin\net.dll
Event: 0.188 Loaded shared library C:\Users\ACER\.vscode\extensions\redhat.java-1.41.1-win32-x64\jre\21.0.6-win32-x86_64\bin\nio.dll
Event: 0.194 Loaded shared library C:\Users\ACER\.vscode\extensions\redhat.java-1.41.1-win32-x64\jre\21.0.6-win32-x86_64\bin\zip.dll
Event: 0.235 Loaded shared library C:\Users\ACER\.vscode\extensions\redhat.java-1.41.1-win32-x64\jre\21.0.6-win32-x86_64\bin\jimage.dll
Event: 0.363 Loaded shared library c:\Users\ACER\.vscode\extensions\redhat.java-1.41.1-win32-x64\jre\21.0.6-win32-x86_64\bin\verify.dll
Event: 5.199 Loaded shared library C:\Users\ACER\AppData\Roaming\Code\User\globalStorage\redhat.java\1.41.1\config_win\org.eclipse.equinox.launcher\org.eclipse.equinox.launcher.win32.win32.x86_64_1.2.1300.v20250331-1702\eclipse_11911.dll
Event: 9.627 Loaded shared library C:\Users\ACER\AppData\Local\Temp\jna-2003023\jna11593019941128439633.dll
Event: 13.285 Loaded shared library C:\Users\ACER\.vscode\extensions\redhat.java-1.41.1-win32-x64\jre\21.0.6-win32-x86_64\bin\sunmscapi.dll
Event: 13.569 Loaded shared library C:\Users\ACER\.vscode\extensions\redhat.java-1.41.1-win32-x64\jre\21.0.6-win32-x86_64\bin\extnet.dll

Deoptimization events (20 events):
Event: 34.505 Thread 0x0000020078b1f0f0 Uncommon trap: trap_request=0xffffff45 fr.pc=0x000002002a853c28 relative=0x0000000000000148
Event: 34.505 Thread 0x0000020078b1f0f0 Uncommon trap: reason=unstable_if action=reinterpret pc=0x000002002a853c28 method=java.util.HashMap.getNode(Ljava/lang/Object;)Ljava/util/HashMap$Node; @ 66 c2
Event: 34.505 Thread 0x0000020078b1f0f0 DEOPT PACKING pc=0x000002002a853c28 sp=0x000000a4d35febd0
Event: 34.505 Thread 0x0000020078b1f0f0 DEOPT UNPACKING pc=0x000002002a0c3aa2 sp=0x000000a4d35feb40 mode 2
Event: 34.505 Thread 0x0000020078b1f0f0 Uncommon trap: trap_request=0xffffff45 fr.pc=0x000002002aa109e8 relative=0x00000000000006a8
Event: 34.505 Thread 0x0000020078b1f0f0 Uncommon trap: reason=unstable_if action=reinterpret pc=0x000002002aa109e8 method=java.util.HashMap.putVal(ILjava/lang/Object;Ljava/lang/Object;ZZ)Ljava/lang/Object; @ 94 c2
Event: 34.505 Thread 0x0000020078b1f0f0 DEOPT PACKING pc=0x000002002aa109e8 sp=0x000000a4d35febe0
Event: 34.505 Thread 0x0000020078b1f0f0 DEOPT UNPACKING pc=0x000002002a0c3aa2 sp=0x000000a4d35fead8 mode 2
Event: 34.505 Thread 0x0000020078b1f0f0 Uncommon trap: trap_request=0xffffff45 fr.pc=0x000002002a95d968 relative=0x00000000000006a8
Event: 34.505 Thread 0x0000020078b1f0f0 Uncommon trap: reason=unstable_if action=reinterpret pc=0x000002002a95d968 method=java.util.HashMap.putVal(ILjava/lang/Object;Ljava/lang/Object;ZZ)Ljava/lang/Object; @ 94 c2
Event: 34.505 Thread 0x0000020078b1f0f0 DEOPT PACKING pc=0x000002002a95d968 sp=0x000000a4d35feb20
Event: 34.505 Thread 0x0000020078b1f0f0 DEOPT UNPACKING pc=0x000002002a0c3aa2 sp=0x000000a4d35feac8 mode 2
Event: 35.299 Thread 0x000002007866c3e0 DEOPT PACKING pc=0x0000020023c52d2a sp=0x000000a4d46fe550
Event: 35.303 Thread 0x000002007866c3e0 DEOPT UNPACKING pc=0x000002002a0c4242 sp=0x000000a4d46fdad8 mode 0
Event: 35.788 Thread 0x000002007866c3e0 DEOPT PACKING pc=0x0000020023c52d2a sp=0x000000a4d46fe550
Event: 35.789 Thread 0x000002007866c3e0 DEOPT UNPACKING pc=0x000002002a0c4242 sp=0x000000a4d46fdad8 mode 0
Event: 35.892 Thread 0x000002007866c3e0 DEOPT PACKING pc=0x0000020023c52d2a sp=0x000000a4d46fe550
Event: 35.892 Thread 0x000002007866c3e0 DEOPT UNPACKING pc=0x000002002a0c4242 sp=0x000000a4d46fdad8 mode 0
Event: 35.910 Thread 0x000002007866c3e0 DEOPT PACKING pc=0x0000020023c52d2a sp=0x000000a4d46fe550
Event: 35.910 Thread 0x000002007866c3e0 DEOPT UNPACKING pc=0x000002002a0c4242 sp=0x000000a4d46fdad8 mode 0

Classes loaded (20 events):
Event: 16.803 Loading class sun/net/www/protocol/http/HttpURLConnection$HttpInputStream
Event: 16.803 Loading class sun/net/www/protocol/http/HttpURLConnection$HttpInputStream done
Event: 17.054 Loading class sun/net/www/http/KeepAliveCache$1
Event: 17.105 Loading class sun/net/www/http/KeepAliveCache$1 done
Event: 17.107 Loading class java/util/WeakHashMap$KeyIterator
Event: 17.111 Loading class java/util/WeakHashMap$KeyIterator done
Event: 17.112 Loading class sun/net/www/http/KeepAliveCache$ClientVector
Event: 17.114 Loading class sun/net/www/http/KeepAliveCache$ClientVector done
Event: 17.124 Loading class sun/net/www/http/KeepAliveEntry
Event: 17.124 Loading class sun/net/www/http/KeepAliveEntry done
Event: 17.594 Loading class sun/nio/ch/WindowsAsynchronousFileChannelImpl$WriteTask
Event: 17.600 Loading class sun/nio/ch/WindowsAsynchronousFileChannelImpl$WriteTask done
Event: 17.667 Loading class jdk/internal/math/FormattedFPDecimal
Event: 17.670 Loading class jdk/internal/math/FormattedFPDecimal done
Event: 22.343 Loading class sun/security/ssl/Alert
Event: 22.351 Loading class sun/security/ssl/Alert done
Event: 22.355 Loading class sun/security/ssl/Alert$AlertConsumer
Event: 22.429 Loading class sun/security/ssl/Alert$AlertConsumer done
Event: 22.430 Loading class sun/security/ssl/Alert$Level
Event: 22.440 Loading class sun/security/ssl/Alert$Level done

Classes unloaded (7 events):
Event: 10.733 Thread 0x00000200345535c0 Unloading class 0x0000020036199400 'java/lang/invoke/LambdaForm$MH+0x0000020036199400'
Event: 10.733 Thread 0x00000200345535c0 Unloading class 0x0000020036199000 'java/lang/invoke/LambdaForm$MH+0x0000020036199000'
Event: 10.733 Thread 0x00000200345535c0 Unloading class 0x0000020036198c00 'java/lang/invoke/LambdaForm$MH+0x0000020036198c00'
Event: 10.733 Thread 0x00000200345535c0 Unloading class 0x0000020036198800 'java/lang/invoke/LambdaForm$MH+0x0000020036198800'
Event: 10.733 Thread 0x00000200345535c0 Unloading class 0x0000020036198400 'java/lang/invoke/LambdaForm$BMH+0x0000020036198400'
Event: 10.733 Thread 0x00000200345535c0 Unloading class 0x0000020036198000 'java/lang/invoke/LambdaForm$DMH+0x0000020036198000'
Event: 10.733 Thread 0x00000200345535c0 Unloading class 0x0000020036196c00 'java/lang/invoke/LambdaForm$DMH+0x0000020036196c00'

Classes redefined (0 events):
No events

Internal exceptions (20 events):
Event: 14.871 Thread 0x000002007866de20 Exception <a 'java/lang/NoSuchMethodError'{0x00000000ebbaf558}: 'java.lang.Object java.lang.invoke.Invokers$Holder.invokeExact_MT(java.lang.Object, int, java.lang.Object)'> (0x00000000ebbaf558) 
thrown [s\src\hotspot\share\interpreter\linkResolver.cpp, line 773]
Event: 15.189 Thread 0x000002007866c3e0 Exception <a 'java/io/FileNotFoundException'{0x00000000eb157820}> (0x00000000eb157820) 
thrown [s\src\hotspot\share\prims\jni.cpp, line 520]
Event: 15.190 Thread 0x000002007866c3e0 Exception <a 'java/io/FileNotFoundException'{0x00000000eb158a88}> (0x00000000eb158a88) 
thrown [s\src\hotspot\share\prims\jni.cpp, line 520]
Event: 15.193 Thread 0x000002007866c3e0 Exception <a 'java/lang/NoSuchMethodError'{0x00000000eb192498}: 'java.lang.Object java.lang.invoke.DirectMethodHandle$Holder.newInvokeSpecial(java.lang.Object, java.lang.Object, java.lang.Object, int)'> (0x00000000eb192498) 
thrown [s\src\hotspot\share\interpreter\linkResolver.cpp, line 773]
Event: 15.194 Thread 0x000002007866c3e0 Exception <a 'java/lang/NoSuchMethodError'{0x00000000eb196150}: 'java.lang.Object java.lang.invoke.DirectMethodHandle$Holder.invokeSpecial(java.lang.Object, java.lang.Object, java.lang.Object, java.lang.Object, int)'> (0x00000000eb196150) 
thrown [s\src\hotspot\share\interpreter\linkResolver.cpp, line 773]
Event: 15.194 Thread 0x000002007866c3e0 Exception <a 'java/lang/NoSuchMethodError'{0x00000000eb1995f8}: 'java.lang.Object java.lang.invoke.Invokers$Holder.linkToTargetMethod(java.lang.Object, java.lang.Object, int, java.lang.Object)'> (0x00000000eb1995f8) 
thrown [s\src\hotspot\share\interpreter\linkResolver.cpp, line 773]
Event: 15.721 Thread 0x000002007866de20 Exception <a 'java/lang/NoClassDefFoundError'{0x00000000ebec1f80}: com/google/inject/servlet/ServletModuleTargetVisitor> (0x00000000ebec1f80) 
thrown [s\src\hotspot\share\classfile\systemDictionary.cpp, line 301]
Event: 15.820 Thread 0x000002007866de20 Exception <a 'java/lang/NoSuchMethodError'{0x00000000eb5e7948}: 'java.lang.Object java.lang.invoke.DirectMethodHandle$Holder.invokeStatic(java.lang.Object, int, java.lang.Object, java.lang.Object)'> (0x00000000eb5e7948) 
thrown [s\src\hotspot\share\interpreter\linkResolver.cpp, line 773]
Event: 15.821 Thread 0x000002007866de20 Exception <a 'java/lang/NoSuchMethodError'{0x00000000eb5eb148}: 'java.lang.Object java.lang.invoke.DelegatingMethodHandle$Holder.delegate(java.lang.Object, int, java.lang.Object, java.lang.Object)'> (0x00000000eb5eb148) 
thrown [s\src\hotspot\share\interpreter\linkResolver.cpp, line 773]
Event: 15.830 Thread 0x000002007866de20 Exception <a 'java/lang/NoSuchMethodError'{0x00000000eb714f50}: 'int java.lang.invoke.Invokers$Holder.linkToTargetMethod(java.lang.Object, java.lang.Object, java.lang.Object)'> (0x00000000eb714f50) 
thrown [s\src\hotspot\share\interpreter\linkResolver.cpp, line 773]
Event: 17.119 Thread 0x000002007866bd50 Exception <a 'java/io/FileNotFoundException'{0x00000000eb8b0340}> (0x00000000eb8b0340) 
thrown [s\src\hotspot\share\prims\jni.cpp, line 520]
Event: 17.120 Thread 0x000002007866bd50 Exception <a 'java/io/FileNotFoundException'{0x00000000eb8b1338}> (0x00000000eb8b1338) 
thrown [s\src\hotspot\share\prims\jni.cpp, line 520]
Event: 17.120 Thread 0x000002007866bd50 Exception <a 'java/io/FileNotFoundException'{0x00000000eb8b2090}> (0x00000000eb8b2090) 
thrown [s\src\hotspot\share\prims\jni.cpp, line 520]
Event: 17.199 Thread 0x000002007866b6c0 Exception <a 'java/lang/NoSuchMethodError'{0x00000000eb01c408}: 'void java.lang.invoke.DirectMethodHandle$Holder.invokeStaticInit(java.lang.Object, java.lang.Object, java.lang.Object, java.lang.Object)'> (0x00000000eb01c408) 
thrown [s\src\hotspot\share\interpreter\linkResolver.cpp, line 773]
Event: 17.282 Thread 0x000002007866c3e0 Implicit null exception at 0x000002002aa37a5a to 0x000002002aa37b58
Event: 17.383 Thread 0x00000200000f9d40 Exception <a 'java/io/FileNotFoundException'{0x00000000ebc65c88}> (0x00000000ebc65c88) 
thrown [s\src\hotspot\share\prims\jni.cpp, line 520]
Event: 17.655 Thread 0x000002007866de20 Exception <a 'java/lang/NoSuchMethodError'{0x00000000eab354c8}: 'int java.lang.invoke.DirectMethodHandle$Holder.invokeSpecialIFC(java.lang.Object, java.lang.Object, java.lang.Object, java.lang.Object)'> (0x00000000eab354c8) 
thrown [s\src\hotspot\share\interpreter\linkResolver.cpp, line 773]
Event: 17.697 Thread 0x000002007866de20 Exception <a 'sun/nio/fs/WindowsException'{0x00000000ead99578}> (0x00000000ead99578) 
thrown [s\src\hotspot\share\prims\jni.cpp, line 520]
Event: 17.698 Thread 0x000002007866de20 Exception <a 'sun/nio/fs/WindowsException'{0x00000000ead99ba8}> (0x00000000ead99ba8) 
thrown [s\src\hotspot\share\prims\jni.cpp, line 520]
Event: 18.475 Thread 0x00000200000f9d40 Exception <a 'java/lang/IncompatibleClassChangeError'{0x00000000eb10df38}: Found class java.lang.Object, but interface was expected> (0x00000000eb10df38) 
thrown [s\src\hotspot\share\interpreter\linkResolver.cpp, line 840]

ZGC Phase Switch (0 events):
No events

VM Operations (20 events):
Event: 25.779 Executing VM operation: Cleanup done
Event: 25.964 Executing VM operation: ParallelGCFailedAllocation (Allocation Failure)
Event: 26.097 Executing VM operation: ParallelGCFailedAllocation (Allocation Failure) done
Event: 27.097 Executing VM operation: Cleanup
Event: 27.174 Executing VM operation: Cleanup done
Event: 27.455 Executing VM operation: ParallelGCFailedAllocation (Allocation Failure)
Event: 27.806 Executing VM operation: ParallelGCFailedAllocation (Allocation Failure) done
Event: 30.091 Executing VM operation: ParallelGCFailedAllocation (Allocation Failure)
Event: 30.387 Executing VM operation: ParallelGCFailedAllocation (Allocation Failure) done
Event: 31.398 Executing VM operation: Cleanup
Event: 31.429 Executing VM operation: Cleanup done
Event: 32.432 Executing VM operation: Cleanup
Event: 32.464 Executing VM operation: Cleanup done
Event: 33.194 Executing VM operation: ParallelGCFailedAllocation (Allocation Failure)
Event: 33.403 Executing VM operation: ParallelGCFailedAllocation (Allocation Failure) done
Event: 34.404 Executing VM operation: Cleanup
Event: 34.421 Executing VM operation: Cleanup done
Event: 35.425 Executing VM operation: Cleanup
Event: 35.457 Executing VM operation: Cleanup done
Event: 35.915 Executing VM operation: ParallelGCFailedAllocation (Allocation Failure)

Memory protections (0 events):
No events

Nmethod flushes (20 events):
Event: 12.776 Thread 0x00000200345535c0 flushing  nmethod 0x000002002331fb90
Event: 12.776 Thread 0x00000200345535c0 flushing  nmethod 0x0000020023320d90
Event: 12.776 Thread 0x00000200345535c0 flushing  nmethod 0x0000020023321590
Event: 12.776 Thread 0x00000200345535c0 flushing  nmethod 0x0000020023323210
Event: 12.776 Thread 0x00000200345535c0 flushing  nmethod 0x0000020023324210
Event: 12.776 Thread 0x00000200345535c0 flushing  nmethod 0x0000020023325090
Event: 12.776 Thread 0x00000200345535c0 flushing  nmethod 0x0000020023326f10
Event: 12.776 Thread 0x00000200345535c0 flushing  nmethod 0x0000020023331710
Event: 12.776 Thread 0x00000200345535c0 flushing  nmethod 0x000002002336c290
Event: 12.776 Thread 0x00000200345535c0 flushing  nmethod 0x000002002336f290
Event: 12.776 Thread 0x00000200345535c0 flushing  nmethod 0x0000020023376c90
Event: 12.776 Thread 0x00000200345535c0 flushing  nmethod 0x00000200233a6110
Event: 12.776 Thread 0x00000200345535c0 flushing  nmethod 0x00000200233dc110
Event: 12.776 Thread 0x00000200345535c0 flushing  nmethod 0x000002002340e090
Event: 12.776 Thread 0x00000200345535c0 flushing  nmethod 0x0000020023416f10
Event: 12.776 Thread 0x00000200345535c0 flushing  nmethod 0x000002002345e790
Event: 12.776 Thread 0x00000200345535c0 flushing  nmethod 0x000002002347b810
Event: 12.776 Thread 0x00000200345535c0 flushing  nmethod 0x000002002347bc90
Event: 12.776 Thread 0x00000200345535c0 flushing  nmethod 0x0000020023481210
Event: 12.776 Thread 0x00000200345535c0 flushing  nmethod 0x0000020023496a90

Events (20 events):
Event: 12.711 Thread 0x000002001de196d0 Thread added: 0x000002007f2c3aa0
Event: 12.711 Thread 0x000002001de196d0 Thread added: 0x000002007f2c1340
Event: 12.711 Thread 0x000002001de196d0 Thread added: 0x000002007f2c4130
Event: 12.722 Thread 0x000002001de196d0 Thread added: 0x000002007f2c47c0
Event: 12.722 Thread 0x000002001de196d0 Thread added: 0x000002007f2c4e50
Event: 12.722 Thread 0x000002001de196d0 Thread added: 0x000002007f2c19d0
Event: 12.722 Thread 0x000002001de196d0 Thread added: 0x000002007f2c54e0
Event: 12.722 Thread 0x000002001de196d0 Thread added: 0x000002007f2c2060
Event: 12.722 Thread 0x000002001de196d0 Thread added: 0x000002007f2c5b70
Event: 12.722 Thread 0x000002001de196d0 Thread added: 0x000002007f2c6f20
Event: 13.024 Thread 0x000002001de196d0 Thread added: 0x000002007f2c75b0
Event: 13.438 Thread 0x000002007866ca70 Thread added: 0x000002007f2c6200
Event: 13.460 Thread 0x000002007f2c6200 Thread added: 0x000002007f2c6890
Event: 13.628 Thread 0x000002001de196d0 Thread added: 0x00000200000fbe10
Event: 13.628 Thread 0x000002001de196d0 Thread added: 0x00000200000f9d40
Event: 15.850 Thread 0x000002007d19fcf0 Thread exited: 0x000002007d19fcf0
Event: 15.973 Thread 0x000002007866b6c0 Thread added: 0x00000200000fb780
Event: 16.243 Thread 0x00000200000fb780 Thread exited: 0x00000200000fb780
Event: 17.112 Thread 0x000002007866b6c0 Thread added: 0x00000200000fa3d0
Event: 27.856 Thread 0x00000200000fa3d0 Thread exited: 0x00000200000fa3d0


Dynamic libraries:
0x00007ff7429a0000 - 0x00007ff7429ae000 	c:\Users\ACER\.vscode\extensions\redhat.java-1.41.1-win32-x64\jre\21.0.6-win32-x86_64\bin\java.exe
0x00007ffed2780000 - 0x00007ffed29e0000 	C:\WINDOWS\SYSTEM32\ntdll.dll
0x00007ffed1af0000 - 0x00007ffed1bb7000 	C:\WINDOWS\System32\KERNEL32.DLL
0x00007ffecfbd0000 - 0x00007ffecff9a000 	C:\WINDOWS\System32\KERNELBASE.dll
0x00007ffed0170000 - 0x00007ffed02bb000 	C:\WINDOWS\System32\ucrtbase.dll
0x00007ffe70840000 - 0x00007ffe70858000 	c:\Users\ACER\.vscode\extensions\redhat.java-1.41.1-win32-x64\jre\21.0.6-win32-x86_64\bin\jli.dll
0x00007ffed0580000 - 0x00007ffed074c000 	C:\WINDOWS\System32\USER32.dll
0x00007ffecf960000 - 0x00007ffecf987000 	C:\WINDOWS\System32\win32u.dll
0x00007ffed19f0000 - 0x00007ffed1a1a000 	C:\WINDOWS\System32\GDI32.dll
0x00007ffecffa0000 - 0x00007ffed00d1000 	C:\WINDOWS\System32\gdi32full.dll
0x00007ffed02c0000 - 0x00007ffed0363000 	C:\WINDOWS\System32\msvcp_win.dll
0x00007ffe70820000 - 0x00007ffe7083e000 	c:\Users\ACER\.vscode\extensions\redhat.java-1.41.1-win32-x64\jre\21.0.6-win32-x86_64\bin\VCRUNTIME140.dll
0x00007ffeb35e0000 - 0x00007ffeb3877000 	C:\WINDOWS\WinSxS\amd64_microsoft.windows.common-controls_6595b64144ccf1df_6.0.26100.3624_none_3e086962e3345f24\COMCTL32.dll
0x00007ffed1cc0000 - 0x00007ffed1d69000 	C:\WINDOWS\System32\msvcrt.dll
0x00007ffed0c30000 - 0x00007ffed0c5f000 	C:\WINDOWS\System32\IMM32.DLL
0x00007ffead110000 - 0x00007ffead11c000 	c:\Users\ACER\.vscode\extensions\redhat.java-1.41.1-win32-x64\jre\21.0.6-win32-x86_64\bin\vcruntime140_1.dll
0x00007ffe6c060000 - 0x00007ffe6c0ed000 	c:\Users\ACER\.vscode\extensions\redhat.java-1.41.1-win32-x64\jre\21.0.6-win32-x86_64\bin\msvcp140.dll
0x00007ffe57ab0000 - 0x00007ffe58840000 	c:\Users\ACER\.vscode\extensions\redhat.java-1.41.1-win32-x64\jre\21.0.6-win32-x86_64\bin\server\jvm.dll
0x00007ffed14a0000 - 0x00007ffed1552000 	C:\WINDOWS\System32\ADVAPI32.dll
0x00007ffed1a40000 - 0x00007ffed1ae6000 	C:\WINDOWS\System32\sechost.dll
0x00007ffed0ae0000 - 0x00007ffed0bf6000 	C:\WINDOWS\System32\RPCRT4.dll
0x00007ffed1c40000 - 0x00007ffed1cb4000 	C:\WINDOWS\System32\WS2_32.dll
0x00007ffec8de0000 - 0x00007ffec8deb000 	C:\WINDOWS\SYSTEM32\VERSION.dll
0x00007ffece5d0000 - 0x00007ffece62e000 	C:\WINDOWS\SYSTEM32\POWRPROF.dll
0x00007ffec3800000 - 0x00007ffec3836000 	C:\WINDOWS\SYSTEM32\WINMM.dll
0x00007ffece5b0000 - 0x00007ffece5c4000 	C:\WINDOWS\SYSTEM32\UMPDC.dll
0x00007ffece890000 - 0x00007ffece8aa000 	C:\WINDOWS\SYSTEM32\kernel.appcore.dll
0x00007ffea8690000 - 0x00007ffea869a000 	c:\Users\ACER\.vscode\extensions\redhat.java-1.41.1-win32-x64\jre\21.0.6-win32-x86_64\bin\jimage.dll
0x00007ffecd070000 - 0x00007ffecd2b1000 	C:\WINDOWS\SYSTEM32\DBGHELP.DLL
0x00007ffed0750000 - 0x00007ffed0ad2000 	C:\WINDOWS\System32\combase.dll
0x00007ffed2660000 - 0x00007ffed2736000 	C:\WINDOWS\System32\OLEAUT32.dll
0x00007ffeb23f0000 - 0x00007ffeb2429000 	C:\WINDOWS\SYSTEM32\dbgcore.DLL
0x00007ffed0370000 - 0x00007ffed0409000 	C:\WINDOWS\System32\bcryptPrimitives.dll
0x00007ffe9a610000 - 0x00007ffe9a61f000 	c:\Users\ACER\.vscode\extensions\redhat.java-1.41.1-win32-x64\jre\21.0.6-win32-x86_64\bin\instrument.dll
0x00007ffe705b0000 - 0x00007ffe705cf000 	c:\Users\ACER\.vscode\extensions\redhat.java-1.41.1-win32-x64\jre\21.0.6-win32-x86_64\bin\java.dll
0x00007ffed1f20000 - 0x00007ffed2649000 	C:\WINDOWS\System32\SHELL32.dll
0x00007ffed0410000 - 0x00007ffed0578000 	C:\WINDOWS\System32\wintypes.dll
0x00007ffecd620000 - 0x00007ffecde72000 	C:\WINDOWS\SYSTEM32\windows.storage.dll
0x00007ffed0fb0000 - 0x00007ffed109d000 	C:\WINDOWS\System32\SHCORE.dll
0x00007ffed1e00000 - 0x00007ffed1e64000 	C:\WINDOWS\System32\shlwapi.dll
0x00007ffecf870000 - 0x00007ffecf89f000 	C:\WINDOWS\SYSTEM32\profapi.dll
0x00007ffe70060000 - 0x00007ffe70078000 	c:\Users\ACER\.vscode\extensions\redhat.java-1.41.1-win32-x64\jre\21.0.6-win32-x86_64\bin\zip.dll
0x00007ffe982b0000 - 0x00007ffe982c0000 	C:\Users\ACER\.vscode\extensions\redhat.java-1.41.1-win32-x64\jre\21.0.6-win32-x86_64\bin\net.dll
0x00007ffec83c0000 - 0x00007ffec84dd000 	C:\WINDOWS\SYSTEM32\WINHTTP.dll
0x00007ffecedb0000 - 0x00007ffecee1a000 	C:\WINDOWS\system32\mswsock.dll
0x00007ffe6fd90000 - 0x00007ffe6fda6000 	C:\Users\ACER\.vscode\extensions\redhat.java-1.41.1-win32-x64\jre\21.0.6-win32-x86_64\bin\nio.dll
0x00007ffe92340000 - 0x00007ffe92350000 	c:\Users\ACER\.vscode\extensions\redhat.java-1.41.1-win32-x64\jre\21.0.6-win32-x86_64\bin\verify.dll
0x00007ffe6d780000 - 0x00007ffe6d7c5000 	C:\Users\ACER\AppData\Roaming\Code\User\globalStorage\redhat.java\1.41.1\config_win\org.eclipse.equinox.launcher\org.eclipse.equinox.launcher.win32.win32.x86_64_1.2.1300.v20250331-1702\eclipse_11911.dll
0x00007ffed1280000 - 0x00007ffed1416000 	C:\WINDOWS\System32\ole32.dll
0x00007ffecf050000 - 0x00007ffecf06c000 	C:\WINDOWS\SYSTEM32\CRYPTSP.dll
0x00007ffece7f0000 - 0x00007ffece82a000 	C:\WINDOWS\system32\rsaenh.dll
0x00007ffecee50000 - 0x00007ffecee7b000 	C:\WINDOWS\SYSTEM32\USERENV.dll
0x00007ffecf840000 - 0x00007ffecf866000 	C:\WINDOWS\SYSTEM32\bcrypt.dll
0x00007ffecf070000 - 0x00007ffecf07c000 	C:\WINDOWS\SYSTEM32\CRYPTBASE.dll
0x00007ffece260000 - 0x00007ffece293000 	C:\WINDOWS\SYSTEM32\IPHLPAPI.DLL
0x00007ffed1490000 - 0x00007ffed149a000 	C:\WINDOWS\System32\NSI.dll
0x00007ffe6d1a0000 - 0x00007ffe6d1e9000 	C:\Users\ACER\AppData\Local\Temp\jna-2003023\jna11593019941128439633.dll
0x00007ffed2650000 - 0x00007ffed2658000 	C:\WINDOWS\System32\PSAPI.DLL
0x00007ffec8390000 - 0x00007ffec83af000 	C:\WINDOWS\SYSTEM32\dhcpcsvc6.DLL
0x00007ffec8120000 - 0x00007ffec8145000 	C:\WINDOWS\SYSTEM32\dhcpcsvc.DLL
0x00007ffead440000 - 0x00007ffead44e000 	C:\Users\ACER\.vscode\extensions\redhat.java-1.41.1-win32-x64\jre\21.0.6-win32-x86_64\bin\sunmscapi.dll
0x00007ffecfa50000 - 0x00007ffecfbc7000 	C:\WINDOWS\System32\CRYPT32.dll
0x00007ffecf250000 - 0x00007ffecf280000 	C:\WINDOWS\SYSTEM32\ncrypt.dll
0x00007ffecf200000 - 0x00007ffecf23f000 	C:\WINDOWS\SYSTEM32\NTASN1.dll
0x00007ffece300000 - 0x00007ffece425000 	C:\WINDOWS\SYSTEM32\DNSAPI.dll
0x00007ffebd770000 - 0x00007ffebd77b000 	C:\Windows\System32\rasadhlp.dll
0x00007ffec78e0000 - 0x00007ffec7965000 	C:\WINDOWS\System32\fwpuclnt.dll
0x00007ffe981f0000 - 0x00007ffe981f9000 	C:\Users\ACER\.vscode\extensions\redhat.java-1.41.1-win32-x64\jre\21.0.6-win32-x86_64\bin\extnet.dll

dbghelp: loaded successfully - version: 4.0.5 - missing functions: none
symbol engine: initialized successfully - sym options: 0x614 - pdb path: .;c:\Users\ACER\.vscode\extensions\redhat.java-1.41.1-win32-x64\jre\21.0.6-win32-x86_64\bin;C:\WINDOWS\SYSTEM32;C:\WINDOWS\WinSxS\amd64_microsoft.windows.common-controls_6595b64144ccf1df_6.0.26100.3624_none_3e086962e3345f24;c:\Users\ACER\.vscode\extensions\redhat.java-1.41.1-win32-x64\jre\21.0.6-win32-x86_64\bin\server;C:\Users\ACER\AppData\Roaming\Code\User\globalStorage\redhat.java\1.41.1\config_win\org.eclipse.equinox.launcher\org.eclipse.equinox.launcher.win32.win32.x86_64_1.2.1300.v20250331-1702;C:\Users\ACER\AppData\Local\Temp\jna-2003023

VM Arguments:
jvm_args: --add-modules=ALL-SYSTEM --add-opens=java.base/java.util=ALL-UNNAMED --add-opens=java.base/java.lang=ALL-UNNAMED --add-opens=java.base/sun.nio.fs=ALL-UNNAMED -Declipse.application=org.eclipse.jdt.ls.core.id1 -Dosgi.bundles.defaultStartLevel=4 -Declipse.product=org.eclipse.jdt.ls.core.product -Djava.import.generatesMetadataFilesAtProjectRoot=false -DDetectVMInstallationsJob.disabled=true -Dfile.encoding=utf8 -XX:+UseParallelGC -XX:GCTimeRatio=4 -XX:AdaptiveSizePolicyWeight=90 -Dsun.zip.disableMemoryMapping=true -Xmx1G -Xms100m -Xlog:disable -javaagent:c:\Users\ACER\.vscode\extensions\redhat.java-1.41.1-win32-x64\lombok\lombok-1.18.36.jar -XX:+HeapDumpOnOutOfMemoryError -XX:HeapDumpPath=c:\Users\ACER\AppData\Roaming\Code\User\workspaceStorage\c5c08457940705c6c6acc5ba8aad8b10\redhat.java -Daether.dependencyCollector.impl=bf 
java_command: c:\Users\ACER\.vscode\extensions\redhat.java-1.41.1-win32-x64\server\plugins\org.eclipse.equinox.launcher_1.7.0.v20250331-1702.jar -configuration c:\Users\ACER\AppData\Roaming\Code\User\globalStorage\redhat.java\1.41.1\config_win -data c:\Users\ACER\AppData\Roaming\Code\User\workspaceStorage\c5c08457940705c6c6acc5ba8aad8b10\redhat.java\jdt_ws --pipe=\\.\pipe\lsp-955599ce197c73d631401d1be1812946-sock
java_class_path (initial): c:\Users\ACER\.vscode\extensions\redhat.java-1.41.1-win32-x64\server\plugins\org.eclipse.equinox.launcher_1.7.0.v20250331-1702.jar
Launcher Type: SUN_STANDARD

[Global flags]
    uintx AdaptiveSizePolicyWeight                 = 90                                        {product} {command line}
     intx CICompilerCount                          = 12                                        {product} {ergonomic}
    uintx GCTimeRatio                              = 4                                         {product} {command line}
     bool HeapDumpOnOutOfMemoryError               = true                                   {manageable} {command line}
    ccstr HeapDumpPath                             = c:\Users\ACER\AppData\Roaming\Code\User\workspaceStorage\c5c08457940705c6c6acc5ba8aad8b10\redhat.java         {manageable} {command line}
   size_t InitialHeapSize                          = 104857600                                 {product} {command line}
   size_t MaxHeapSize                              = 1073741824                                {product} {command line}
   size_t MaxNewSize                               = 357564416                                 {product} {ergonomic}
   size_t MinHeapDeltaBytes                        = 524288                                    {product} {ergonomic}
   size_t MinHeapSize                              = 104857600                                 {product} {command line}
   size_t NewSize                                  = 34603008                                  {product} {ergonomic}
    uintx NonNMethodCodeHeapSize                   = 7602480                                {pd product} {ergonomic}
    uintx NonProfiledCodeHeapSize                  = 122027880                              {pd product} {ergonomic}
   size_t OldSize                                  = 70254592                                  {product} {ergonomic}
    uintx ProfiledCodeHeapSize                     = 122027880                              {pd product} {ergonomic}
    uintx ReservedCodeCacheSize                    = 251658240                              {pd product} {ergonomic}
     bool SegmentedCodeCache                       = true                                      {product} {ergonomic}
   size_t SoftMaxHeapSize                          = 1073741824                             {manageable} {ergonomic}
     bool UseCompressedOops                        = true                           {product lp64_product} {ergonomic}
     bool UseLargePagesIndividualAllocation        = false                                  {pd product} {ergonomic}
     bool UseParallelGC                            = true                                      {product} {command line}

Logging:
Log output configuration:
 #0: stdout all=off uptime,level,tags foldmultilines=false
 #1: stderr all=off uptime,level,tags foldmultilines=false

Environment Variables:
JAVA_HOME=C:\Program Files\Zulu\zulu-17
PATH=C:\Python313\Scripts\;C:\Python313\;C:\Program Files\Zulu\zulu-17\bin\;"C:\Program Files (x86)\Common Files\Oracle\Java\C:\Program Files\java\jdk1.8.0_271\bin;C:\Program Files\java\jre1.8.0_271\bin";C:\Program Files\Common Files\Oracle\Java\javapath;C:\Program Files (x86)\Common Files\Oracle\Java\java8path;C:\Program Files (x86)\Common Files\Oracle\Java\javapath;C:\Windows\system32;C:\Windows;C:\Windows\System32\Wbem;C:\Windows\System32\WindowsPowerShell\v1.0\;C:\Windows\System32\OpenSSH\;C:\Program Files (x86)\NVIDIA Corporation\PhysX\Common;C:\Program Files\NVIDIA Corporation\NVIDIA NvDLISR;C:\Program Files\MySQL\MySQL Server 8.0\bin;C:\Program Files\Git\cmd;C:\WINDOWS\system32;C:\WINDOWS;C:\WINDOWS\System32\Wbem;C:\WINDOWS\System32\WindowsPowerShell\v1.0\;C:\WINDOWS\System32\OpenSSH\;C:\Users\ACER\Downloads\apache-maven-3.9.9-bin\apache-maven-3.9.9\bin;C:\Program Files (x86)\Microsoft Visual Studio\2022\BuildTools\VC\Tools\MSVC\14.42.34433\bin\Hostx64\x64;C:\ProgramData\chocolatey\bin;C:\Program Files\nodejs\;C:\chromedriver\chromedriver-win64\chromedriver.exe;C:\Program Files\MySQL\MySQL Shell 8.0\bin\;C:\Users\ACER\AppData\Local\Programs\Python\Python311\Scripts\;C:\Users\ACER\AppData\Local\Programs\Python\Launcher\;C:\Program Files\JetBrains\IntelliJ IDEA Community Edition 2024.2.1\bin;;C:\Users\ACER\AppData\Local\Programs\Microsoft VS Code\bin;C:\Users\ACER\.pyenv\pyenv-win-master\pyenv-win\bin;C:\Users\ACER\.pyenv\pyenv-win-master\pyenv-win\shims;C:\Users\ACER\AppData\Roaming\npm
USERNAME=ACER
OS=Windows_NT
PROCESSOR_IDENTIFIER=Intel64 Family 6 Model 186 Stepping 2, GenuineIntel
TMP=C:\Users\ACER\AppData\Local\Temp
TEMP=C:\Users\ACER\AppData\Local\Temp




Periodic native trim disabled

---------------  S Y S T E M  ---------------

OS:
 Windows 11 , 64 bit Build 26100 (10.0.26100.3775)
OS uptime: 1 days 11:18 hours
Hyper-V role detected

CPU: total 16 (initial active 16) (8 cores per cpu, 2 threads per core) family 6 model 186 stepping 2 microcode 0x4112, cx8, cmov, fxsr, ht, mmx, 3dnowpref, sse, sse2, sse3, ssse3, sse4.1, sse4.2, popcnt, lzcnt, tsc, tscinvbit, avx, avx2, aes, erms, clmul, bmi1, bmi2, adx, sha, fma, vzeroupper, clflush, clflushopt, clwb, hv, serialize, rdtscp, rdpid, fsrm, f16c, cet_ibt, cet_ss
Processor Information for processor 0
  Max Mhz: 2400, Current Mhz: 2400, Mhz Limit: 2400
Processor Information for processor 1
  Max Mhz: 2400, Current Mhz: 2400, Mhz Limit: 2400
Processor Information for processor 2
  Max Mhz: 2400, Current Mhz: 1520, Mhz Limit: 2400
Processor Information for processor 3
  Max Mhz: 2400, Current Mhz: 1520, Mhz Limit: 2400
Processor Information for processor 4
  Max Mhz: 2400, Current Mhz: 2400, Mhz Limit: 2400
Processor Information for processor 5
  Max Mhz: 2400, Current Mhz: 2400, Mhz Limit: 2400
Processor Information for processor 6
  Max Mhz: 2400, Current Mhz: 2400, Mhz Limit: 2400
Processor Information for processor 7
  Max Mhz: 2400, Current Mhz: 2400, Mhz Limit: 2400
Processor Information for processor 8
  Max Mhz: 2400, Current Mhz: 2400, Mhz Limit: 2400
Processor Information for processor 9
  Max Mhz: 2400, Current Mhz: 2400, Mhz Limit: 2400
Processor Information for processor 10
  Max Mhz: 2400, Current Mhz: 1520, Mhz Limit: 2400
Processor Information for processor 11
  Max Mhz: 2400, Current Mhz: 1520, Mhz Limit: 2400
Processor Information for processor 12
  Max Mhz: 2400, Current Mhz: 1800, Mhz Limit: 1800
Processor Information for processor 13
  Max Mhz: 2400, Current Mhz: 1500, Mhz Limit: 1800
Processor Information for processor 14
  Max Mhz: 2400, Current Mhz: 1500, Mhz Limit: 1800
Processor Information for processor 15
  Max Mhz: 2400, Current Mhz: 1500, Mhz Limit: 1800

Memory: 4k page, system-wide physical 7895M (3M free)
TotalPageFile size 32471M (AvailPageFile size 38M)
current process WorkingSet (physical memory assigned to process): 12M, peak: 192M
current process commit charge ("private bytes"): 341M, peak: 348M

vm_info: OpenJDK 64-Bit Server VM (21.0.6+7-LTS) for windows-amd64 JRE (21.0.6+7-LTS), built on 2025-01-21T00:00:00Z by "admin" with MS VC++ 17.7 (VS2022)

END.
