#
# There is insufficient memory for the Java Runtime Environment to continue.
# Native memory allocation (malloc) failed to allocate 1727376 bytes. Error detail: Chunk::new
# Possible reasons:
#   The system is out of physical RAM or swap space
#   This process is running with CompressedOops enabled, and the Java Heap may be blocking the growth of the native heap
# Possible solutions:
#   Reduce memory load on the system
#   Increase physical memory or swap space
#   Check if swap backing store is full
#   Decrease Java heap size (-Xmx/-Xms)
#   Decrease number of Java threads
#   Decrease Java thread stack sizes (-Xss)
#   Set larger code cache with -XX:ReservedCodeCacheSize=
#   JVM is running with Unscaled Compressed Oops mode in which the Java heap is
#     placed in the first 4GB address space. The Java Heap base address is the
#     maximum limit for the native heap growth. Please use -XX:HeapBaseMinAddress
#     to set the Java Heap base and to place the Java Heap above 4GB virtual address.
# This output file may be truncated or incomplete.
#
#  Out of Memory Error (arena.cpp:191), pid=6064, tid=33960
#
# JRE version: OpenJDK Runtime Environment Zulu17.52+17-CA (17.0.12+7) (build 17.0.12+7-LTS)
# Java VM: OpenJDK 64-Bit Server VM Zulu17.52+17-CA (17.0.12+7-LTS, mixed mode, sharing, tiered, compressed oops, compressed class ptrs, g1 gc, windows-amd64)
# No core dump will be written. Minidumps are not enabled by default on client versions of Windows
#

---------------  S U M M A R Y ------------

Command Line: -Dclassworlds.conf=C:\Users\ACER\Downloads\apache-maven-3.9.9-bin\apache-maven-3.9.9\bin\m2.conf -Dmaven.home=C:\Users\ACER\Downloads\apache-maven-3.9.9-bin\apache-maven-3.9.9 -Dlibrary.jansi.path=C:\Users\ACER\Downloads\apache-maven-3.9.9-bin\apache-maven-3.9.9\lib\jansi-native -Dmaven.multiModuleProjectDirectory=C:\Users\ACER\VisualStudioCodeProject\demo org.codehaus.plexus.classworlds.launcher.Launcher spring-boot:run

Host: 13th Gen Intel(R) Core(TM) i7-13620H, 16 cores, 7G,  Windows 11 , 64 bit Build 26100 (10.0.26100.3775)
Time: Tue Apr 15 08:12:59 2025 Malay Peninsula Standard Time elapsed time: 16.361800 seconds (0d 0h 0m 16s)

---------------  T H R E A D  ---------------

Current thread (0x000001be38dbaaf0):  JavaThread "C2 CompilerThread0" daemon [_thread_in_native, id=33960, stack(0x000000ae6d800000,0x000000ae6d900000)]


Current CompileTask:
C2:  16362 5262       4       java.util.stream.SortedOps$SizedRefSortingSink::end (129 bytes)

Stack: [0x000000ae6d800000,0x000000ae6d900000]
Native frames: (J=compiled Java code, j=interpreted, Vv=VM code, C=native code)
V  [jvm.dll+0x683c59]
V  [jvm.dll+0x83b83a]
V  [jvm.dll+0x83d2fe]
V  [jvm.dll+0x83d963]
V  [jvm.dll+0x24be5f]
V  [jvm.dll+0xac9d4]
V  [jvm.dll+0xad01c]
V  [jvm.dll+0x36b702]
V  [jvm.dll+0x1bd546]
V  [jvm.dll+0x21ac49]
V  [jvm.dll+0x219f31]
V  [jvm.dll+0x1a5a8d]
V  [jvm.dll+0x229c7e]
V  [jvm.dll+0x227e1c]
V  [jvm.dll+0x7f0877]
V  [jvm.dll+0x7eac2c]
V  [jvm.dll+0x682b27]
C  [ucrtbase.dll+0x37b0]
C  [KERNEL32.DLL+0x2e8d7]
C  [ntdll.dll+0xb14fc]


---------------  P R O C E S S  ---------------

Threads class SMR info:
_java_thread_list=0x000001be7edb5090, length=14, elements={
0x000001be198464e0, 0x000001be38d9bad0, 0x000001be38d9c4a0, 0x000001be38db2fb0,
0x000001be38db89a0, 0x000001be38db9370, 0x000001be38db9d40, 0x000001be38dbaaf0,
0x000001be38dd35d0, 0x000001be7e008070, 0x000001be7e177630, 0x000001be7e17cba0,
0x000001be7f439f80, 0x000001be7f238b50
}

Java Threads: ( => current thread )
  0x000001be198464e0 JavaThread "main" [_thread_in_Java, id=11956, stack(0x000000ae6cb00000,0x000000ae6cc00000)]
  0x000001be38d9bad0 JavaThread "Reference Handler" daemon [_thread_blocked, id=50460, stack(0x000000ae6d200000,0x000000ae6d300000)]
  0x000001be38d9c4a0 JavaThread "Finalizer" daemon [_thread_blocked, id=47828, stack(0x000000ae6d300000,0x000000ae6d400000)]
  0x000001be38db2fb0 JavaThread "Signal Dispatcher" daemon [_thread_blocked, id=36328, stack(0x000000ae6d400000,0x000000ae6d500000)]
  0x000001be38db89a0 JavaThread "Attach Listener" daemon [_thread_blocked, id=14352, stack(0x000000ae6d500000,0x000000ae6d600000)]
  0x000001be38db9370 JavaThread "Service Thread" daemon [_thread_blocked, id=19176, stack(0x000000ae6d600000,0x000000ae6d700000)]
  0x000001be38db9d40 JavaThread "Monitor Deflation Thread" daemon [_thread_blocked, id=44352, stack(0x000000ae6d700000,0x000000ae6d800000)]
=>0x000001be38dbaaf0 JavaThread "C2 CompilerThread0" daemon [_thread_in_native, id=33960, stack(0x000000ae6d800000,0x000000ae6d900000)]
  0x000001be38dd35d0 JavaThread "C1 CompilerThread0" daemon [_thread_blocked, id=10356, stack(0x000000ae6d900000,0x000000ae6da00000)]
  0x000001be7e008070 JavaThread "Sweeper thread" daemon [_thread_blocked, id=51416, stack(0x000000ae6da00000,0x000000ae6db00000)]
  0x000001be7e177630 JavaThread "Notification Thread" daemon [_thread_blocked, id=50016, stack(0x000000ae6dd00000,0x000000ae6de00000)]
  0x000001be7e17cba0 JavaThread "Common-Cleaner" daemon [_thread_blocked, id=50196, stack(0x000000ae6df00000,0x000000ae6e000000)]
  0x000001be7f439f80 JavaThread "Thread-1" daemon [_thread_blocked, id=41896, stack(0x000000ae6e900000,0x000000ae6ea00000)]
  0x000001be7f238b50 JavaThread "C1 CompilerThread1" daemon [_thread_in_native, id=31740, stack(0x000000ae6eb00000,0x000000ae6ec00000)]

Other Threads:
  0x000001be38d96100 VMThread "VM Thread" [stack: 0x000000ae6d100000,0x000000ae6d200000] [id=42400]
  0x000001be7e178330 WatcherThread [stack: 0x000000ae6de00000,0x000000ae6df00000] [id=44836]
  0x000001be198a1a60 GCTaskThread "GC Thread#0" [stack: 0x000000ae6cc00000,0x000000ae6cd00000] [id=43148]
  0x000001be7e26e6b0 GCTaskThread "GC Thread#1" [stack: 0x000000ae6e100000,0x000000ae6e200000] [id=49076]
  0x000001be7e9bdfd0 GCTaskThread "GC Thread#2" [stack: 0x000000ae6e200000,0x000000ae6e300000] [id=47504]
  0x000001be7ebd92f0 GCTaskThread "GC Thread#3" [stack: 0x000000ae6e300000,0x000000ae6e400000] [id=41520]
  0x000001be7ebd87b0 GCTaskThread "GC Thread#4" [stack: 0x000000ae6e400000,0x000000ae6e500000] [id=24368]
  0x000001be7ebd8d50 GCTaskThread "GC Thread#5" [stack: 0x000000ae6e500000,0x000000ae6e600000] [id=47184]
  0x000001be7ebd9e30 GCTaskThread "GC Thread#6" [stack: 0x000000ae6e600000,0x000000ae6e700000] [id=48360]
  0x000001be7ebd84e0 GCTaskThread "GC Thread#7" [stack: 0x000000ae6e700000,0x000000ae6e800000] [id=39468]
  0x000001be7ebd95c0 GCTaskThread "GC Thread#8" [stack: 0x000000ae6e800000,0x000000ae6e900000] [id=49468]
  0x000001be7f7d1590 GCTaskThread "GC Thread#9" [stack: 0x000000ae6db00000,0x000000ae6dc00000] [id=36360]
  0x000001be7f7d3750 GCTaskThread "GC Thread#10" [stack: 0x000000ae6dc00000,0x000000ae6dd00000] [id=51876]
  0x000001be7f7d1b30 GCTaskThread "GC Thread#11" [stack: 0x000000ae6e000000,0x000000ae6e100000] [id=38860]
  0x000001be7f7d1860 GCTaskThread "GC Thread#12" [stack: 0x000000ae6ea00000,0x000000ae6eb00000] [id=18128]
  0x000001be198b2080 ConcurrentGCThread "G1 Main Marker" [stack: 0x000000ae6cd00000,0x000000ae6ce00000] [id=46572]
  0x000001be198b2aa0 ConcurrentGCThread "G1 Conc#0" [stack: 0x000000ae6ce00000,0x000000ae6cf00000] [id=28480]
  0x000001be198fe8b0 ConcurrentGCThread "G1 Refine#0" [stack: 0x000000ae6cf00000,0x000000ae6d000000] [id=49788]
  0x000001be38c419f0 ConcurrentGCThread "G1 Service" [stack: 0x000000ae6d000000,0x000000ae6d100000] [id=45148]

Threads with active compile tasks:
C2 CompilerThread0    16409 5262       4       java.util.stream.SortedOps$SizedRefSortingSink::end (129 bytes)

VM state: not at safepoint (normal execution)

VM Mutex/Monitor currently owned by a thread: None

Heap address: 0x0000000084a00000, size: 1974 MB, Compressed Oops mode: 32-bit

CDS archive(s) mapped at: [0x000001be39000000-0x000001be39bd0000-0x000001be39bd0000), size 12386304, SharedBaseAddress: 0x000001be39000000, ArchiveRelocationMode: 1.
Compressed class space mapped at: 0x000001be3a000000-0x000001be7a000000, reserved size: 1073741824
Narrow klass base: 0x000001be39000000, Narrow klass shift: 0, Narrow klass range: 0x100000000

GC Precious Log:
 CPUs: 16 total, 16 available
 Memory: 7895M
 Large Page Support: Disabled
 NUMA Support: Disabled
 Compressed Oops: Enabled (32-bit)
 Heap Region Size: 1M
 Heap Min Capacity: 8M
 Heap Initial Capacity: 124M
 Heap Max Capacity: 1974M
 Pre-touch: Disabled
 Parallel Workers: 13
 Concurrent Workers: 3
 Concurrent Refinement Workers: 13
 Periodic GC: Disabled

Heap:
 garbage-first heap   total 126976K, used 74889K [0x0000000084a00000, 0x0000000100000000)
  region size 1024K, 62 young (63488K), 4 survivors (4096K)
 Metaspace       used 20212K, committed 20480K, reserved 1114112K
  class space    used 2430K, committed 2560K, reserved 1048576K

Heap Regions: E=young(eden), S=young(survivor), O=old, HS=humongous(starts), HC=humongous(continues), CS=collection set, F=free, OA=open archive, CA=closed archive, TAMS=top-at-mark-start (previous, next)
|   0|0x0000000084a00000, 0x0000000084b00000, 0x0000000084b00000|100%| O|  |TAMS 0x0000000084a00000, 0x0000000084a00000| Untracked 
|   1|0x0000000084b00000, 0x0000000084c00000, 0x0000000084c00000|100%| O|  |TAMS 0x0000000084b00000, 0x0000000084b00000| Untracked 
|   2|0x0000000084c00000, 0x0000000084d00000, 0x0000000084d00000|100%| O|  |TAMS 0x0000000084c00000, 0x0000000084c00000| Untracked 
|   3|0x0000000084d00000, 0x0000000084e00000, 0x0000000084e00000|100%| O|  |TAMS 0x0000000084d00000, 0x0000000084d00000| Untracked 
|   4|0x0000000084e00000, 0x0000000084f00000, 0x0000000084f00000|100%| O|  |TAMS 0x0000000084e00000, 0x0000000084e00000| Untracked 
|   5|0x0000000084f00000, 0x0000000085000000, 0x0000000085000000|100%| O|  |TAMS 0x0000000084f00000, 0x0000000084f00000| Untracked 
|   6|0x0000000085000000, 0x0000000085100000, 0x0000000085100000|100%| O|  |TAMS 0x0000000085000000, 0x0000000085000000| Untracked 
|   7|0x0000000085100000, 0x0000000085200000, 0x0000000085200000|100%| O|  |TAMS 0x0000000085100000, 0x0000000085100000| Untracked 
|   8|0x0000000085200000, 0x0000000085300000, 0x0000000085300000|100%| O|  |TAMS 0x0000000085200000, 0x0000000085200000| Untracked 
|   9|0x0000000085300000, 0x0000000085400000, 0x0000000085400000|100%| O|  |TAMS 0x0000000085300000, 0x0000000085300000| Untracked 
|  10|0x0000000085400000, 0x0000000085500000, 0x0000000085500000|100%| O|  |TAMS 0x0000000085400000, 0x0000000085400000| Untracked 
|  11|0x0000000085500000, 0x0000000085600000, 0x0000000085600000|100%| O|  |TAMS 0x0000000085500000, 0x0000000085500000| Untracked 
|  12|0x0000000085600000, 0x0000000085622400, 0x0000000085700000| 13%| O|  |TAMS 0x0000000085600000, 0x0000000085600000| Untracked 
|  13|0x0000000085700000, 0x0000000085700000, 0x0000000085800000|  0%| F|  |TAMS 0x0000000085700000, 0x0000000085700000| Untracked 
|  14|0x0000000085800000, 0x0000000085800000, 0x0000000085900000|  0%| F|  |TAMS 0x0000000085800000, 0x0000000085800000| Untracked 
|  15|0x0000000085900000, 0x0000000085900000, 0x0000000085a00000|  0%| F|  |TAMS 0x0000000085900000, 0x0000000085900000| Untracked 
|  16|0x0000000085a00000, 0x0000000085a00000, 0x0000000085b00000|  0%| F|  |TAMS 0x0000000085a00000, 0x0000000085a00000| Untracked 
|  17|0x0000000085b00000, 0x0000000085b00000, 0x0000000085c00000|  0%| F|  |TAMS 0x0000000085b00000, 0x0000000085b00000| Untracked 
|  18|0x0000000085c00000, 0x0000000085c00000, 0x0000000085d00000|  0%| F|  |TAMS 0x0000000085c00000, 0x0000000085c00000| Untracked 
|  19|0x0000000085d00000, 0x0000000085d00000, 0x0000000085e00000|  0%| F|  |TAMS 0x0000000085d00000, 0x0000000085d00000| Untracked 
|  20|0x0000000085e00000, 0x0000000085e00000, 0x0000000085f00000|  0%| F|  |TAMS 0x0000000085e00000, 0x0000000085e00000| Untracked 
|  21|0x0000000085f00000, 0x0000000085f00000, 0x0000000086000000|  0%| F|  |TAMS 0x0000000085f00000, 0x0000000085f00000| Untracked 
|  22|0x0000000086000000, 0x0000000086000000, 0x0000000086100000|  0%| F|  |TAMS 0x0000000086000000, 0x0000000086000000| Untracked 
|  23|0x0000000086100000, 0x0000000086100000, 0x0000000086200000|  0%| F|  |TAMS 0x0000000086100000, 0x0000000086100000| Untracked 
|  24|0x0000000086200000, 0x0000000086200000, 0x0000000086300000|  0%| F|  |TAMS 0x0000000086200000, 0x0000000086200000| Untracked 
|  25|0x0000000086300000, 0x0000000086300000, 0x0000000086400000|  0%| F|  |TAMS 0x0000000086300000, 0x0000000086300000| Untracked 
|  26|0x0000000086400000, 0x0000000086400000, 0x0000000086500000|  0%| F|  |TAMS 0x0000000086400000, 0x0000000086400000| Untracked 
|  27|0x0000000086500000, 0x0000000086500000, 0x0000000086600000|  0%| F|  |TAMS 0x0000000086500000, 0x0000000086500000| Untracked 
|  28|0x0000000086600000, 0x0000000086600000, 0x0000000086700000|  0%| F|  |TAMS 0x0000000086600000, 0x0000000086600000| Untracked 
|  29|0x0000000086700000, 0x0000000086700000, 0x0000000086800000|  0%| F|  |TAMS 0x0000000086700000, 0x0000000086700000| Untracked 
|  30|0x0000000086800000, 0x0000000086800000, 0x0000000086900000|  0%| F|  |TAMS 0x0000000086800000, 0x0000000086800000| Untracked 
|  31|0x0000000086900000, 0x0000000086900000, 0x0000000086a00000|  0%| F|  |TAMS 0x0000000086900000, 0x0000000086900000| Untracked 
|  32|0x0000000086a00000, 0x0000000086a00000, 0x0000000086b00000|  0%| F|  |TAMS 0x0000000086a00000, 0x0000000086a00000| Untracked 
|  33|0x0000000086b00000, 0x0000000086b00000, 0x0000000086c00000|  0%| F|  |TAMS 0x0000000086b00000, 0x0000000086b00000| Untracked 
|  34|0x0000000086c00000, 0x0000000086c00000, 0x0000000086d00000|  0%| F|  |TAMS 0x0000000086c00000, 0x0000000086c00000| Untracked 
|  35|0x0000000086d00000, 0x0000000086d00000, 0x0000000086e00000|  0%| F|  |TAMS 0x0000000086d00000, 0x0000000086d00000| Untracked 
|  36|0x0000000086e00000, 0x0000000086e00000, 0x0000000086f00000|  0%| F|  |TAMS 0x0000000086e00000, 0x0000000086e00000| Untracked 
|  37|0x0000000086f00000, 0x0000000086f00000, 0x0000000087000000|  0%| F|  |TAMS 0x0000000086f00000, 0x0000000086f00000| Untracked 
|  38|0x0000000087000000, 0x0000000087000000, 0x0000000087100000|  0%| F|  |TAMS 0x0000000087000000, 0x0000000087000000| Untracked 
|  39|0x0000000087100000, 0x0000000087100000, 0x0000000087200000|  0%| F|  |TAMS 0x0000000087100000, 0x0000000087100000| Untracked 
|  40|0x0000000087200000, 0x0000000087200000, 0x0000000087300000|  0%| F|  |TAMS 0x0000000087200000, 0x0000000087200000| Untracked 
|  41|0x0000000087300000, 0x0000000087300000, 0x0000000087400000|  0%| F|  |TAMS 0x0000000087300000, 0x0000000087300000| Untracked 
|  42|0x0000000087400000, 0x0000000087400000, 0x0000000087500000|  0%| F|  |TAMS 0x0000000087400000, 0x0000000087400000| Untracked 
|  43|0x0000000087500000, 0x0000000087500000, 0x0000000087600000|  0%| F|  |TAMS 0x0000000087500000, 0x0000000087500000| Untracked 
|  44|0x0000000087600000, 0x0000000087600000, 0x0000000087700000|  0%| F|  |TAMS 0x0000000087600000, 0x0000000087600000| Untracked 
|  45|0x0000000087700000, 0x0000000087700000, 0x0000000087800000|  0%| F|  |TAMS 0x0000000087700000, 0x0000000087700000| Untracked 
|  46|0x0000000087800000, 0x0000000087800000, 0x0000000087900000|  0%| F|  |TAMS 0x0000000087800000, 0x0000000087800000| Untracked 
|  47|0x0000000087900000, 0x0000000087900000, 0x0000000087a00000|  0%| F|  |TAMS 0x0000000087900000, 0x0000000087900000| Untracked 
|  48|0x0000000087a00000, 0x0000000087a00000, 0x0000000087b00000|  0%| F|  |TAMS 0x0000000087a00000, 0x0000000087a00000| Untracked 
|  49|0x0000000087b00000, 0x0000000087b00000, 0x0000000087c00000|  0%| F|  |TAMS 0x0000000087b00000, 0x0000000087b00000| Untracked 
|  50|0x0000000087c00000, 0x0000000087c00000, 0x0000000087d00000|  0%| F|  |TAMS 0x0000000087c00000, 0x0000000087c00000| Untracked 
|  51|0x0000000087d00000, 0x0000000087d00000, 0x0000000087e00000|  0%| F|  |TAMS 0x0000000087d00000, 0x0000000087d00000| Untracked 
|  52|0x0000000087e00000, 0x0000000087e00000, 0x0000000087f00000|  0%| F|  |TAMS 0x0000000087e00000, 0x0000000087e00000| Untracked 
|  53|0x0000000087f00000, 0x0000000087f00000, 0x0000000088000000|  0%| F|  |TAMS 0x0000000087f00000, 0x0000000087f00000| Untracked 
|  54|0x0000000088000000, 0x0000000088000000, 0x0000000088100000|  0%| F|  |TAMS 0x0000000088000000, 0x0000000088000000| Untracked 
|  55|0x0000000088100000, 0x0000000088100000, 0x0000000088200000|  0%| F|  |TAMS 0x0000000088100000, 0x0000000088100000| Untracked 
|  56|0x0000000088200000, 0x0000000088300000, 0x0000000088300000|100%| S|CS|TAMS 0x0000000088200000, 0x0000000088200000| Complete 
|  57|0x0000000088300000, 0x0000000088400000, 0x0000000088400000|100%| S|CS|TAMS 0x0000000088300000, 0x0000000088300000| Complete 
|  58|0x0000000088400000, 0x0000000088500000, 0x0000000088500000|100%| S|CS|TAMS 0x0000000088400000, 0x0000000088400000| Complete 
|  59|0x0000000088500000, 0x0000000088600000, 0x0000000088600000|100%| S|CS|TAMS 0x0000000088500000, 0x0000000088500000| Complete 
|  60|0x0000000088600000, 0x0000000088600000, 0x0000000088700000|  0%| F|  |TAMS 0x0000000088600000, 0x0000000088600000| Untracked 
|  61|0x0000000088700000, 0x0000000088700000, 0x0000000088800000|  0%| F|  |TAMS 0x0000000088700000, 0x0000000088700000| Untracked 
|  62|0x0000000088800000, 0x0000000088800000, 0x0000000088900000|  0%| F|  |TAMS 0x0000000088800000, 0x0000000088800000| Untracked 
|  63|0x0000000088900000, 0x0000000088900000, 0x0000000088a00000|  0%| F|  |TAMS 0x0000000088900000, 0x0000000088900000| Untracked 
|  64|0x0000000088a00000, 0x0000000088a00000, 0x0000000088b00000|  0%| F|  |TAMS 0x0000000088a00000, 0x0000000088a00000| Untracked 
|  65|0x0000000088b00000, 0x0000000088b00000, 0x0000000088c00000|  0%| F|  |TAMS 0x0000000088b00000, 0x0000000088b00000| Untracked 
|  66|0x0000000088c00000, 0x0000000088c80800, 0x0000000088d00000| 50%| E|  |TAMS 0x0000000088c00000, 0x0000000088c00000| Complete 
|  67|0x0000000088d00000, 0x0000000088e00000, 0x0000000088e00000|100%| E|CS|TAMS 0x0000000088d00000, 0x0000000088d00000| Complete 
|  68|0x0000000088e00000, 0x0000000088f00000, 0x0000000088f00000|100%| E|CS|TAMS 0x0000000088e00000, 0x0000000088e00000| Complete 
|  69|0x0000000088f00000, 0x0000000089000000, 0x0000000089000000|100%| E|CS|TAMS 0x0000000088f00000, 0x0000000088f00000| Complete 
|  70|0x0000000089000000, 0x0000000089100000, 0x0000000089100000|100%| E|CS|TAMS 0x0000000089000000, 0x0000000089000000| Complete 
|  71|0x0000000089100000, 0x0000000089200000, 0x0000000089200000|100%| E|CS|TAMS 0x0000000089100000, 0x0000000089100000| Complete 
|  72|0x0000000089200000, 0x0000000089300000, 0x0000000089300000|100%| E|CS|TAMS 0x0000000089200000, 0x0000000089200000| Complete 
|  73|0x0000000089300000, 0x0000000089400000, 0x0000000089400000|100%| E|CS|TAMS 0x0000000089300000, 0x0000000089300000| Complete 
|  74|0x0000000089400000, 0x0000000089500000, 0x0000000089500000|100%| E|CS|TAMS 0x0000000089400000, 0x0000000089400000| Complete 
|  75|0x0000000089500000, 0x0000000089600000, 0x0000000089600000|100%| E|CS|TAMS 0x0000000089500000, 0x0000000089500000| Complete 
|  76|0x0000000089600000, 0x0000000089700000, 0x0000000089700000|100%| E|CS|TAMS 0x0000000089600000, 0x0000000089600000| Complete 
|  77|0x0000000089700000, 0x0000000089800000, 0x0000000089800000|100%| E|CS|TAMS 0x0000000089700000, 0x0000000089700000| Complete 
|  78|0x0000000089800000, 0x0000000089900000, 0x0000000089900000|100%| E|CS|TAMS 0x0000000089800000, 0x0000000089800000| Complete 
|  79|0x0000000089900000, 0x0000000089a00000, 0x0000000089a00000|100%| E|CS|TAMS 0x0000000089900000, 0x0000000089900000| Complete 
|  80|0x0000000089a00000, 0x0000000089b00000, 0x0000000089b00000|100%| E|CS|TAMS 0x0000000089a00000, 0x0000000089a00000| Complete 
|  81|0x0000000089b00000, 0x0000000089c00000, 0x0000000089c00000|100%| E|CS|TAMS 0x0000000089b00000, 0x0000000089b00000| Complete 
|  82|0x0000000089c00000, 0x0000000089d00000, 0x0000000089d00000|100%| E|CS|TAMS 0x0000000089c00000, 0x0000000089c00000| Complete 
|  83|0x0000000089d00000, 0x0000000089e00000, 0x0000000089e00000|100%| E|CS|TAMS 0x0000000089d00000, 0x0000000089d00000| Complete 
|  84|0x0000000089e00000, 0x0000000089f00000, 0x0000000089f00000|100%| E|CS|TAMS 0x0000000089e00000, 0x0000000089e00000| Complete 
|  85|0x0000000089f00000, 0x000000008a000000, 0x000000008a000000|100%| E|CS|TAMS 0x0000000089f00000, 0x0000000089f00000| Complete 
|  86|0x000000008a000000, 0x000000008a100000, 0x000000008a100000|100%| E|CS|TAMS 0x000000008a000000, 0x000000008a000000| Complete 
|  87|0x000000008a100000, 0x000000008a200000, 0x000000008a200000|100%| E|CS|TAMS 0x000000008a100000, 0x000000008a100000| Complete 
|  88|0x000000008a200000, 0x000000008a300000, 0x000000008a300000|100%| E|CS|TAMS 0x000000008a200000, 0x000000008a200000| Complete 
|  89|0x000000008a300000, 0x000000008a400000, 0x000000008a400000|100%| E|CS|TAMS 0x000000008a300000, 0x000000008a300000| Complete 
|  90|0x000000008a400000, 0x000000008a500000, 0x000000008a500000|100%| E|CS|TAMS 0x000000008a400000, 0x000000008a400000| Complete 
|  91|0x000000008a500000, 0x000000008a600000, 0x000000008a600000|100%| E|CS|TAMS 0x000000008a500000, 0x000000008a500000| Complete 
|  92|0x000000008a600000, 0x000000008a700000, 0x000000008a700000|100%| E|CS|TAMS 0x000000008a600000, 0x000000008a600000| Complete 
|  93|0x000000008a700000, 0x000000008a800000, 0x000000008a800000|100%| E|CS|TAMS 0x000000008a700000, 0x000000008a700000| Complete 
|  94|0x000000008a800000, 0x000000008a900000, 0x000000008a900000|100%| E|CS|TAMS 0x000000008a800000, 0x000000008a800000| Complete 
|  95|0x000000008a900000, 0x000000008aa00000, 0x000000008aa00000|100%| E|CS|TAMS 0x000000008a900000, 0x000000008a900000| Complete 
|  96|0x000000008aa00000, 0x000000008ab00000, 0x000000008ab00000|100%| E|CS|TAMS 0x000000008aa00000, 0x000000008aa00000| Complete 
|  97|0x000000008ab00000, 0x000000008ac00000, 0x000000008ac00000|100%| E|CS|TAMS 0x000000008ab00000, 0x000000008ab00000| Complete 
|  98|0x000000008ac00000, 0x000000008ad00000, 0x000000008ad00000|100%| E|CS|TAMS 0x000000008ac00000, 0x000000008ac00000| Complete 
|  99|0x000000008ad00000, 0x000000008ae00000, 0x000000008ae00000|100%| E|CS|TAMS 0x000000008ad00000, 0x000000008ad00000| Complete 
| 100|0x000000008ae00000, 0x000000008af00000, 0x000000008af00000|100%| E|CS|TAMS 0x000000008ae00000, 0x000000008ae00000| Complete 
| 101|0x000000008af00000, 0x000000008b000000, 0x000000008b000000|100%| E|CS|TAMS 0x000000008af00000, 0x000000008af00000| Complete 
| 102|0x000000008b000000, 0x000000008b100000, 0x000000008b100000|100%| E|CS|TAMS 0x000000008b000000, 0x000000008b000000| Complete 
| 103|0x000000008b100000, 0x000000008b200000, 0x000000008b200000|100%| E|CS|TAMS 0x000000008b100000, 0x000000008b100000| Complete 
| 104|0x000000008b200000, 0x000000008b300000, 0x000000008b300000|100%| E|CS|TAMS 0x000000008b200000, 0x000000008b200000| Complete 
| 105|0x000000008b300000, 0x000000008b400000, 0x000000008b400000|100%| E|CS|TAMS 0x000000008b300000, 0x000000008b300000| Complete 
| 106|0x000000008b400000, 0x000000008b500000, 0x000000008b500000|100%| E|CS|TAMS 0x000000008b400000, 0x000000008b400000| Complete 
| 107|0x000000008b500000, 0x000000008b600000, 0x000000008b600000|100%| E|CS|TAMS 0x000000008b500000, 0x000000008b500000| Complete 
| 108|0x000000008b600000, 0x000000008b700000, 0x000000008b700000|100%| E|CS|TAMS 0x000000008b600000, 0x000000008b600000| Complete 
| 109|0x000000008b700000, 0x000000008b800000, 0x000000008b800000|100%| E|CS|TAMS 0x000000008b700000, 0x000000008b700000| Complete 
| 110|0x000000008b800000, 0x000000008b900000, 0x000000008b900000|100%| E|CS|TAMS 0x000000008b800000, 0x000000008b800000| Complete 
| 111|0x000000008b900000, 0x000000008ba00000, 0x000000008ba00000|100%| E|CS|TAMS 0x000000008b900000, 0x000000008b900000| Complete 
| 112|0x000000008ba00000, 0x000000008bb00000, 0x000000008bb00000|100%| E|CS|TAMS 0x000000008ba00000, 0x000000008ba00000| Complete 
| 113|0x000000008bb00000, 0x000000008bc00000, 0x000000008bc00000|100%| E|CS|TAMS 0x000000008bb00000, 0x000000008bb00000| Complete 
| 114|0x000000008bc00000, 0x000000008bd00000, 0x000000008bd00000|100%| E|CS|TAMS 0x000000008bc00000, 0x000000008bc00000| Complete 
| 115|0x000000008bd00000, 0x000000008be00000, 0x000000008be00000|100%| E|CS|TAMS 0x000000008bd00000, 0x000000008bd00000| Complete 
| 116|0x000000008be00000, 0x000000008bf00000, 0x000000008bf00000|100%| E|CS|TAMS 0x000000008be00000, 0x000000008be00000| Complete 
| 117|0x000000008bf00000, 0x000000008c000000, 0x000000008c000000|100%| E|CS|TAMS 0x000000008bf00000, 0x000000008bf00000| Complete 
| 118|0x000000008c000000, 0x000000008c100000, 0x000000008c100000|100%| E|CS|TAMS 0x000000008c000000, 0x000000008c000000| Complete 
| 119|0x000000008c100000, 0x000000008c200000, 0x000000008c200000|100%| E|CS|TAMS 0x000000008c100000, 0x000000008c100000| Complete 
| 120|0x000000008c200000, 0x000000008c300000, 0x000000008c300000|100%| E|CS|TAMS 0x000000008c200000, 0x000000008c200000| Complete 
| 121|0x000000008c300000, 0x000000008c400000, 0x000000008c400000|100%| E|CS|TAMS 0x000000008c300000, 0x000000008c300000| Complete 
| 122|0x000000008c400000, 0x000000008c500000, 0x000000008c500000|100%| E|CS|TAMS 0x000000008c400000, 0x000000008c400000| Complete 
| 123|0x000000008c500000, 0x000000008c600000, 0x000000008c600000|100%| E|CS|TAMS 0x000000008c500000, 0x000000008c500000| Complete 

Card table byte_map: [0x000001be317e0000,0x000001be31bc0000] _byte_map_base: 0x000001be313bb000

Marking Bits (Prev, Next): (CMBitMap*) 0x000001be198a2090, (CMBitMap*) 0x000001be198a20d0
 Prev Bits: [0x000001be31fa0000, 0x000001be33e78000)
 Next Bits: [0x000001be33e80000, 0x000001be35d58000)

Polling page: 0x000001be17fd0000

Metaspace:

Usage:
  Non-class:     17.37 MB used.
      Class:      2.37 MB used.
       Both:     19.74 MB used.

Virtual space:
  Non-class space:       64.00 MB reserved,      17.50 MB ( 27%) committed,  1 nodes.
      Class space:        1.00 GB reserved,       2.50 MB ( <1%) committed,  1 nodes.
             Both:        1.06 GB reserved,      20.00 MB (  2%) committed. 

Chunk freelists:
   Non-Class:  14.52 MB
       Class:  13.41 MB
        Both:  27.92 MB

MaxMetaspaceSize: unlimited
CompressedClassSpaceSize: 1.00 GB
Initial GC threshold: 21.00 MB
Current GC threshold: 21.00 MB
CDS: on
MetaspaceReclaimPolicy: balanced
 - commit_granule_bytes: 65536.
 - commit_granule_words: 8192.
 - virtual_space_node_default_size: 8388608.
 - enlarge_chunks_in_place: 1.
 - new_chunks_are_fully_committed: 0.
 - uncommit_free_chunks: 1.
 - use_allocation_guard: 0.
 - handle_deallocations: 1.


Internal statistics:

num_allocs_failed_limit: 0.
num_arena_births: 130.
num_arena_deaths: 0.
num_vsnodes_births: 2.
num_vsnodes_deaths: 0.
num_space_committed: 320.
num_space_uncommitted: 0.
num_chunks_returned_to_freelist: 0.
num_chunks_taken_from_freelist: 831.
num_chunk_merges: 0.
num_chunk_splits: 580.
num_chunks_enlarged: 473.
num_inconsistent_stats: 0.

CodeHeap 'non-profiled nmethods': size=119168Kb used=2809Kb max_used=2809Kb free=116358Kb
 bounds [0x000001be28ff0000, 0x000001be292b0000, 0x000001be30450000]
CodeHeap 'profiled nmethods': size=119104Kb used=12365Kb max_used=12365Kb free=106738Kb
 bounds [0x000001be21450000, 0x000001be22070000, 0x000001be288a0000]
CodeHeap 'non-nmethods': size=7488Kb used=1755Kb max_used=2360Kb free=5733Kb
 bounds [0x000001be288a0000, 0x000001be28b10000, 0x000001be28ff0000]
 total_blobs=5898 nmethods=5413 adapters=396
 compilation: enabled
              stopped_count=0, restarted_count=0
 full_count=0

Compilation events (20 events):
Event: 15.166 Thread 0x000001be38dd35d0 nmethod 5423 0x000001be22059510 code [0x000001be220596c0, 0x000001be22059a18]
Event: 15.168 Thread 0x000001be38dd35d0 5426       3       jdk.internal.misc.VM::isSystemDomainLoader (17 bytes)
Event: 15.169 Thread 0x000001be38dd35d0 nmethod 5426 0x000001be22059a90 code [0x000001be22059ce0, 0x000001be2205a798]
Event: 15.177 Thread 0x000001be38dd35d0 5427       1       org.apache.maven.artifact.DefaultArtifact::getScope (5 bytes)
Event: 15.177 Thread 0x000001be38dd35d0 nmethod 5427 0x000001be292ada10 code [0x000001be292adba0, 0x000001be292adc78]
Event: 15.270 Thread 0x000001be38dd35d0 5428       1       org.apache.maven.artifact.DefaultArtifact::getVersion (5 bytes)
Event: 15.270 Thread 0x000001be38dd35d0 nmethod 5428 0x000001be292add10 code [0x000001be292adea0, 0x000001be292adf78]
Event: 15.288 Thread 0x000001be38dd35d0 5429       1       org.apache.maven.artifact.DefaultArtifact::getClassifier (5 bytes)
Event: 15.289 Thread 0x000001be38dd35d0 nmethod 5429 0x000001be292ae010 code [0x000001be292ae1a0, 0x000001be292ae278]
Event: 15.315 Thread 0x000001be38dd35d0 5430       3       org.apache.maven.plugins.dependency.fromConfiguration.ArtifactItem::filterEmptyString (13 bytes)
Event: 15.315 Thread 0x000001be38dd35d0 nmethod 5430 0x000001be2205ab10 code [0x000001be2205acc0, 0x000001be2205ae88]
Event: 15.400 Thread 0x000001be38dd35d0 5432       3       java.nio.Buffer::remaining (20 bytes)
Event: 15.401 Thread 0x000001be7f238b50 5433       1       org.fusesource.jansi.Ansi$Attribute::value (5 bytes)
Event: 15.401 Thread 0x000001be38dd35d0 nmethod 5432 0x000001be2205af10 code [0x000001be2205b0a0, 0x000001be2205b238]
Event: 15.401 Thread 0x000001be7f238b50 nmethod 5433 0x000001be292ae310 code [0x000001be292ae4a0, 0x000001be292ae578]
Event: 15.401 Thread 0x000001be7f238b50 5434       3       java.io.PrintStream::ensureOpen (18 bytes)
Event: 15.402 Thread 0x000001be7f238b50 nmethod 5434 0x000001be2205b310 code [0x000001be2205b4c0, 0x000001be2205b6c8]
Event: 15.402 Thread 0x000001be7f238b50 5437       3       sun.nio.cs.SingleByte$Encoder::encodeArrayLoop (280 bytes)
Event: 15.402 Thread 0x000001be38dd35d0 5438       3       java.io.FilterOutputStream::write (51 bytes)
Event: 15.403 Thread 0x000001be38dd35d0 nmethod 5438 0x000001be2205b790 code [0x000001be2205b960, 0x000001be2205bd58]

GC Heap History (8 events):
Event: 0.988 GC heap before
{Heap before GC invocations=0 (full 0):
 garbage-first heap   total 126976K, used 22528K [0x0000000084a00000, 0x0000000100000000)
  region size 1024K, 23 young (23552K), 0 survivors (0K)
 Metaspace       used 5543K, committed 5760K, reserved 1114112K
  class space    used 661K, committed 768K, reserved 1048576K
}
Event: 0.996 GC heap after
{Heap after GC invocations=1 (full 0):
 garbage-first heap   total 126976K, used 3668K [0x0000000084a00000, 0x0000000100000000)
  region size 1024K, 3 young (3072K), 3 survivors (3072K)
 Metaspace       used 5543K, committed 5760K, reserved 1114112K
  class space    used 661K, committed 768K, reserved 1048576K
}
Event: 1.735 GC heap before
{Heap before GC invocations=1 (full 0):
 garbage-first heap   total 126976K, used 33364K [0x0000000084a00000, 0x0000000100000000)
  region size 1024K, 32 young (32768K), 3 survivors (3072K)
 Metaspace       used 9409K, committed 9600K, reserved 1114112K
  class space    used 1135K, committed 1216K, reserved 1048576K
}
Event: 1.744 GC heap after
{Heap after GC invocations=2 (full 0):
 garbage-first heap   total 126976K, used 5284K [0x0000000084a00000, 0x0000000100000000)
  region size 1024K, 2 young (2048K), 2 survivors (2048K)
 Metaspace       used 9409K, committed 9600K, reserved 1114112K
  class space    used 1135K, committed 1216K, reserved 1048576K
}
Event: 6.762 GC heap before
{Heap before GC invocations=2 (full 0):
 garbage-first heap   total 126976K, used 79012K [0x0000000084a00000, 0x0000000100000000)
  region size 1024K, 74 young (75776K), 2 survivors (2048K)
 Metaspace       used 15926K, committed 16128K, reserved 1114112K
  class space    used 1884K, committed 1984K, reserved 1048576K
}
Event: 6.790 GC heap after
{Heap after GC invocations=3 (full 0):
 garbage-first heap   total 126976K, used 13428K [0x0000000084a00000, 0x0000000100000000)
  region size 1024K, 10 young (10240K), 10 survivors (10240K)
 Metaspace       used 15926K, committed 16128K, reserved 1114112K
  class space    used 1884K, committed 1984K, reserved 1048576K
}
Event: 12.336 GC heap before
{Heap before GC invocations=3 (full 0):
 garbage-first heap   total 126976K, used 78964K [0x0000000084a00000, 0x0000000100000000)
  region size 1024K, 74 young (75776K), 10 survivors (10240K)
 Metaspace       used 16791K, committed 17024K, reserved 1114112K
  class space    used 1908K, committed 1984K, reserved 1048576K
}
Event: 12.361 GC heap after
{Heap after GC invocations=4 (full 0):
 garbage-first heap   total 126976K, used 16521K [0x0000000084a00000, 0x0000000100000000)
  region size 1024K, 4 young (4096K), 4 survivors (4096K)
 Metaspace       used 16791K, committed 17024K, reserved 1114112K
  class space    used 1908K, committed 1984K, reserved 1048576K
}

Dll operation events (8 events):
Event: 0.022 Loaded shared library C:\Program Files\Zulu\zulu-17\bin\java.dll
Event: 0.059 Loaded shared library C:\Program Files\Zulu\zulu-17\bin\jsvml.dll
Event: 0.102 Loaded shared library C:\Program Files\Zulu\zulu-17\bin\net.dll
Event: 0.104 Loaded shared library C:\Program Files\Zulu\zulu-17\bin\nio.dll
Event: 0.108 Loaded shared library C:\Program Files\Zulu\zulu-17\bin\zip.dll
Event: 0.307 Loaded shared library C:\Users\ACER\Downloads\apache-maven-3.9.9-bin\apache-maven-3.9.9\lib\jansi-native\Windows\x86_64\jansi.dll
Event: 0.309 Loaded shared library C:\Program Files\Zulu\zulu-17\bin\jimage.dll
Event: 0.345 Loaded shared library C:\Program Files\Zulu\zulu-17\bin\verify.dll

Deoptimization events (20 events):
Event: 14.514 Thread 0x000001be198464e0 Uncommon trap: trap_request=0xffffffbe fr.pc=0x000001be2929e9b8 relative=0x0000000000000198
Event: 14.514 Thread 0x000001be198464e0 Uncommon trap: reason=profile_predicate action=maybe_recompile pc=0x000001be2929e9b8 method=java.util.LinkedHashMap.valuesToArray([Ljava/lang/Object;)[Ljava/lang/Object; @ 12 c2
Event: 14.514 Thread 0x000001be198464e0 DEOPT PACKING pc=0x000001be2929e9b8 sp=0x000000ae6cbfc600
Event: 14.514 Thread 0x000001be198464e0 DEOPT UNPACKING pc=0x000001be288f69a3 sp=0x000000ae6cbfc5b8 mode 2
Event: 14.514 Thread 0x000001be198464e0 Uncommon trap: trap_request=0xffffffbe fr.pc=0x000001be2929e9b8 relative=0x0000000000000198
Event: 14.514 Thread 0x000001be198464e0 Uncommon trap: reason=profile_predicate action=maybe_recompile pc=0x000001be2929e9b8 method=java.util.LinkedHashMap.valuesToArray([Ljava/lang/Object;)[Ljava/lang/Object; @ 12 c2
Event: 14.514 Thread 0x000001be198464e0 DEOPT PACKING pc=0x000001be2929e9b8 sp=0x000000ae6cbfc600
Event: 14.514 Thread 0x000001be198464e0 DEOPT UNPACKING pc=0x000001be288f69a3 sp=0x000000ae6cbfc5b8 mode 2
Event: 14.523 Thread 0x000001be198464e0 Uncommon trap: trap_request=0xffffffbe fr.pc=0x000001be2929e9b8 relative=0x0000000000000198
Event: 14.523 Thread 0x000001be198464e0 Uncommon trap: reason=profile_predicate action=maybe_recompile pc=0x000001be2929e9b8 method=java.util.LinkedHashMap.valuesToArray([Ljava/lang/Object;)[Ljava/lang/Object; @ 12 c2
Event: 14.523 Thread 0x000001be198464e0 DEOPT PACKING pc=0x000001be2929e9b8 sp=0x000000ae6cbfc600
Event: 14.523 Thread 0x000001be198464e0 DEOPT UNPACKING pc=0x000001be288f69a3 sp=0x000000ae6cbfc5b8 mode 2
Event: 14.524 Thread 0x000001be198464e0 Uncommon trap: trap_request=0xffffffbe fr.pc=0x000001be2929e9b8 relative=0x0000000000000198
Event: 14.524 Thread 0x000001be198464e0 Uncommon trap: reason=profile_predicate action=maybe_recompile pc=0x000001be2929e9b8 method=java.util.LinkedHashMap.valuesToArray([Ljava/lang/Object;)[Ljava/lang/Object; @ 12 c2
Event: 14.524 Thread 0x000001be198464e0 DEOPT PACKING pc=0x000001be2929e9b8 sp=0x000000ae6cbfc600
Event: 14.524 Thread 0x000001be198464e0 DEOPT UNPACKING pc=0x000001be288f69a3 sp=0x000000ae6cbfc5b8 mode 2
Event: 14.983 Thread 0x000001be198464e0 Uncommon trap: trap_request=0xfffffff4 fr.pc=0x000001be29202638 relative=0x00000000000001d8
Event: 14.983 Thread 0x000001be198464e0 Uncommon trap: reason=null_check action=make_not_entrant pc=0x000001be29202638 method=com.google.inject.internal.InjectorImpl.enterContext()Lcom/google/inject/internal/InternalContext; @ 7 c2
Event: 14.983 Thread 0x000001be198464e0 DEOPT PACKING pc=0x000001be29202638 sp=0x000000ae6cbfcd50
Event: 14.983 Thread 0x000001be198464e0 DEOPT UNPACKING pc=0x000001be288f69a3 sp=0x000000ae6cbfcd40 mode 2

Classes loaded (20 events):
Event: 15.110 Loading class java/net/URISyntaxException
Event: 15.111 Loading class java/net/URISyntaxException done
Event: 15.120 Loading class java/time/format/DateTimeParseException
Event: 15.121 Loading class java/time/DateTimeException
Event: 15.121 Loading class java/time/DateTimeException done
Event: 15.121 Loading class java/time/format/DateTimeParseException done
Event: 15.131 Loading class java/time/zone/ZoneRulesProvider
Event: 15.132 Loading class java/time/zone/ZoneRulesProvider done
Event: 15.132 Loading class java/time/zone/ZoneRulesProvider$1
Event: 15.132 Loading class java/time/zone/ZoneRulesProvider$1 done
Event: 15.132 Loading class java/time/zone/TzdbZoneRulesProvider
Event: 15.133 Loading class java/time/zone/TzdbZoneRulesProvider done
Event: 15.143 Loading class java/time/zone/Ser
Event: 15.143 Loading class java/io/Externalizable
Event: 15.143 Loading class java/io/Externalizable done
Event: 15.143 Loading class java/time/zone/Ser done
Event: 15.144 Loading class java/time/zone/ZoneOffsetTransition
Event: 15.144 Loading class java/time/zone/ZoneOffsetTransition done
Event: 15.153 Loading class jdk/internal/reflect/UnsafeBooleanFieldAccessorImpl
Event: 15.154 Loading class jdk/internal/reflect/UnsafeBooleanFieldAccessorImpl done

Classes unloaded (0 events):
No events

Classes redefined (0 events):
No events

Internal exceptions (20 events):
Event: 1.940 Thread 0x000001be198464e0 Exception <a 'java/lang/NoSuchMethodError'{0x000000008bf0bee0}: 'void java.lang.invoke.DirectMethodHandle$Holder.invokeStaticInit(java.lang.Object, java.lang.Object, java.lang.Object)'> (0x000000008bf0bee0) 
thrown [s\src\hotspot\share\interpreter\linkResolver.cpp, line 759]
Event: 1.950 Thread 0x000001be198464e0 Exception <a 'java/lang/ExceptionInInitializerError'{0x000000008bf37a38}> (0x000000008bf37a38) 
thrown [s\src\hotspot\share\oops\instanceKlass.cpp, line 1218]
Event: 1.992 Thread 0x000001be198464e0 Implicit null exception at 0x000001be29085c2f to 0x000001be29085d8c
Event: 1.996 Thread 0x000001be198464e0 Exception <a 'java/lang/NoSuchMethodError'{0x000000008be4bcf0}: 'java.lang.Object java.lang.invoke.Invokers$Holder.invokeExact_MT(java.lang.Object, int, java.lang.Object)'> (0x000000008be4bcf0) 
thrown [s\src\hotspot\share\interpreter\linkResolver.cpp, line 759]
Event: 2.012 Thread 0x000001be198464e0 Exception <a 'java/lang/NoSuchMethodError'{0x000000008bebd570}: 'int java.lang.invoke.DirectMethodHandle$Holder.invokeSpecial(java.lang.Object, java.lang.Object, java.lang.Object, java.lang.Object)'> (0x000000008bebd570) 
thrown [s\src\hotspot\share\interpreter\linkResolver.cpp, line 759]
Event: 2.397 Thread 0x000001be198464e0 Exception <a 'java/lang/NoClassDefFoundError'{0x000000008b566078}: com/google/inject/servlet/ServletModuleTargetVisitor> (0x000000008b566078) 
thrown [s\src\hotspot\share\classfile\systemDictionary.cpp, line 248]
Event: 2.521 Thread 0x000001be198464e0 Exception <a 'java/lang/NoSuchMethodError'{0x000000008b4fac08}: 'void java.lang.invoke.DirectMethodHandle$Holder.invokeVirtual(java.lang.Object, java.lang.Object)'> (0x000000008b4fac08) 
thrown [s\src\hotspot\share\interpreter\linkResolver.cpp, line 759]
Event: 2.579 Thread 0x000001be198464e0 Exception <a 'java/lang/NoSuchMethodError'{0x000000008b373b50}: 'java.lang.Object java.lang.invoke.DirectMethodHandle$Holder.invokeStaticInit(java.lang.Object, int, int, int, int)'> (0x000000008b373b50) 
thrown [s\src\hotspot\share\interpreter\linkResolver.cpp, line 759]
Event: 2.894 Thread 0x000001be198464e0 Implicit null exception at 0x000001be29015a72 to 0x000001be29016044
Event: 2.895 Thread 0x000001be198464e0 Implicit null exception at 0x000001be29023f72 to 0x000001be29024554
Event: 2.972 Thread 0x000001be198464e0 Exception <a 'java/lang/NoSuchMethodError'{0x000000008ad21710}: 'void java.lang.invoke.DirectMethodHandle$Holder.invokeSpecial(java.lang.Object, java.lang.Object, java.lang.Object, java.lang.Object, java.lang.Object)'> (0x000000008ad21710) 
thrown [s\src\hotspot\share\interpreter\linkResolver.cpp, line 759]
Event: 2.979 Thread 0x000001be198464e0 Exception <a 'java/lang/NoSuchMethodError'{0x000000008ad3ed68}: 'void java.lang.invoke.DirectMethodHandle$Holder.invokeSpecial(java.lang.Object, java.lang.Object, java.lang.Object, java.lang.Object, java.lang.Object, java.lang.Object)'> (0x000000008ad3ed68) 
thrown [s\src\hotspot\share\interpreter\linkResolver.cpp, line 759]
Event: 3.010 Thread 0x000001be198464e0 Exception <a 'java/lang/NoSuchMethodError'{0x000000008ac37820}: 'java.lang.Object java.lang.invoke.DirectMethodHandle$Holder.invokeVirtual(java.lang.Object, java.lang.Object, java.lang.Object)'> (0x000000008ac37820) 
thrown [s\src\hotspot\share\interpreter\linkResolver.cpp, line 759]
Event: 4.933 Thread 0x000001be198464e0 Implicit null exception at 0x000001be290fb3ed to 0x000001be290fc838
Event: 4.934 Thread 0x000001be198464e0 Implicit null exception at 0x000001be2909c36a to 0x000001be2909c528
Event: 4.934 Thread 0x000001be198464e0 Implicit null exception at 0x000001be29075758 to 0x000001be290757ee
Event: 4.949 Thread 0x000001be198464e0 Exception <a 'java/lang/NoSuchMethodError'{0x0000000088bb4930}: 'int java.lang.invoke.DirectMethodHandle$Holder.invokeSpecialIFC(java.lang.Object, java.lang.Object, java.lang.Object, java.lang.Object)'> (0x0000000088bb4930) 
thrown [s\src\hotspot\share\interpreter\linkResolver.cpp, line 759]
Event: 8.320 Thread 0x000001be198464e0 Exception <a 'java/lang/NoSuchMethodError'{0x000000008a9edca8}: 'java.lang.Object java.lang.invoke.DirectMethodHandle$Holder.newInvokeSpecial(java.lang.Object, java.lang.Object, java.lang.Object, java.lang.Object, java.lang.Object, java.lang.Object, java.lang.Object)'> (0x000000008a9edca8) 
thrown [s\src\hotspot\share\interpreter\linkResolver.cpp, line 759]
Event: 8.321 Thread 0x000001be198464e0 Exception <a 'java/lang/NoSuchMethodError'{0x000000008a9f25b8}: 'java.lang.Object java.lang.invoke.Invokers$Holder.linkToTargetMethod(java.lang.Object, java.lang.Object, java.lang.Object, java.lang.Object, java.lang.Object, java.lang.Object, java.lang.Object)'> (0x000000008a9f25b8) 
thrown [s\src\hotspot\share\interpreter\linkResolver.cpp, line 759]
Event: 15.023 Thread 0x000001be198464e0 Exception <a 'java/lang/NoSuchMethodError'{0x0000000088f0f370}: 'int java.lang.invoke.DirectMethodHandle$Holder.invokeVirtual(java.lang.Object, java.lang.Object)'> (0x0000000088f0f370) 
thrown [s\src\hotspot\share\interpreter\linkResolver.cpp, line 759]

VM Operations (20 events):
Event: 4.900 Executing VM operation: Cleanup done
Event: 6.739 Executing VM operation: ICBufferFull
Event: 6.739 Executing VM operation: ICBufferFull done
Event: 6.762 Executing VM operation: G1CollectForAllocation
Event: 6.790 Executing VM operation: G1CollectForAllocation done
Event: 7.794 Executing VM operation: Cleanup
Event: 7.795 Executing VM operation: Cleanup done
Event: 8.806 Executing VM operation: Cleanup
Event: 9.588 Executing VM operation: Cleanup done
Event: 10.597 Executing VM operation: Cleanup
Event: 10.629 Executing VM operation: Cleanup done
Event: 12.336 Executing VM operation: G1CollectForAllocation
Event: 12.361 Executing VM operation: G1CollectForAllocation done
Event: 13.366 Executing VM operation: Cleanup
Event: 13.366 Executing VM operation: Cleanup done
Event: 14.367 Executing VM operation: Cleanup
Event: 14.367 Executing VM operation: Cleanup done
Event: 14.654 Executing VM operation: HandshakeAllThreads
Event: 14.654 Executing VM operation: HandshakeAllThreads done
Event: 15.657 Executing VM operation: Cleanup

Events (20 events):
Event: 0.076 Thread 0x000001be38db89a0 Thread added: 0x000001be38db89a0
Event: 0.076 Thread 0x000001be38db9370 Thread added: 0x000001be38db9370
Event: 0.076 Thread 0x000001be38db9d40 Thread added: 0x000001be38db9d40
Event: 0.076 Thread 0x000001be38dbaaf0 Thread added: 0x000001be38dbaaf0
Event: 0.076 Thread 0x000001be38dd35d0 Thread added: 0x000001be38dd35d0
Event: 0.077 Thread 0x000001be7e008070 Thread added: 0x000001be7e008070
Event: 0.089 Thread 0x000001be38d85fa0 Thread added: 0x000001be38d85fa0
Event: 0.093 Thread 0x000001be7e160a20 Thread added: 0x000001be7e160a20
Event: 0.095 Thread 0x000001be7e177630 Thread added: 0x000001be7e177630
Event: 0.098 Thread 0x000001be7e17cba0 Thread added: 0x000001be7e17cba0
Event: 0.301 Thread 0x000001be7e2ded80 Thread added: 0x000001be7e2ded80
Event: 0.356 Thread 0x000001be7e2ded80 Thread exited: 0x000001be7e2ded80
Event: 0.379 Thread 0x000001be7e3f74c0 Thread added: 0x000001be7e3f74c0
Event: 2.751 Thread 0x000001be7f439f80 Thread added: 0x000001be7f439f80
Event: 6.291 Thread 0x000001be38d85fa0 Thread exited: 0x000001be38d85fa0
Event: 6.291 Thread 0x000001be7e160a20 Thread exited: 0x000001be7e160a20
Event: 6.597 Thread 0x000001be7e3f74c0 Thread exited: 0x000001be7e3f74c0
Event: 6.869 Thread 0x000001be7f07bde0 Thread added: 0x000001be7f07bde0
Event: 10.629 Thread 0x000001be7f07bde0 Thread exited: 0x000001be7f07bde0
Event: 12.058 Thread 0x000001be7f238b50 Thread added: 0x000001be7f238b50


Dynamic libraries:
0x00007ff60cd60000 - 0x00007ff60cd6e000 	C:\Program Files\Zulu\zulu-17\bin\java.exe
0x00007ffed2780000 - 0x00007ffed29e0000 	C:\WINDOWS\SYSTEM32\ntdll.dll
0x00007ffed1af0000 - 0x00007ffed1bb7000 	C:\WINDOWS\System32\KERNEL32.DLL
0x00007ffecfbd0000 - 0x00007ffecff9a000 	C:\WINDOWS\System32\KERNELBASE.dll
0x00007ffed0170000 - 0x00007ffed02bb000 	C:\WINDOWS\System32\ucrtbase.dll
0x00007ffe6b020000 - 0x00007ffe6b03b000 	C:\Program Files\Zulu\zulu-17\bin\VCRUNTIME140.dll
0x00007ffe6b040000 - 0x00007ffe6b059000 	C:\Program Files\Zulu\zulu-17\bin\jli.dll
0x00007ffed0580000 - 0x00007ffed074c000 	C:\WINDOWS\System32\USER32.dll
0x00007ffecf960000 - 0x00007ffecf987000 	C:\WINDOWS\System32\win32u.dll
0x00007ffed19f0000 - 0x00007ffed1a1a000 	C:\WINDOWS\System32\GDI32.dll
0x00007ffecffa0000 - 0x00007ffed00d1000 	C:\WINDOWS\System32\gdi32full.dll
0x00007ffed02c0000 - 0x00007ffed0363000 	C:\WINDOWS\System32\msvcp_win.dll
0x00007ffeb35e0000 - 0x00007ffeb3877000 	C:\WINDOWS\WinSxS\amd64_microsoft.windows.common-controls_6595b64144ccf1df_6.0.26100.3624_none_3e086962e3345f24\COMCTL32.dll
0x00007ffed1cc0000 - 0x00007ffed1d69000 	C:\WINDOWS\System32\msvcrt.dll
0x00007ffed0c30000 - 0x00007ffed0c5f000 	C:\WINDOWS\System32\IMM32.DLL
0x00007ffe982c0000 - 0x00007ffe982cc000 	C:\Program Files\Zulu\zulu-17\bin\vcruntime140_1.dll
0x00007ffe65f10000 - 0x00007ffe65f9d000 	C:\Program Files\Zulu\zulu-17\bin\msvcp140.dll
0x00007ffde9ff0000 - 0x00007ffdeac60000 	C:\Program Files\Zulu\zulu-17\bin\server\jvm.dll
0x00007ffed14a0000 - 0x00007ffed1552000 	C:\WINDOWS\System32\ADVAPI32.dll
0x00007ffed1a40000 - 0x00007ffed1ae6000 	C:\WINDOWS\System32\sechost.dll
0x00007ffed0ae0000 - 0x00007ffed0bf6000 	C:\WINDOWS\System32\RPCRT4.dll
0x00007ffed1c40000 - 0x00007ffed1cb4000 	C:\WINDOWS\System32\WS2_32.dll
0x00007ffece5d0000 - 0x00007ffece62e000 	C:\WINDOWS\SYSTEM32\POWRPROF.dll
0x00007ffec3800000 - 0x00007ffec3836000 	C:\WINDOWS\SYSTEM32\WINMM.dll
0x00007ffec8de0000 - 0x00007ffec8deb000 	C:\WINDOWS\SYSTEM32\VERSION.dll
0x00007ffece5b0000 - 0x00007ffece5c4000 	C:\WINDOWS\SYSTEM32\UMPDC.dll
0x00007ffece890000 - 0x00007ffece8aa000 	C:\WINDOWS\SYSTEM32\kernel.appcore.dll
0x00007ffe95040000 - 0x00007ffe9504a000 	C:\Program Files\Zulu\zulu-17\bin\jimage.dll
0x00007ffecd070000 - 0x00007ffecd2b1000 	C:\WINDOWS\SYSTEM32\DBGHELP.DLL
0x00007ffed0750000 - 0x00007ffed0ad2000 	C:\WINDOWS\System32\combase.dll
0x00007ffed2660000 - 0x00007ffed2736000 	C:\WINDOWS\System32\OLEAUT32.dll
0x00007ffeb23f0000 - 0x00007ffeb2429000 	C:\WINDOWS\SYSTEM32\dbgcore.DLL
0x00007ffed0370000 - 0x00007ffed0409000 	C:\WINDOWS\System32\bcryptPrimitives.dll
0x00007ffe6aff0000 - 0x00007ffe6b015000 	C:\Program Files\Zulu\zulu-17\bin\java.dll
0x00007ffe5fcb0000 - 0x00007ffe5fd87000 	C:\Program Files\Zulu\zulu-17\bin\jsvml.dll
0x00007ffed1f20000 - 0x00007ffed2649000 	C:\WINDOWS\System32\SHELL32.dll
0x00007ffed0410000 - 0x00007ffed0578000 	C:\WINDOWS\System32\wintypes.dll
0x00007ffecd620000 - 0x00007ffecde72000 	C:\WINDOWS\SYSTEM32\windows.storage.dll
0x00007ffed0fb0000 - 0x00007ffed109d000 	C:\WINDOWS\System32\SHCORE.dll
0x00007ffed1e00000 - 0x00007ffed1e64000 	C:\WINDOWS\System32\shlwapi.dll
0x00007ffecf870000 - 0x00007ffecf89f000 	C:\WINDOWS\SYSTEM32\profapi.dll
0x00007ffe667a0000 - 0x00007ffe667b9000 	C:\Program Files\Zulu\zulu-17\bin\net.dll
0x00007ffec83c0000 - 0x00007ffec84dd000 	C:\WINDOWS\SYSTEM32\WINHTTP.dll
0x00007ffecedb0000 - 0x00007ffecee1a000 	C:\WINDOWS\system32\mswsock.dll
0x00007ffe66780000 - 0x00007ffe66796000 	C:\Program Files\Zulu\zulu-17\bin\nio.dll
0x00007ffe66760000 - 0x00007ffe66778000 	C:\Program Files\Zulu\zulu-17\bin\zip.dll
0x00007ffe66220000 - 0x00007ffe66244000 	C:\Users\ACER\Downloads\apache-maven-3.9.9-bin\apache-maven-3.9.9\lib\jansi-native\Windows\x86_64\jansi.dll
0x00007ffe912a0000 - 0x00007ffe912b0000 	C:\Program Files\Zulu\zulu-17\bin\verify.dll

dbghelp: loaded successfully - version: 4.0.5 - missing functions: none
symbol engine: initialized successfully - sym options: 0x614 - pdb path: .;C:\Program Files\Zulu\zulu-17\bin;C:\WINDOWS\SYSTEM32;C:\WINDOWS\WinSxS\amd64_microsoft.windows.common-controls_6595b64144ccf1df_6.0.26100.3624_none_3e086962e3345f24;C:\Program Files\Zulu\zulu-17\bin\server;C:\Users\ACER\Downloads\apache-maven-3.9.9-bin\apache-maven-3.9.9\lib\jansi-native\Windows\x86_64

VM Arguments:
jvm_args: -Dclassworlds.conf=C:\Users\ACER\Downloads\apache-maven-3.9.9-bin\apache-maven-3.9.9\bin\m2.conf -Dmaven.home=C:\Users\ACER\Downloads\apache-maven-3.9.9-bin\apache-maven-3.9.9 -Dlibrary.jansi.path=C:\Users\ACER\Downloads\apache-maven-3.9.9-bin\apache-maven-3.9.9\lib\jansi-native -Dmaven.multiModuleProjectDirectory=C:\Users\ACER\VisualStudioCodeProject\demo 
java_command: org.codehaus.plexus.classworlds.launcher.Launcher spring-boot:run
java_class_path (initial): C:\Users\ACER\Downloads\apache-maven-3.9.9-bin\apache-maven-3.9.9\boot\plexus-classworlds-2.8.0.jar
Launcher Type: SUN_STANDARD

[Global flags]
     intx CICompilerCount                          = 12                                        {product} {ergonomic}
     uint ConcGCThreads                            = 3                                         {product} {ergonomic}
     uint G1ConcRefinementThreads                  = 13                                        {product} {ergonomic}
   size_t G1HeapRegionSize                         = 1048576                                   {product} {ergonomic}
    uintx GCDrainStackTargetSize                   = 64                                        {product} {ergonomic}
   size_t InitialHeapSize                          = 130023424                                 {product} {ergonomic}
   size_t MarkStackSize                            = 4194304                                   {product} {ergonomic}
   size_t MaxHeapSize                              = 2069889024                                {product} {ergonomic}
   size_t MaxNewSize                               = 1241513984                                {product} {ergonomic}
   size_t MinHeapDeltaBytes                        = 1048576                                   {product} {ergonomic}
   size_t MinHeapSize                              = 8388608                                   {product} {ergonomic}
    uintx NonNMethodCodeHeapSize                   = 7602480                                {pd product} {ergonomic}
    uintx NonProfiledCodeHeapSize                  = 122027880                              {pd product} {ergonomic}
    uintx ProfiledCodeHeapSize                     = 122027880                              {pd product} {ergonomic}
    uintx ReservedCodeCacheSize                    = 251658240                              {pd product} {ergonomic}
     bool SegmentedCodeCache                       = true                                      {product} {ergonomic}
   size_t SoftMaxHeapSize                          = 2069889024                             {manageable} {ergonomic}
     bool UseCompressedClassPointers               = true                           {product lp64_product} {ergonomic}
     bool UseCompressedOops                        = true                           {product lp64_product} {ergonomic}
     bool UseG1GC                                  = true                                      {product} {ergonomic}
     bool UseLargePagesIndividualAllocation        = false                                  {pd product} {ergonomic}

Logging:
Log output configuration:
 #0: stdout all=warning uptime,level,tags
 #1: stderr all=off uptime,level,tags

Environment Variables:
JAVA_HOME=C:\Program Files\Zulu\zulu-17
PATH=C:\Users\ACER\.pyenv\pyenv-win\bin;C:\Python313\Scripts\;C:\Python313\;C:\Program Files\Zulu\zulu-17\bin\;"C:\Program Files (x86)\Common Files\Oracle\Java\C:\Program Files\java\jdk1.8.0_271\bin;C:\Program Files\java\jre1.8.0_271\bin";C:\Program Files\Common Files\Oracle\Java\javapath;C:\Program Files (x86)\Common Files\Oracle\Java\java8path;C:\Program Files (x86)\Common Files\Oracle\Java\javapath;C:\Windows\system32;C:\Windows;C:\Windows\System32\Wbem;C:\Windows\System32\WindowsPowerShell\v1.0\;C:\Windows\System32\OpenSSH\;C:\Program Files (x86)\NVIDIA Corporation\PhysX\Common;C:\Program Files\NVIDIA Corporation\NVIDIA NvDLISR;C:\Program Files\MySQL\MySQL Server 8.0\bin;C:\Program Files\Git\cmd;C:\WINDOWS\system32;C:\WINDOWS;C:\WINDOWS\System32\Wbem;C:\WINDOWS\System32\WindowsPowerShell\v1.0\;C:\WINDOWS\System32\OpenSSH\;C:\Users\ACER\Downloads\apache-maven-3.9.9-bin\apache-maven-3.9.9\bin;C:\Program Files (x86)\Microsoft Visual Studio\2022\BuildTools\VC\Tools\MSVC\14.42.34433\bin\Hostx64\x64;C:\ProgramData\chocolatey\bin;C:\Program Files\nodejs\;C:\chromedriver\chromedriver-win64\chromedriver.exe;C:\Program Files\MySQL\MySQL Shell 8.0\bin\;C:\Users\ACER\AppData\Local\Programs\Python\Python311\Scripts\;C:\Users\ACER\AppData\Local\Programs\Python\Launcher\;C:\Program Files\JetBrains\IntelliJ IDEA Community Edition 2024.2.1\bin;;C:\Users\ACER\AppData\Local\Programs\Microsoft VS Code\bin;C:\Users\ACER\.pyenv\pyenv-win-master\pyenv-win\bin;C:\Users\ACER\.pyenv\pyenv-win-master\pyenv-win\shims;C:\Users\ACER\AppData\Roaming\npm
USERNAME=ACER
LANG=en_US.UTF-8
OS=Windows_NT
PROCESSOR_IDENTIFIER=Intel64 Family 6 Model 186 Stepping 2, GenuineIntel
TMP=C:\Users\ACER\AppData\Local\Temp
TEMP=C:\Users\ACER\AppData\Local\Temp



Periodic native trim disabled


---------------  S Y S T E M  ---------------

OS:
 Windows 11 , 64 bit Build 26100 (10.0.26100.3775)
OS uptime: 1 days 11:18 hours
Hyper-V role detected

CPU: total 16 (initial active 16) (8 cores per cpu, 2 threads per core) family 6 model 186 stepping 2 microcode 0x4112, cx8, cmov, fxsr, ht, mmx, 3dnowpref, sse, sse2, sse3, ssse3, sse4.1, sse4.2, popcnt, lzcnt, tsc, tscinvbit, avx, avx2, aes, erms, clmul, bmi1, bmi2, adx, sha, fma, vzeroupper, clflush, clflushopt, clwb, hv
Processor Information for processor 0
  Max Mhz: 2400, Current Mhz: 2400, Mhz Limit: 2400
Processor Information for processor 1
  Max Mhz: 2400, Current Mhz: 2400, Mhz Limit: 2400
Processor Information for processor 2
  Max Mhz: 2400, Current Mhz: 2400, Mhz Limit: 2400
Processor Information for processor 3
  Max Mhz: 2400, Current Mhz: 1520, Mhz Limit: 2400
Processor Information for processor 4
  Max Mhz: 2400, Current Mhz: 2400, Mhz Limit: 2400
Processor Information for processor 5
  Max Mhz: 2400, Current Mhz: 2400, Mhz Limit: 2400
Processor Information for processor 6
  Max Mhz: 2400, Current Mhz: 2400, Mhz Limit: 2400
Processor Information for processor 7
  Max Mhz: 2400, Current Mhz: 2400, Mhz Limit: 2400
Processor Information for processor 8
  Max Mhz: 2400, Current Mhz: 2400, Mhz Limit: 2400
Processor Information for processor 9
  Max Mhz: 2400, Current Mhz: 1520, Mhz Limit: 2400
Processor Information for processor 10
  Max Mhz: 2400, Current Mhz: 2400, Mhz Limit: 2400
Processor Information for processor 11
  Max Mhz: 2400, Current Mhz: 2400, Mhz Limit: 2400
Processor Information for processor 12
  Max Mhz: 2400, Current Mhz: 1500, Mhz Limit: 1800
Processor Information for processor 13
  Max Mhz: 2400, Current Mhz: 1500, Mhz Limit: 1800
Processor Information for processor 14
  Max Mhz: 2400, Current Mhz: 1500, Mhz Limit: 1800
Processor Information for processor 15
  Max Mhz: 2400, Current Mhz: 1500, Mhz Limit: 1800

Memory: 4k page, system-wide physical 7895M (10M free)
TotalPageFile size 32471M (AvailPageFile size 21M)
current process WorkingSet (physical memory assigned to process): 107M, peak: 179M
current process commit charge ("private bytes"): 271M, peak: 281M

vm_info: OpenJDK 64-Bit Server VM (17.0.12+7-LTS) for windows-amd64 JRE (17.0.12+7-LTS) (Zulu17.52+17-CA), built on Jul  9 2024 22:21:07 by "zulu_re" with MS VC++ 16.10 / 16.11 (VS2019)

END.
