#
# There is insufficient memory for the Java Runtime Environment to continue.
# Native memory allocation (malloc) failed to allocate 1512176 bytes. Error detail: Chunk::new
# Possible reasons:
#   The system is out of physical RAM or swap space
#   This process is running with CompressedOops enabled, and the Java Heap may be blocking the growth of the native heap
# Possible solutions:
#   Reduce memory load on the system
#   Increase physical memory or swap space
#   Check if swap backing store is full
#   Decrease Java heap size (-Xmx/-Xms)
#   Decrease number of Java threads
#   Decrease Java thread stack sizes (-Xss)
#   Set larger code cache with -XX:ReservedCodeCacheSize=
#   JVM is running with Unscaled Compressed Oops mode in which the Java heap is
#     placed in the first 4GB address space. The Java Heap base address is the
#     maximum limit for the native heap growth. Please use -XX:HeapBaseMinAddress
#     to set the Java Heap base and to place the Java Heap above 4GB virtual address.
# This output file may be truncated or incomplete.
#
#  Out of Memory Error (arena.cpp:168), pid=36104, tid=51620
#
# JRE version: OpenJDK Runtime Environment Temurin-21.0.6+7 (21.0.6+7) (build 21.0.6+7-LTS)
# Java VM: OpenJDK 64-Bit Server VM Temurin-21.0.6+7 (21.0.6+7-LTS, mixed mode, sharing, tiered, compressed oops, compressed class ptrs, parallel gc, windows-amd64)
# No core dump will be written. Minidumps are not enabled by default on client versions of Windows
#

---------------  S U M M A R Y ------------

Command Line: --add-modules=ALL-SYSTEM --add-opens=java.base/java.util=ALL-UNNAMED --add-opens=java.base/java.lang=ALL-UNNAMED --add-opens=java.base/sun.nio.fs=ALL-UNNAMED -Declipse.application=org.eclipse.jdt.ls.core.id1 -Dosgi.bundles.defaultStartLevel=4 -Declipse.product=org.eclipse.jdt.ls.core.product -Djava.import.generatesMetadataFilesAtProjectRoot=false -DDetectVMInstallationsJob.disabled=true -Dfile.encoding=utf8 -XX:+UseParallelGC -XX:GCTimeRatio=4 -XX:AdaptiveSizePolicyWeight=90 -Dsun.zip.disableMemoryMapping=true -Xmx1G -Xms100m -Xlog:disable -javaagent:c:\Users\ACER\.vscode\extensions\redhat.java-1.41.1-win32-x64\lombok\lombok-1.18.36.jar -XX:+HeapDumpOnOutOfMemoryError -XX:HeapDumpPath=c:\Users\ACER\AppData\Roaming\Code\User\workspaceStorage\c5c08457940705c6c6acc5ba8aad8b10\redhat.java -Daether.dependencyCollector.impl=bf c:\Users\ACER\.vscode\extensions\redhat.java-1.41.1-win32-x64\server\plugins\org.eclipse.equinox.launcher_1.7.0.v20250331-1702.jar -configuration c:\Users\ACER\AppData\Roaming\Code\User\globalStorage\redhat.java\1.41.1\config_win -data c:\Users\ACER\AppData\Roaming\Code\User\workspaceStorage\c5c08457940705c6c6acc5ba8aad8b10\redhat.java\jdt_ws --pipe=\\.\pipe\lsp-63e7967911e4dcd6bbeb21e0d5049263-sock

Host: 13th Gen Intel(R) Core(TM) i7-13620H, 16 cores, 7G,  Windows 11 , 64 bit Build 26100 (10.0.26100.3775)
Time: Tue Apr 15 08:12:49 2025 Malay Peninsula Standard Time elapsed time: 35.902536 seconds (0d 0h 0m 35s)

---------------  T H R E A D  ---------------

Current thread (0x000001e5585ccaa0):  JavaThread "C2 CompilerThread0" daemon [_thread_in_native, id=51620, stack(0x0000005f2f900000,0x0000005f2fa00000) (1024K)]


Current CompileTask:
C2:35902 5012   !   4       org.eclipse.osgi.internal.loader.classpath.ClasspathManager::findClassImpl (343 bytes)

Stack: [0x0000005f2f900000,0x0000005f2fa00000]
Native frames: (J=compiled Java code, j=interpreted, Vv=VM code, C=native code)
V  [jvm.dll+0x6cdee9]
V  [jvm.dll+0x8a83d1]
V  [jvm.dll+0x8aa8fe]
V  [jvm.dll+0x8aafe3]
V  [jvm.dll+0x27f706]
V  [jvm.dll+0xc500d]
V  [jvm.dll+0xc5543]
V  [jvm.dll+0x3b6752]
V  [jvm.dll+0x382935]
V  [jvm.dll+0x381d9a]
V  [jvm.dll+0x2479f0]
V  [jvm.dll+0x246fcf]
V  [jvm.dll+0x1c75ee]
V  [jvm.dll+0x25685a]
V  [jvm.dll+0x254dfa]
V  [jvm.dll+0x3f0256]
V  [jvm.dll+0x851f8b]
V  [jvm.dll+0x6cc5ed]
C  [ucrtbase.dll+0x37b0]
C  [KERNEL32.DLL+0x2e8d7]
C  [ntdll.dll+0xb14fc]


---------------  P R O C E S S  ---------------

Threads class SMR info:
_java_thread_list=0x000001e575777810, length=46, elements={
0x000001e558512700, 0x000001e5585b4390, 0x000001e5585b4f40, 0x000001e5585c0620,
0x000001e5585c12f0, 0x000001e5585c2980, 0x000001e5585c5b80, 0x000001e5585ccaa0,
0x000001e56ddb5700, 0x000001e56deab340, 0x000001e56e109750, 0x000001e57432f640,
0x000001e56fe028d0, 0x000001e56f79eaa0, 0x000001e56f843c70, 0x000001e574387280,
0x000001e56fce4a30, 0x000001e56f94da10, 0x000001e56de16340, 0x000001e56de12ec0,
0x000001e56de14270, 0x000001e56de14f90, 0x000001e56de15cb0, 0x000001e56de13550,
0x000001e56de14900, 0x000001e56de13be0, 0x000001e56de15620, 0x000001e574a68060,
0x000001e574a6a130, 0x000001e574a69aa0, 0x000001e574a6ae50, 0x000001e574a6a7c0,
0x000001e574a6b4e0, 0x000001e574a686f0, 0x000001e574a68d80, 0x000001e574a69410,
0x000001e5758d6e70, 0x000001e5758d7500, 0x000001e5758d8220, 0x000001e5758d5430,
0x000001e5758d7b90, 0x000001e5758d5ac0, 0x000001e5758d95d0, 0x000001e5758d88b0,
0x000001e5758d6150, 0x000001e5758d67e0
}

Java Threads: ( => current thread )
  0x000001e558512700 JavaThread "main"                              [_thread_in_native, id=34604, stack(0x0000005f2ef00000,0x0000005f2f000000) (1024K)]
  0x000001e5585b4390 JavaThread "Reference Handler"          daemon [_thread_blocked, id=36432, stack(0x0000005f2f300000,0x0000005f2f400000) (1024K)]
  0x000001e5585b4f40 JavaThread "Finalizer"                  daemon [_thread_blocked, id=41276, stack(0x0000005f2f400000,0x0000005f2f500000) (1024K)]
  0x000001e5585c0620 JavaThread "Signal Dispatcher"          daemon [_thread_blocked, id=12256, stack(0x0000005f2f500000,0x0000005f2f600000) (1024K)]
  0x000001e5585c12f0 JavaThread "Attach Listener"            daemon [_thread_blocked, id=35776, stack(0x0000005f2f600000,0x0000005f2f700000) (1024K)]
  0x000001e5585c2980 JavaThread "Service Thread"             daemon [_thread_blocked, id=30012, stack(0x0000005f2f700000,0x0000005f2f800000) (1024K)]
  0x000001e5585c5b80 JavaThread "Monitor Deflation Thread"   daemon [_thread_blocked, id=48940, stack(0x0000005f2f800000,0x0000005f2f900000) (1024K)]
=>0x000001e5585ccaa0 JavaThread "C2 CompilerThread0"         daemon [_thread_in_native, id=51620, stack(0x0000005f2f900000,0x0000005f2fa00000) (1024K)]
  0x000001e56ddb5700 JavaThread "C1 CompilerThread0"         daemon [_thread_in_native, id=46136, stack(0x0000005f2fa00000,0x0000005f2fb00000) (1024K)]
  0x000001e56deab340 JavaThread "Common-Cleaner"             daemon [_thread_blocked, id=43796, stack(0x0000005f2fb00000,0x0000005f2fc00000) (1024K)]
  0x000001e56e109750 JavaThread "Notification Thread"        daemon [_thread_blocked, id=15564, stack(0x0000005f30000000,0x0000005f30100000) (1024K)]
  0x000001e57432f640 JavaThread "Active Thread: Equinox Container: 57d74034-5196-4af0-b472-7bf1ece75102"        [_thread_blocked, id=44172, stack(0x0000005f30800000,0x0000005f30900000) (1024K)]
  0x000001e56fe028d0 JavaThread "Refresh Thread: Equinox Container: 57d74034-5196-4af0-b472-7bf1ece75102" daemon [_thread_blocked, id=27388, stack(0x0000005f2fe00000,0x0000005f2ff00000) (1024K)]
  0x000001e56f79eaa0 JavaThread "Framework Event Dispatcher: Equinox Container: 57d74034-5196-4af0-b472-7bf1ece75102" daemon [_thread_blocked, id=36924, stack(0x0000005f2ff00000,0x0000005f30000000) (1024K)]
  0x000001e56f843c70 JavaThread "Start Level: Equinox Container: 57d74034-5196-4af0-b472-7bf1ece75102" daemon [_thread_blocked, id=50296, stack(0x0000005f30100000,0x0000005f30200000) (1024K)]
  0x000001e574387280 JavaThread "Bundle File Closer"         daemon [_thread_blocked, id=26160, stack(0x0000005f2fc00000,0x0000005f2fd00000) (1024K)]
  0x000001e56fce4a30 JavaThread "SCR Component Actor"        daemon [_thread_blocked, id=50764, stack(0x0000005f30b00000,0x0000005f30c00000) (1024K)]
  0x000001e56f94da10 JavaThread "SCR Component Registry"     daemon [_thread_blocked, id=43524, stack(0x0000005f30c00000,0x0000005f30d00000) (1024K)]
  0x000001e56de16340 JavaThread "Worker-JM"                         [_thread_blocked, id=44680, stack(0x0000005f31300000,0x0000005f31400000) (1024K)]
  0x000001e56de12ec0 JavaThread "JNA Cleaner"                daemon [_thread_blocked, id=48136, stack(0x0000005f2ee00000,0x0000005f2ef00000) (1024K)]
  0x000001e56de14270 JavaThread "Worker-0: Repository registry initialization"        [_thread_in_vm, id=51420, stack(0x0000005f30e00000,0x0000005f30f00000) (1024K)]
  0x000001e56de14f90 JavaThread "Worker-1: Initialize After Load"        [_thread_in_native, id=45780, stack(0x0000005f31400000,0x0000005f31500000) (1024K)]
  0x000001e56de15cb0 JavaThread "Worker-2: Loading available Gradle versions"        [_thread_in_vm, id=45872, stack(0x0000005f31500000,0x0000005f31600000) (1024K)]
  0x000001e56de13550 JavaThread "Java indexing"              daemon [_thread_blocked, id=51140, stack(0x0000005f31600000,0x0000005f31700000) (1024K)]
  0x000001e56de14900 JavaThread "Worker-3"                          [_thread_blocked, id=28872, stack(0x0000005f31900000,0x0000005f31a00000) (1024K)]
  0x000001e56de13be0 JavaThread "Worker-4"                          [_thread_blocked, id=42480, stack(0x0000005f31a00000,0x0000005f31b00000) (1024K)]
  0x000001e56de15620 JavaThread "Thread-2"                   daemon [_thread_in_native, id=46588, stack(0x0000005f30f00000,0x0000005f31000000) (1024K)]
  0x000001e574a68060 JavaThread "Thread-3"                   daemon [_thread_in_native, id=3284, stack(0x0000005f30d00000,0x0000005f30e00000) (1024K)]
  0x000001e574a6a130 JavaThread "Thread-4"                   daemon [_thread_in_native, id=51264, stack(0x0000005f31b00000,0x0000005f31c00000) (1024K)]
  0x000001e574a69aa0 JavaThread "Thread-5"                   daemon [_thread_in_native, id=20820, stack(0x0000005f31c00000,0x0000005f31d00000) (1024K)]
  0x000001e574a6ae50 JavaThread "Thread-6"                   daemon [_thread_in_native, id=16508, stack(0x0000005f31d00000,0x0000005f31e00000) (1024K)]
  0x000001e574a6a7c0 JavaThread "Thread-7"                   daemon [_thread_in_native, id=18708, stack(0x0000005f31e00000,0x0000005f31f00000) (1024K)]
  0x000001e574a6b4e0 JavaThread "Thread-8"                   daemon [_thread_in_native, id=49208, stack(0x0000005f31f00000,0x0000005f32000000) (1024K)]
  0x000001e574a686f0 JavaThread "Thread-9"                   daemon [_thread_in_native, id=49520, stack(0x0000005f32000000,0x0000005f32100000) (1024K)]
  0x000001e574a68d80 JavaThread "Thread-10"                  daemon [_thread_in_native, id=44424, stack(0x0000005f32100000,0x0000005f32200000) (1024K)]
  0x000001e574a69410 JavaThread "Thread-11"                  daemon [_thread_in_native, id=50468, stack(0x0000005f32200000,0x0000005f32300000) (1024K)]
  0x000001e5758d6e70 JavaThread "Thread-12"                  daemon [_thread_in_native, id=46492, stack(0x0000005f32300000,0x0000005f32400000) (1024K)]
  0x000001e5758d7500 JavaThread "Thread-13"                  daemon [_thread_in_native, id=18980, stack(0x0000005f32400000,0x0000005f32500000) (1024K)]
  0x000001e5758d8220 JavaThread "Thread-14"                  daemon [_thread_in_native, id=10104, stack(0x0000005f32500000,0x0000005f32600000) (1024K)]
  0x000001e5758d5430 JavaThread "Thread-15"                  daemon [_thread_in_native, id=32440, stack(0x0000005f32600000,0x0000005f32700000) (1024K)]
  0x000001e5758d7b90 JavaThread "Thread-16"                  daemon [_thread_in_native, id=27868, stack(0x0000005f32700000,0x0000005f32800000) (1024K)]
  0x000001e5758d5ac0 JavaThread "Thread-17"                  daemon [_thread_in_native, id=51104, stack(0x0000005f32800000,0x0000005f32900000) (1024K)]
  0x000001e5758d95d0 JavaThread "Thread-18"                  daemon [_thread_in_native, id=21708, stack(0x0000005f32900000,0x0000005f32a00000) (1024K)]
  0x000001e5758d88b0 JavaThread "pool-2-thread-1"                   [_thread_blocked, id=45992, stack(0x0000005f32a00000,0x0000005f32b00000) (1024K)]
  0x000001e5758d6150 JavaThread "WorkspaceEventsHandler"            [_thread_blocked, id=33216, stack(0x0000005f32c00000,0x0000005f32d00000) (1024K)]
  0x000001e5758d67e0 JavaThread "pool-1-thread-1"                   [_thread_in_Java, id=17188, stack(0x0000005f32d00000,0x0000005f32e00000) (1024K)]
Total: 46

Other Threads:
  0x000001e555f71340 VMThread "VM Thread"                           [id=43652, stack(0x0000005f2f200000,0x0000005f2f300000) (1024K)]
  0x000001e56c7dca00 WatcherThread "VM Periodic Task Thread"        [id=38796, stack(0x0000005f2f100000,0x0000005f2f200000) (1024K)]
  0x000001e555f716e0 WorkerThread "GC Thread#0"                     [id=44092, stack(0x0000005f2f000000,0x0000005f2f100000) (1024K)]
  0x000001e555f71e20 WorkerThread "GC Thread#1"                     [id=45952, stack(0x0000005f30200000,0x0000005f30300000) (1024K)]
  0x000001e555f72560 WorkerThread "GC Thread#2"                     [id=32936, stack(0x0000005f30300000,0x0000005f30400000) (1024K)]
  0x000001e574114c70 WorkerThread "GC Thread#3"                     [id=19832, stack(0x0000005f30400000,0x0000005f30500000) (1024K)]
  0x000001e574117450 WorkerThread "GC Thread#4"                     [id=52164, stack(0x0000005f30500000,0x0000005f30600000) (1024K)]
  0x000001e574116d10 WorkerThread "GC Thread#5"                     [id=40312, stack(0x0000005f30600000,0x0000005f30700000) (1024K)]
  0x000001e574116230 WorkerThread "GC Thread#6"                     [id=51684, stack(0x0000005f30700000,0x0000005f30800000) (1024K)]
  0x000001e5741165d0 WorkerThread "GC Thread#7"                     [id=44348, stack(0x0000005f2fd00000,0x0000005f2fe00000) (1024K)]
  0x000001e5741177f0 WorkerThread "GC Thread#8"                     [id=48752, stack(0x0000005f30900000,0x0000005f30a00000) (1024K)]
  0x000001e5741153b0 WorkerThread "GC Thread#9"                     [id=22732, stack(0x0000005f30a00000,0x0000005f30b00000) (1024K)]
  0x000001e574115e90 WorkerThread "GC Thread#10"                    [id=51488, stack(0x0000005f31000000,0x0000005f31100000) (1024K)]
  0x000001e574115750 WorkerThread "GC Thread#11"                    [id=44772, stack(0x0000005f31100000,0x0000005f31200000) (1024K)]
  0x000001e574114190 WorkerThread "GC Thread#12"                    [id=21960, stack(0x0000005f31200000,0x0000005f31300000) (1024K)]
Total: 15

Threads with active compile tasks:
C2 CompilerThread0  35935 5012   !   4       org.eclipse.osgi.internal.loader.classpath.ClasspathManager::findClassImpl (343 bytes)
C1 CompilerThread0  35935 5821       3       org.eclipse.sisu.space.asm.ClassReader::accept (1401 bytes)
Total: 2

VM state: not at safepoint (normal execution)

VM Mutex/Monitor currently owned by a thread:  ([mutex/lock_event])
[0x00007ffe5875ce80] CompiledIC_lock - owner thread: 0x0000000000000000

Heap address: 0x00000000c0000000, size: 1024 MB, Compressed Oops mode: 32-bit

CDS archive(s) mapped at: [0x000001e500000000-0x000001e500ba0000-0x000001e500ba0000), size 12189696, SharedBaseAddress: 0x000001e500000000, ArchiveRelocationMode: 1.
Compressed class space mapped at: 0x000001e501000000-0x000001e541000000, reserved size: 1073741824
Narrow klass base: 0x000001e500000000, Narrow klass shift: 0, Narrow klass range: 0x100000000

GC Precious Log:
 CardTable entry size: 512
 CPUs: 16 total, 16 available
 Memory: 7895M
 Large Page Support: Disabled
 NUMA Support: Disabled
 Compressed Oops: Enabled (32-bit)
 Alignments: Space 512K, Generation 512K, Heap 2M
 Heap Min Capacity: 100M
 Heap Initial Capacity: 100M
 Heap Max Capacity: 1G
 Pre-touch: Disabled
 Parallel Workers: 13

Heap:
 PSYoungGen      total 24576K, used 12845K [0x00000000eab00000, 0x00000000ec680000, 0x0000000100000000)
  eden space 22016K, 53% used [0x00000000eab00000,0x00000000eb6689b8,0x00000000ec080000)
  from space 2560K, 45% used [0x00000000ec280000,0x00000000ec3a2b60,0x00000000ec500000)
  to   space 1536K, 0% used [0x00000000ec500000,0x00000000ec500000,0x00000000ec680000)
 ParOldGen       total 68608K, used 20925K [0x00000000c0000000, 0x00000000c4300000, 0x00000000eab00000)
  object space 68608K, 30% used [0x00000000c0000000,0x00000000c146f650,0x00000000c4300000)
 Metaspace       used 40808K, committed 41920K, reserved 1114112K
  class space    used 4186K, committed 4672K, reserved 1048576K

Card table byte_map: [0x000001e557eb0000,0x000001e5580c0000] _byte_map_base: 0x000001e5578b0000

Marking Bits: (ParMarkBitMap*) 0x00007ffe58763260
 Begin Bits: [0x000001e56a700000, 0x000001e56b700000)
 End Bits:   [0x000001e56b700000, 0x000001e56c700000)

Polling page: 0x000001e556270000

Metaspace:

Usage:
  Non-class:     35.76 MB used.
      Class:      4.09 MB used.
       Both:     39.85 MB used.

Virtual space:
  Non-class space:       64.00 MB reserved,      36.38 MB ( 57%) committed,  1 nodes.
      Class space:        1.00 GB reserved,       4.56 MB ( <1%) committed,  1 nodes.
             Both:        1.06 GB reserved,      40.94 MB (  4%) committed. 

Chunk freelists:
   Non-Class:  10.91 MB
       Class:  11.32 MB
        Both:  22.23 MB

MaxMetaspaceSize: unlimited
CompressedClassSpaceSize: 1.00 GB
Initial GC threshold: 21.00 MB
Current GC threshold: 58.38 MB
CDS: on
 - commit_granule_bytes: 65536.
 - commit_granule_words: 8192.
 - virtual_space_node_default_size: 8388608.
 - enlarge_chunks_in_place: 1.
 - use_allocation_guard: 0.


Internal statistics:

num_allocs_failed_limit: 6.
num_arena_births: 886.
num_arena_deaths: 14.
num_vsnodes_births: 2.
num_vsnodes_deaths: 0.
num_space_committed: 655.
num_space_uncommitted: 0.
num_chunks_returned_to_freelist: 20.
num_chunks_taken_from_freelist: 2621.
num_chunk_merges: 6.
num_chunk_splits: 1605.
num_chunks_enlarged: 862.
num_inconsistent_stats: 0.

CodeHeap 'non-profiled nmethods': size=119168Kb used=1865Kb max_used=2100Kb free=117302Kb
 bounds [0x000001e5632a0000, 0x000001e563510000, 0x000001e56a700000]
CodeHeap 'profiled nmethods': size=119104Kb used=10947Kb max_used=11563Kb free=108156Kb
 bounds [0x000001e55b700000, 0x000001e55c250000, 0x000001e562b50000]
CodeHeap 'non-nmethods': size=7488Kb used=1374Kb max_used=2929Kb free=6113Kb
 bounds [0x000001e562b50000, 0x000001e562e30000, 0x000001e5632a0000]
 total_blobs=5828 nmethods=5154 adapters=580
 compilation: enabled
              stopped_count=0, restarted_count=0
 full_count=0

Compilation events (20 events):
Event: 34.894 Thread 0x000001e57404f910 nmethod 5792 0x000001e55bc27310 code [0x000001e55bc274c0, 0x000001e55bc27698]
Event: 34.894 Thread 0x000001e57404f910 5793       3       com.google.common.cache.LocalCache::getOrLoad (10 bytes)
Event: 34.894 Thread 0x000001e56ddb5700 nmethod 5791 0x000001e55bc26b10 code [0x000001e55bc26d00, 0x000001e55bc27108]
Event: 34.894 Thread 0x000001e56ddb5700 5794       3       com.google.common.cache.LocalCache::get (21 bytes)
Event: 34.894 Thread 0x000001e57404f910 nmethod 5793 0x000001e55b722390 code [0x000001e55b722540, 0x000001e55b722698]
Event: 34.894 Thread 0x000001e57404f910 5795       3       com.google.common.cache.LocalCache::hash (14 bytes)
Event: 34.895 Thread 0x000001e57404f910 nmethod 5795 0x000001e55bc26590 code [0x000001e55bc26760, 0x000001e55bc26a08]
Event: 34.895 Thread 0x000001e57404f910 5796       3       com.google.common.base.Equivalence::hash (12 bytes)
Event: 34.895 Thread 0x000001e57404f910 nmethod 5796 0x000001e55bc26110 code [0x000001e55bc262c0, 0x000001e55bc264e8]
Event: 34.895 Thread 0x000001e56ddb5700 nmethod 5794 0x000001e55b756190 code [0x000001e55b7563a0, 0x000001e55b756940]
Event: 34.896 Thread 0x000001e57404f910 5797   !   3       org.eclipse.osgi.storage.bundlefile.CloseableBundleFile$BundleEntryInputStream::available (12 bytes)
Event: 34.896 Thread 0x000001e57404f910 nmethod 5797 0x000001e55bc25b10 code [0x000001e55bc25ce0, 0x000001e55bc25f88]
Event: 34.898 Thread 0x000001e57404f910 5798   !   3       java.lang.Class::desiredAssertionStatus (54 bytes)
Event: 34.898 Thread 0x000001e56ddb5700 5799   !   3       org.eclipse.jdt.ls.core.internal.ConnectionStreamFactory$NamedPipeInputStream::read (128 bytes)
Event: 34.898 Thread 0x000001e57404f910 nmethod 5798 0x000001e55b755890 code [0x000001e55b755aa0, 0x000001e55b755fb0]
Event: 34.899 Thread 0x000001e57404f910 5800       3       com.google.common.cache.LocalCache$Segment::getEntry (73 bytes)
Event: 34.899 Thread 0x000001e56ddb5700 nmethod 5799 0x000001e55b754890 code [0x000001e55b754b00, 0x000001e55b7554d0]
Event: 34.899 Thread 0x000001e56ddb5700 5801       3       com.google.common.cache.LocalCache$Segment::getFirst (21 bytes)
Event: 34.900 Thread 0x000001e56ddb5700 nmethod 5801 0x000001e55b777d90 code [0x000001e55b778000, 0x000001e55b778c20]
Event: 34.900 Thread 0x000001e57404f910 nmethod 5800 0x000001e55b776310 code [0x000001e55b776620, 0x000001e55b777798]

GC Heap History (20 events):
Event: 31.200 GC heap before
{Heap before GC invocations=8 (full 1):
 PSYoungGen      total 29184K, used 4387K [0x00000000eab00000, 0x00000000ecc00000, 0x0000000100000000)
  eden space 24576K, 0% used [0x00000000eab00000,0x00000000eab00000,0x00000000ec300000)
  from space 4608K, 95% used [0x00000000ec480000,0x00000000ec8c8fa8,0x00000000ec900000)
  to   space 3072K, 0% used [0x00000000ec900000,0x00000000ec900000,0x00000000ecc00000)
 ParOldGen       total 68608K, used 10488K [0x00000000c0000000, 0x00000000c4300000, 0x00000000eab00000)
  object space 68608K, 15% used [0x00000000c0000000,0x00000000c0a3e180,0x00000000c4300000)
 Metaspace       used 20577K, committed 21504K, reserved 1114112K
  class space    used 2079K, committed 2496K, reserved 1048576K
}
Event: 31.261 GC heap after
{Heap after GC invocations=8 (full 1):
 PSYoungGen      total 29184K, used 0K [0x00000000eab00000, 0x00000000ecc00000, 0x0000000100000000)
  eden space 24576K, 0% used [0x00000000eab00000,0x00000000eab00000,0x00000000ec300000)
  from space 4608K, 0% used [0x00000000ec480000,0x00000000ec480000,0x00000000ec900000)
  to   space 3072K, 0% used [0x00000000ec900000,0x00000000ec900000,0x00000000ecc00000)
 ParOldGen       total 68608K, used 13358K [0x00000000c0000000, 0x00000000c4300000, 0x00000000eab00000)
  object space 68608K, 19% used [0x00000000c0000000,0x00000000c0d0bb80,0x00000000c4300000)
 Metaspace       used 20565K, committed 21504K, reserved 1114112K
  class space    used 2076K, committed 2496K, reserved 1048576K
}
Event: 31.535 GC heap before
{Heap before GC invocations=9 (full 1):
 PSYoungGen      total 29184K, used 24576K [0x00000000eab00000, 0x00000000ecc00000, 0x0000000100000000)
  eden space 24576K, 100% used [0x00000000eab00000,0x00000000ec300000,0x00000000ec300000)
  from space 4608K, 0% used [0x00000000ec480000,0x00000000ec480000,0x00000000ec900000)
  to   space 3072K, 0% used [0x00000000ec900000,0x00000000ec900000,0x00000000ecc00000)
 ParOldGen       total 68608K, used 13358K [0x00000000c0000000, 0x00000000c4300000, 0x00000000eab00000)
  object space 68608K, 19% used [0x00000000c0000000,0x00000000c0d0bb80,0x00000000c4300000)
 Metaspace       used 22677K, committed 23552K, reserved 1114112K
  class space    used 2247K, committed 2624K, reserved 1048576K
}
Event: 31.537 GC heap after
{Heap after GC invocations=9 (full 1):
 PSYoungGen      total 25600K, used 1067K [0x00000000eab00000, 0x00000000eca80000, 0x0000000100000000)
  eden space 24064K, 0% used [0x00000000eab00000,0x00000000eab00000,0x00000000ec280000)
  from space 1536K, 69% used [0x00000000ec900000,0x00000000eca0ac30,0x00000000eca80000)
  to   space 2560K, 0% used [0x00000000ec580000,0x00000000ec580000,0x00000000ec800000)
 ParOldGen       total 68608K, used 13366K [0x00000000c0000000, 0x00000000c4300000, 0x00000000eab00000)
  object space 68608K, 19% used [0x00000000c0000000,0x00000000c0d0db80,0x00000000c4300000)
 Metaspace       used 22677K, committed 23552K, reserved 1114112K
  class space    used 2247K, committed 2624K, reserved 1048576K
}
Event: 31.869 GC heap before
{Heap before GC invocations=10 (full 1):
 PSYoungGen      total 25600K, used 25131K [0x00000000eab00000, 0x00000000eca80000, 0x0000000100000000)
  eden space 24064K, 100% used [0x00000000eab00000,0x00000000ec280000,0x00000000ec280000)
  from space 1536K, 69% used [0x00000000ec900000,0x00000000eca0ac30,0x00000000eca80000)
  to   space 2560K, 0% used [0x00000000ec580000,0x00000000ec580000,0x00000000ec800000)
 ParOldGen       total 68608K, used 13366K [0x00000000c0000000, 0x00000000c4300000, 0x00000000eab00000)
  object space 68608K, 19% used [0x00000000c0000000,0x00000000c0d0db80,0x00000000c4300000)
 Metaspace       used 25942K, committed 26880K, reserved 1114112K
  class space    used 2482K, committed 2880K, reserved 1048576K
}
Event: 31.872 GC heap after
{Heap after GC invocations=10 (full 1):
 PSYoungGen      total 26112K, used 2558K [0x00000000eab00000, 0x00000000ec980000, 0x0000000100000000)
  eden space 23552K, 0% used [0x00000000eab00000,0x00000000eab00000,0x00000000ec200000)
  from space 2560K, 99% used [0x00000000ec580000,0x00000000ec7ffa08,0x00000000ec800000)
  to   space 1536K, 0% used [0x00000000ec800000,0x00000000ec800000,0x00000000ec980000)
 ParOldGen       total 68608K, used 13539K [0x00000000c0000000, 0x00000000c4300000, 0x00000000eab00000)
  object space 68608K, 19% used [0x00000000c0000000,0x00000000c0d38fd0,0x00000000c4300000)
 Metaspace       used 25942K, committed 26880K, reserved 1114112K
  class space    used 2482K, committed 2880K, reserved 1048576K
}
Event: 32.316 GC heap before
{Heap before GC invocations=11 (full 1):
 PSYoungGen      total 26112K, used 26110K [0x00000000eab00000, 0x00000000ec980000, 0x0000000100000000)
  eden space 23552K, 100% used [0x00000000eab00000,0x00000000ec200000,0x00000000ec200000)
  from space 2560K, 99% used [0x00000000ec580000,0x00000000ec7ffa08,0x00000000ec800000)
  to   space 1536K, 0% used [0x00000000ec800000,0x00000000ec800000,0x00000000ec980000)
 ParOldGen       total 68608K, used 13539K [0x00000000c0000000, 0x00000000c4300000, 0x00000000eab00000)
  object space 68608K, 19% used [0x00000000c0000000,0x00000000c0d38fd0,0x00000000c4300000)
 Metaspace       used 27456K, committed 28352K, reserved 1114112K
  class space    used 2573K, committed 2944K, reserved 1048576K
}
Event: 32.319 GC heap after
{Heap after GC invocations=11 (full 1):
 PSYoungGen      total 24576K, used 1294K [0x00000000eab00000, 0x00000000ec980000, 0x0000000100000000)
  eden space 23040K, 0% used [0x00000000eab00000,0x00000000eab00000,0x00000000ec180000)
  from space 1536K, 84% used [0x00000000ec800000,0x00000000ec943890,0x00000000ec980000)
  to   space 2048K, 0% used [0x00000000ec580000,0x00000000ec580000,0x00000000ec780000)
 ParOldGen       total 68608K, used 15897K [0x00000000c0000000, 0x00000000c4300000, 0x00000000eab00000)
  object space 68608K, 23% used [0x00000000c0000000,0x00000000c0f866c0,0x00000000c4300000)
 Metaspace       used 27456K, committed 28352K, reserved 1114112K
  class space    used 2573K, committed 2944K, reserved 1048576K
}
Event: 32.786 GC heap before
{Heap before GC invocations=12 (full 1):
 PSYoungGen      total 24576K, used 24334K [0x00000000eab00000, 0x00000000ec980000, 0x0000000100000000)
  eden space 23040K, 100% used [0x00000000eab00000,0x00000000ec180000,0x00000000ec180000)
  from space 1536K, 84% used [0x00000000ec800000,0x00000000ec943890,0x00000000ec980000)
  to   space 2048K, 0% used [0x00000000ec580000,0x00000000ec580000,0x00000000ec780000)
 ParOldGen       total 68608K, used 15897K [0x00000000c0000000, 0x00000000c4300000, 0x00000000eab00000)
  object space 68608K, 23% used [0x00000000c0000000,0x00000000c0f866c0,0x00000000c4300000)
 Metaspace       used 31353K, committed 32320K, reserved 1114112K
  class space    used 3021K, committed 3456K, reserved 1048576K
}
Event: 32.789 GC heap after
{Heap after GC invocations=12 (full 1):
 PSYoungGen      total 24064K, used 1402K [0x00000000eab00000, 0x00000000ec880000, 0x0000000100000000)
  eden space 22528K, 0% used [0x00000000eab00000,0x00000000eab00000,0x00000000ec100000)
  from space 1536K, 91% used [0x00000000ec580000,0x00000000ec6deb28,0x00000000ec700000)
  to   space 1536K, 0% used [0x00000000ec700000,0x00000000ec700000,0x00000000ec880000)
 ParOldGen       total 68608K, used 16959K [0x00000000c0000000, 0x00000000c4300000, 0x00000000eab00000)
  object space 68608K, 24% used [0x00000000c0000000,0x00000000c108fe58,0x00000000c4300000)
 Metaspace       used 31353K, committed 32320K, reserved 1114112K
  class space    used 3021K, committed 3456K, reserved 1048576K
}
Event: 33.070 GC heap before
{Heap before GC invocations=13 (full 1):
 PSYoungGen      total 24064K, used 23930K [0x00000000eab00000, 0x00000000ec880000, 0x0000000100000000)
  eden space 22528K, 100% used [0x00000000eab00000,0x00000000ec100000,0x00000000ec100000)
  from space 1536K, 91% used [0x00000000ec580000,0x00000000ec6deb28,0x00000000ec700000)
  to   space 1536K, 0% used [0x00000000ec700000,0x00000000ec700000,0x00000000ec880000)
 ParOldGen       total 68608K, used 16959K [0x00000000c0000000, 0x00000000c4300000, 0x00000000eab00000)
  object space 68608K, 24% used [0x00000000c0000000,0x00000000c108fe58,0x00000000c4300000)
 Metaspace       used 33788K, committed 34816K, reserved 1114112K
  class space    used 3349K, committed 3840K, reserved 1048576K
}
Event: 33.072 GC heap after
{Heap after GC invocations=13 (full 1):
 PSYoungGen      total 23552K, used 1515K [0x00000000eab00000, 0x00000000ec880000, 0x0000000100000000)
  eden space 22016K, 0% used [0x00000000eab00000,0x00000000eab00000,0x00000000ec080000)
  from space 1536K, 98% used [0x00000000ec700000,0x00000000ec87ad70,0x00000000ec880000)
  to   space 3072K, 0% used [0x00000000ec280000,0x00000000ec280000,0x00000000ec580000)
 ParOldGen       total 68608K, used 18107K [0x00000000c0000000, 0x00000000c4300000, 0x00000000eab00000)
  object space 68608K, 26% used [0x00000000c0000000,0x00000000c11aecb0,0x00000000c4300000)
 Metaspace       used 33788K, committed 34816K, reserved 1114112K
  class space    used 3349K, committed 3840K, reserved 1048576K
}
Event: 34.274 GC heap before
{Heap before GC invocations=14 (full 1):
 PSYoungGen      total 23552K, used 14776K [0x00000000eab00000, 0x00000000ec880000, 0x0000000100000000)
  eden space 22016K, 60% used [0x00000000eab00000,0x00000000eb7f35e0,0x00000000ec080000)
  from space 1536K, 98% used [0x00000000ec700000,0x00000000ec87ad70,0x00000000ec880000)
  to   space 3072K, 0% used [0x00000000ec280000,0x00000000ec280000,0x00000000ec580000)
 ParOldGen       total 68608K, used 18107K [0x00000000c0000000, 0x00000000c4300000, 0x00000000eab00000)
  object space 68608K, 26% used [0x00000000c0000000,0x00000000c11aecb0,0x00000000c4300000)
 Metaspace       used 34768K, committed 35840K, reserved 1114112K
  class space    used 3461K, committed 3968K, reserved 1048576K
}
Event: 34.277 GC heap after
{Heap after GC invocations=14 (full 1):
 PSYoungGen      total 25088K, used 608K [0x00000000eab00000, 0x00000000ec780000, 0x0000000100000000)
  eden space 22016K, 0% used [0x00000000eab00000,0x00000000eab00000,0x00000000ec080000)
  from space 3072K, 19% used [0x00000000ec280000,0x00000000ec318000,0x00000000ec580000)
  to   space 1536K, 0% used [0x00000000ec600000,0x00000000ec600000,0x00000000ec780000)
 ParOldGen       total 68608K, used 19472K [0x00000000c0000000, 0x00000000c4300000, 0x00000000eab00000)
  object space 68608K, 28% used [0x00000000c0000000,0x00000000c13041e8,0x00000000c4300000)
 Metaspace       used 34768K, committed 35840K, reserved 1114112K
  class space    used 3461K, committed 3968K, reserved 1048576K
}
Event: 34.277 GC heap before
{Heap before GC invocations=15 (full 2):
 PSYoungGen      total 25088K, used 608K [0x00000000eab00000, 0x00000000ec780000, 0x0000000100000000)
  eden space 22016K, 0% used [0x00000000eab00000,0x00000000eab00000,0x00000000ec080000)
  from space 3072K, 19% used [0x00000000ec280000,0x00000000ec318000,0x00000000ec580000)
  to   space 1536K, 0% used [0x00000000ec600000,0x00000000ec600000,0x00000000ec780000)
 ParOldGen       total 68608K, used 19472K [0x00000000c0000000, 0x00000000c4300000, 0x00000000eab00000)
  object space 68608K, 28% used [0x00000000c0000000,0x00000000c13041e8,0x00000000c4300000)
 Metaspace       used 34768K, committed 35840K, reserved 1114112K
  class space    used 3461K, committed 3968K, reserved 1048576K
}
Event: 34.317 GC heap after
{Heap after GC invocations=15 (full 2):
 PSYoungGen      total 25088K, used 0K [0x00000000eab00000, 0x00000000ec780000, 0x0000000100000000)
  eden space 22016K, 0% used [0x00000000eab00000,0x00000000eab00000,0x00000000ec080000)
  from space 3072K, 0% used [0x00000000ec280000,0x00000000ec280000,0x00000000ec580000)
  to   space 1536K, 0% used [0x00000000ec600000,0x00000000ec600000,0x00000000ec780000)
 ParOldGen       total 68608K, used 19078K [0x00000000c0000000, 0x00000000c4300000, 0x00000000eab00000)
  object space 68608K, 27% used [0x00000000c0000000,0x00000000c12a1910,0x00000000c4300000)
 Metaspace       used 34768K, committed 35840K, reserved 1114112K
  class space    used 3461K, committed 3968K, reserved 1048576K
}
Event: 34.522 GC heap before
{Heap before GC invocations=16 (full 2):
 PSYoungGen      total 25088K, used 22016K [0x00000000eab00000, 0x00000000ec780000, 0x0000000100000000)
  eden space 22016K, 100% used [0x00000000eab00000,0x00000000ec080000,0x00000000ec080000)
  from space 3072K, 0% used [0x00000000ec280000,0x00000000ec280000,0x00000000ec580000)
  to   space 1536K, 0% used [0x00000000ec600000,0x00000000ec600000,0x00000000ec780000)
 ParOldGen       total 68608K, used 19078K [0x00000000c0000000, 0x00000000c4300000, 0x00000000eab00000)
  object space 68608K, 27% used [0x00000000c0000000,0x00000000c12a1910,0x00000000c4300000)
 Metaspace       used 36792K, committed 37888K, reserved 1114112K
  class space    used 3696K, committed 4224K, reserved 1048576K
}
Event: 34.524 GC heap after
{Heap after GC invocations=16 (full 2):
 PSYoungGen      total 23552K, used 1536K [0x00000000eab00000, 0x00000000ec780000, 0x0000000100000000)
  eden space 22016K, 0% used [0x00000000eab00000,0x00000000eab00000,0x00000000ec080000)
  from space 1536K, 100% used [0x00000000ec600000,0x00000000ec780000,0x00000000ec780000)
  to   space 2560K, 0% used [0x00000000ec280000,0x00000000ec280000,0x00000000ec500000)
 ParOldGen       total 68608K, used 19390K [0x00000000c0000000, 0x00000000c4300000, 0x00000000eab00000)
  object space 68608K, 28% used [0x00000000c0000000,0x00000000c12ef910,0x00000000c4300000)
 Metaspace       used 36792K, committed 37888K, reserved 1114112K
  class space    used 3696K, committed 4224K, reserved 1048576K
}
Event: 34.786 GC heap before
{Heap before GC invocations=17 (full 2):
 PSYoungGen      total 23552K, used 23552K [0x00000000eab00000, 0x00000000ec780000, 0x0000000100000000)
  eden space 22016K, 100% used [0x00000000eab00000,0x00000000ec080000,0x00000000ec080000)
  from space 1536K, 100% used [0x00000000ec600000,0x00000000ec780000,0x00000000ec780000)
  to   space 2560K, 0% used [0x00000000ec280000,0x00000000ec280000,0x00000000ec500000)
 ParOldGen       total 68608K, used 19411K [0x00000000c0000000, 0x00000000c4300000, 0x00000000eab00000)
  object space 68608K, 28% used [0x00000000c0000000,0x00000000c12f4ec0,0x00000000c4300000)
 Metaspace       used 39707K, committed 40832K, reserved 1114112K
  class space    used 4046K, committed 4608K, reserved 1048576K
}
Event: 34.788 GC heap after
{Heap after GC invocations=17 (full 2):
 PSYoungGen      total 24576K, used 1162K [0x00000000eab00000, 0x00000000ec680000, 0x0000000100000000)
  eden space 22016K, 0% used [0x00000000eab00000,0x00000000eab00000,0x00000000ec080000)
  from space 2560K, 45% used [0x00000000ec280000,0x00000000ec3a2b60,0x00000000ec500000)
  to   space 1536K, 0% used [0x00000000ec500000,0x00000000ec500000,0x00000000ec680000)
 ParOldGen       total 68608K, used 20925K [0x00000000c0000000, 0x00000000c4300000, 0x00000000eab00000)
  object space 68608K, 30% used [0x00000000c0000000,0x00000000c146f650,0x00000000c4300000)
 Metaspace       used 39707K, committed 40832K, reserved 1114112K
  class space    used 4046K, committed 4608K, reserved 1048576K
}

Dll operation events (11 events):
Event: 0.015 Loaded shared library c:\Users\ACER\.vscode\extensions\redhat.java-1.41.1-win32-x64\jre\21.0.6-win32-x86_64\bin\java.dll
Event: 0.110 Loaded shared library c:\Users\ACER\.vscode\extensions\redhat.java-1.41.1-win32-x64\jre\21.0.6-win32-x86_64\bin\zip.dll
Event: 0.142 Loaded shared library C:\Users\ACER\.vscode\extensions\redhat.java-1.41.1-win32-x64\jre\21.0.6-win32-x86_64\bin\instrument.dll
Event: 0.148 Loaded shared library C:\Users\ACER\.vscode\extensions\redhat.java-1.41.1-win32-x64\jre\21.0.6-win32-x86_64\bin\net.dll
Event: 0.152 Loaded shared library C:\Users\ACER\.vscode\extensions\redhat.java-1.41.1-win32-x64\jre\21.0.6-win32-x86_64\bin\nio.dll
Event: 0.156 Loaded shared library C:\Users\ACER\.vscode\extensions\redhat.java-1.41.1-win32-x64\jre\21.0.6-win32-x86_64\bin\zip.dll
Event: 0.181 Loaded shared library C:\Users\ACER\.vscode\extensions\redhat.java-1.41.1-win32-x64\jre\21.0.6-win32-x86_64\bin\jimage.dll
Event: 0.275 Loaded shared library c:\Users\ACER\.vscode\extensions\redhat.java-1.41.1-win32-x64\jre\21.0.6-win32-x86_64\bin\verify.dll
Event: 7.955 Loaded shared library C:\Users\ACER\AppData\Roaming\Code\User\globalStorage\redhat.java\1.41.1\config_win\org.eclipse.equinox.launcher\org.eclipse.equinox.launcher.win32.win32.x86_64_1.2.1300.v20250331-1702\eclipse_11911.dll
Event: 30.391 Loaded shared library C:\Users\ACER\AppData\Local\Temp\jna-2003023\jna8694430406570600800.dll
Event: 34.660 Loaded shared library C:\Users\ACER\.vscode\extensions\redhat.java-1.41.1-win32-x64\jre\21.0.6-win32-x86_64\bin\sunmscapi.dll

Deoptimization events (20 events):
Event: 34.620 Thread 0x000001e56de14270 DEOPT PACKING pc=0x000001e55bc2ead3 sp=0x0000005f30efe270
Event: 34.620 Thread 0x000001e56de14270 DEOPT UNPACKING pc=0x000001e562ba4242 sp=0x0000005f30efd6e0 mode 0
Event: 34.639 Thread 0x000001e56de15cb0 Uncommon trap: trap_request=0xffffff45 fr.pc=0x000001e56334b41c relative=0x000000000000085c
Event: 34.639 Thread 0x000001e56de15cb0 Uncommon trap: reason=unstable_if action=reinterpret pc=0x000001e56334b41c method=java.util.HashMap.computeIfAbsent(Ljava/lang/Object;Ljava/util/function/Function;)Ljava/lang/Object; @ 294 c2
Event: 34.639 Thread 0x000001e56de15cb0 DEOPT PACKING pc=0x000001e56334b41c sp=0x0000005f315fbbb0
Event: 34.639 Thread 0x000001e56de15cb0 DEOPT UNPACKING pc=0x000001e562ba3aa2 sp=0x0000005f315fbb58 mode 2
Event: 34.720 Thread 0x000001e56de15cb0 Uncommon trap: trap_request=0xffffff3d fr.pc=0x000001e563365c08 relative=0x0000000000000068
Event: 34.720 Thread 0x000001e56de15cb0 Uncommon trap: reason=unstable_fused_if action=reinterpret pc=0x000001e563365c08 method=java.lang.CharacterDataLatin1.equalsIgnoreCase(BB)Z @ 16 c2
Event: 34.720 Thread 0x000001e56de15cb0 DEOPT PACKING pc=0x000001e563365c08 sp=0x0000005f315fce20
Event: 34.720 Thread 0x000001e56de15cb0 DEOPT UNPACKING pc=0x000001e562ba3aa2 sp=0x0000005f315fcda0 mode 2
Event: 34.726 Thread 0x000001e56de14f90 DEOPT PACKING pc=0x000001e55ba78cc6 sp=0x0000005f314fe860
Event: 34.726 Thread 0x000001e56de14f90 DEOPT UNPACKING pc=0x000001e562ba4242 sp=0x0000005f314fdde0 mode 0
Event: 34.895 Thread 0x000001e558512700 Uncommon trap: trap_request=0xffffff45 fr.pc=0x000001e5633fd4a4 relative=0x00000000000000e4
Event: 34.895 Thread 0x000001e558512700 Uncommon trap: reason=unstable_if action=reinterpret pc=0x000001e5633fd4a4 method=java.lang.CharacterDataLatin1.digit(II)I @ 7 c2
Event: 34.895 Thread 0x000001e558512700 DEOPT PACKING pc=0x000001e5633fd4a4 sp=0x0000005f2effe620
Event: 34.895 Thread 0x000001e558512700 DEOPT UNPACKING pc=0x000001e562ba3aa2 sp=0x0000005f2effe4e0 mode 2
Event: 34.897 Thread 0x000001e558512700 Uncommon trap: trap_request=0xffffff45 fr.pc=0x000001e5632dad48 relative=0x00000000000000a8
Event: 34.897 Thread 0x000001e558512700 Uncommon trap: reason=unstable_if action=reinterpret pc=0x000001e5632dad48 method=java.lang.CharacterDataLatin1.digit(II)I @ 7 c2
Event: 34.897 Thread 0x000001e558512700 DEOPT PACKING pc=0x000001e5632dad48 sp=0x0000005f2effe570
Event: 34.897 Thread 0x000001e558512700 DEOPT UNPACKING pc=0x000001e562ba3aa2 sp=0x0000005f2effe4f0 mode 2

Classes loaded (20 events):
Event: 34.828 Loading class sun/nio/cs/ThreadLocalCoders$2 done
Event: 34.890 Loading class jdk/internal/event/ThreadSleepEvent
Event: 34.891 Loading class jdk/internal/event/ThreadSleepEvent done
Event: 34.891 Loading class sun/nio/ch/PendingFuture
Event: 34.892 Loading class sun/nio/ch/PendingFuture done
Event: 34.892 Loading class sun/nio/ch/WindowsAsynchronousFileChannelImpl$ReadTask
Event: 34.892 Loading class sun/nio/ch/Iocp$ResultHandler
Event: 34.892 Loading class sun/nio/ch/Iocp$ResultHandler done
Event: 34.892 Loading class sun/nio/ch/WindowsAsynchronousFileChannelImpl$ReadTask done
Event: 34.894 Loading class java/text/ParsePosition
Event: 34.894 Loading class java/text/ParsePosition done
Event: 34.895 Loading class java/text/CalendarBuilder
Event: 34.895 Loading class java/text/CalendarBuilder done
Event: 34.897 Loading class sun/util/locale/provider/CalendarDataUtility$CalendarFieldValueNamesMapGetter
Event: 34.897 Loading class sun/util/locale/provider/CalendarDataUtility$CalendarFieldValueNamesMapGetter done
Event: 34.899 Loading class sun/util/cldr/CLDRCalendarNameProviderImpl
Event: 34.899 Loading class sun/util/locale/provider/CalendarNameProviderImpl
Event: 34.900 Loading class sun/util/locale/provider/CalendarNameProviderImpl done
Event: 34.900 Loading class sun/util/cldr/CLDRCalendarNameProviderImpl done
Event: 34.901 Loading class sun/util/locale/provider/CalendarNameProviderImpl$LengthBasedComparator

Classes unloaded (7 events):
Event: 31.206 Thread 0x000001e555f71340 Unloading class 0x000001e50119fc00 'java/lang/invoke/LambdaForm$MH+0x000001e50119fc00'
Event: 31.206 Thread 0x000001e555f71340 Unloading class 0x000001e50119f800 'java/lang/invoke/LambdaForm$MH+0x000001e50119f800'
Event: 31.206 Thread 0x000001e555f71340 Unloading class 0x000001e50119f400 'java/lang/invoke/LambdaForm$MH+0x000001e50119f400'
Event: 31.206 Thread 0x000001e555f71340 Unloading class 0x000001e50119f000 'java/lang/invoke/LambdaForm$MH+0x000001e50119f000'
Event: 31.206 Thread 0x000001e555f71340 Unloading class 0x000001e50119ec00 'java/lang/invoke/LambdaForm$BMH+0x000001e50119ec00'
Event: 31.206 Thread 0x000001e555f71340 Unloading class 0x000001e50119e800 'java/lang/invoke/LambdaForm$DMH+0x000001e50119e800'
Event: 31.206 Thread 0x000001e555f71340 Unloading class 0x000001e50119d400 'java/lang/invoke/LambdaForm$DMH+0x000001e50119d400'

Classes redefined (0 events):
No events

Internal exceptions (20 events):
Event: 34.442 Thread 0x000001e56de14f90 Exception <a 'sun/nio/fs/WindowsException'{0x00000000eb657c18}> (0x00000000eb657c18) 
thrown [s\src\hotspot\share\prims\jni.cpp, line 520]
Event: 34.443 Thread 0x000001e56de14f90 Exception <a 'sun/nio/fs/WindowsException'{0x00000000eb658958}> (0x00000000eb658958) 
thrown [s\src\hotspot\share\prims\jni.cpp, line 520]
Event: 34.444 Thread 0x000001e56de14f90 Exception <a 'sun/nio/fs/WindowsException'{0x00000000eb659258}> (0x00000000eb659258) 
thrown [s\src\hotspot\share\prims\jni.cpp, line 520]
Event: 34.470 Thread 0x000001e56de14f90 Exception <a 'java/lang/NoSuchMethodError'{0x00000000ebd0cd10}: 'void java.lang.invoke.DirectMethodHandle$Holder.invokeVirtual(java.lang.Object, java.lang.Object, java.lang.Object, java.lang.Object)'> (0x00000000ebd0cd10) 
thrown [s\src\hotspot\share\interpreter\linkResolver.cpp, line 773]
Event: 34.559 Thread 0x000001e56de14f90 Exception <a 'java/lang/NoSuchMethodError'{0x00000000eadf69e8}: 'int java.lang.invoke.DirectMethodHandle$Holder.invokeSpecial(java.lang.Object, java.lang.Object, java.lang.Object, java.lang.Object)'> (0x00000000eadf69e8) 
thrown [s\src\hotspot\share\interpreter\linkResolver.cpp, line 773]
Event: 34.602 Thread 0x000001e56de14f90 Exception <a 'sun/nio/fs/WindowsException'{0x00000000eb122070}> (0x00000000eb122070) 
thrown [s\src\hotspot\share\prims\jni.cpp, line 520]
Event: 34.602 Thread 0x000001e56de14f90 Exception <a 'sun/nio/fs/WindowsException'{0x00000000eb1226a0}> (0x00000000eb1226a0) 
thrown [s\src\hotspot\share\prims\jni.cpp, line 520]
Event: 34.604 Thread 0x000001e56de14f90 Exception <a 'sun/nio/fs/WindowsException'{0x00000000eb12bba8}> (0x00000000eb12bba8) 
thrown [s\src\hotspot\share\prims\jni.cpp, line 520]
Event: 34.604 Thread 0x000001e56de14f90 Exception <a 'sun/nio/fs/WindowsException'{0x00000000eb12c1d8}> (0x00000000eb12c1d8) 
thrown [s\src\hotspot\share\prims\jni.cpp, line 520]
Event: 34.605 Thread 0x000001e56de14f90 Exception <a 'sun/nio/fs/WindowsException'{0x00000000eb16ff40}> (0x00000000eb16ff40) 
thrown [s\src\hotspot\share\prims\jni.cpp, line 520]
Event: 34.605 Thread 0x000001e56de14f90 Exception <a 'sun/nio/fs/WindowsException'{0x00000000eb170590}> (0x00000000eb170590) 
thrown [s\src\hotspot\share\prims\jni.cpp, line 520]
Event: 34.629 Thread 0x000001e56de14f90 Exception <a 'sun/nio/fs/WindowsException'{0x00000000eb369c10}> (0x00000000eb369c10) 
thrown [s\src\hotspot\share\prims\jni.cpp, line 520]
Event: 34.629 Thread 0x000001e56de14f90 Exception <a 'sun/nio/fs/WindowsException'{0x00000000eb36a240}> (0x00000000eb36a240) 
thrown [s\src\hotspot\share\prims\jni.cpp, line 520]
Event: 34.680 Thread 0x000001e56de14f90 Exception <a 'sun/nio/fs/WindowsException'{0x00000000eb65e058}> (0x00000000eb65e058) 
thrown [s\src\hotspot\share\prims\jni.cpp, line 520]
Event: 34.680 Thread 0x000001e56de14f90 Exception <a 'sun/nio/fs/WindowsException'{0x00000000eb65e448}> (0x00000000eb65e448) 
thrown [s\src\hotspot\share\prims\jni.cpp, line 520]
Event: 34.803 Thread 0x000001e56de14f90 Exception <a 'java/io/FileNotFoundException'{0x00000000eac96908}> (0x00000000eac96908) 
thrown [s\src\hotspot\share\prims\jni.cpp, line 520]
Event: 34.815 Thread 0x000001e558512700 Exception <a 'java/lang/NoSuchMethodError'{0x00000000eade7380}: 'void java.lang.invoke.DirectMethodHandle$Holder.invokeSpecial(java.lang.Object, java.lang.Object, java.lang.Object, java.lang.Object, java.lang.Object, java.lang.Object)'> (0x00000000eade7380) 
thrown [s\src\hotspot\share\interpreter\linkResolver.cpp, line 773]
Event: 34.817 Thread 0x000001e558512700 Exception <a 'java/lang/IncompatibleClassChangeError'{0x00000000eadef660}: Found class java.lang.Object, but interface was expected> (0x00000000eadef660) 
thrown [s\src\hotspot\share\interpreter\linkResolver.cpp, line 840]
Event: 34.817 Thread 0x000001e558512700 Exception <a 'java/lang/IncompatibleClassChangeError'{0x00000000eadf14e8}: Found class java.lang.Object, but interface was expected> (0x00000000eadf14e8) 
thrown [s\src\hotspot\share\interpreter\linkResolver.cpp, line 840]
Event: 34.898 Thread 0x000001e56de14f90 Exception <a 'sun/nio/fs/WindowsException'{0x00000000eb27a7d0}> (0x00000000eb27a7d0) 
thrown [s\src\hotspot\share\prims\jni.cpp, line 520]

ZGC Phase Switch (0 events):
No events

VM Operations (20 events):
Event: 33.083 Executing VM operation: HandshakeAllThreads (Deoptimize)
Event: 33.083 Executing VM operation: HandshakeAllThreads (Deoptimize) done
Event: 34.095 Executing VM operation: Cleanup
Event: 34.203 Executing VM operation: Cleanup done
Event: 34.245 Executing VM operation: CollectForMetadataAllocation (Metadata GC Threshold)
Event: 34.317 Executing VM operation: CollectForMetadataAllocation (Metadata GC Threshold) done
Event: 34.411 Executing VM operation: HandshakeAllThreads (Deoptimize)
Event: 34.412 Executing VM operation: HandshakeAllThreads (Deoptimize) done
Event: 34.522 Executing VM operation: ParallelGCFailedAllocation (Allocation Failure)
Event: 34.524 Executing VM operation: ParallelGCFailedAllocation (Allocation Failure) done
Event: 34.675 Executing VM operation: HandshakeAllThreads (Deoptimize)
Event: 34.675 Executing VM operation: HandshakeAllThreads (Deoptimize) done
Event: 34.740 Executing VM operation: HandshakeAllThreads (Deoptimize)
Event: 34.746 Executing VM operation: HandshakeAllThreads (Deoptimize) done
Event: 34.754 Executing VM operation: HandshakeAllThreads (Deoptimize)
Event: 34.755 Executing VM operation: HandshakeAllThreads (Deoptimize) done
Event: 34.785 Executing VM operation: ParallelGCFailedAllocation (Allocation Failure)
Event: 34.785 Executing VM operation: ParallelGCFailedAllocation (Allocation Failure) done
Event: 34.785 Executing VM operation: ParallelGCSystemGC (GCLocker Initiated GC)
Event: 34.788 Executing VM operation: ParallelGCSystemGC (GCLocker Initiated GC) done

Memory protections (0 events):
No events

Nmethod flushes (20 events):
Event: 34.300 Thread 0x000001e555f71340 flushing  nmethod 0x000001e55be20010
Event: 34.300 Thread 0x000001e555f71340 flushing  nmethod 0x000001e55be20410
Event: 34.300 Thread 0x000001e555f71340 flushing  nmethod 0x000001e55be20d10
Event: 34.300 Thread 0x000001e555f71340 flushing  nmethod 0x000001e55be21f10
Event: 34.300 Thread 0x000001e555f71340 flushing  nmethod 0x000001e55be22710
Event: 34.300 Thread 0x000001e555f71340 flushing  nmethod 0x000001e55be24410
Event: 34.300 Thread 0x000001e555f71340 flushing  nmethod 0x000001e55be28090
Event: 34.300 Thread 0x000001e555f71340 flushing  nmethod 0x000001e55be29b10
Event: 34.300 Thread 0x000001e555f71340 flushing  nmethod 0x000001e55be6b890
Event: 34.300 Thread 0x000001e555f71340 flushing  nmethod 0x000001e55be92910
Event: 34.300 Thread 0x000001e555f71340 flushing  nmethod 0x000001e55beace10
Event: 34.300 Thread 0x000001e555f71340 flushing  nmethod 0x000001e55bead190
Event: 34.300 Thread 0x000001e555f71340 flushing  nmethod 0x000001e55beeb710
Event: 34.300 Thread 0x000001e555f71340 flushing  nmethod 0x000001e55bf12010
Event: 34.300 Thread 0x000001e555f71340 flushing  nmethod 0x000001e55bf1aa90
Event: 34.300 Thread 0x000001e555f71340 flushing  nmethod 0x000001e55bf31510
Event: 34.300 Thread 0x000001e555f71340 flushing  nmethod 0x000001e55bf6b510
Event: 34.300 Thread 0x000001e555f71340 flushing  nmethod 0x000001e55bf7e410
Event: 34.300 Thread 0x000001e555f71340 flushing  nmethod 0x000001e55bf7e890
Event: 34.300 Thread 0x000001e555f71340 flushing  nmethod 0x000001e55bfa7c10

Events (20 events):
Event: 34.217 Thread 0x000001e558512700 Thread added: 0x000001e574a68060
Event: 34.217 Thread 0x000001e558512700 Thread added: 0x000001e574a6a130
Event: 34.217 Thread 0x000001e558512700 Thread added: 0x000001e574a69aa0
Event: 34.217 Thread 0x000001e558512700 Thread added: 0x000001e574a6ae50
Event: 34.217 Thread 0x000001e558512700 Thread added: 0x000001e574a6a7c0
Event: 34.217 Thread 0x000001e558512700 Thread added: 0x000001e574a6b4e0
Event: 34.217 Thread 0x000001e558512700 Thread added: 0x000001e574a686f0
Event: 34.217 Thread 0x000001e558512700 Thread added: 0x000001e574a68d80
Event: 34.218 Thread 0x000001e558512700 Thread added: 0x000001e574a69410
Event: 34.218 Thread 0x000001e558512700 Thread added: 0x000001e5758d6e70
Event: 34.219 Thread 0x000001e558512700 Thread added: 0x000001e5758d7500
Event: 34.219 Thread 0x000001e558512700 Thread added: 0x000001e5758d8220
Event: 34.219 Thread 0x000001e558512700 Thread added: 0x000001e5758d5430
Event: 34.219 Thread 0x000001e558512700 Thread added: 0x000001e5758d7b90
Event: 34.220 Thread 0x000001e558512700 Thread added: 0x000001e5758d5ac0
Event: 34.220 Thread 0x000001e558512700 Thread added: 0x000001e5758d95d0
Event: 34.342 Thread 0x000001e558512700 Thread added: 0x000001e5758d88b0
Event: 34.359 Thread 0x000001e56ddb5700 Thread added: 0x000001e57404f910
Event: 34.890 Thread 0x000001e558512700 Thread added: 0x000001e5758d6150
Event: 34.890 Thread 0x000001e558512700 Thread added: 0x000001e5758d67e0


Dynamic libraries:
0x00007ff7429a0000 - 0x00007ff7429ae000 	c:\Users\ACER\.vscode\extensions\redhat.java-1.41.1-win32-x64\jre\21.0.6-win32-x86_64\bin\java.exe
0x00007ffed2780000 - 0x00007ffed29e0000 	C:\WINDOWS\SYSTEM32\ntdll.dll
0x00007ffed1af0000 - 0x00007ffed1bb7000 	C:\WINDOWS\System32\KERNEL32.DLL
0x00007ffecfbd0000 - 0x00007ffecff9a000 	C:\WINDOWS\System32\KERNELBASE.dll
0x00007ffed0170000 - 0x00007ffed02bb000 	C:\WINDOWS\System32\ucrtbase.dll
0x00007ffe70820000 - 0x00007ffe7083e000 	c:\Users\ACER\.vscode\extensions\redhat.java-1.41.1-win32-x64\jre\21.0.6-win32-x86_64\bin\VCRUNTIME140.dll
0x00007ffe70840000 - 0x00007ffe70858000 	c:\Users\ACER\.vscode\extensions\redhat.java-1.41.1-win32-x64\jre\21.0.6-win32-x86_64\bin\jli.dll
0x00007ffed0580000 - 0x00007ffed074c000 	C:\WINDOWS\System32\USER32.dll
0x00007ffeb35e0000 - 0x00007ffeb3877000 	C:\WINDOWS\WinSxS\amd64_microsoft.windows.common-controls_6595b64144ccf1df_6.0.26100.3624_none_3e086962e3345f24\COMCTL32.dll
0x00007ffecf960000 - 0x00007ffecf987000 	C:\WINDOWS\System32\win32u.dll
0x00007ffed1cc0000 - 0x00007ffed1d69000 	C:\WINDOWS\System32\msvcrt.dll
0x00007ffed19f0000 - 0x00007ffed1a1a000 	C:\WINDOWS\System32\GDI32.dll
0x00007ffecffa0000 - 0x00007ffed00d1000 	C:\WINDOWS\System32\gdi32full.dll
0x00007ffed02c0000 - 0x00007ffed0363000 	C:\WINDOWS\System32\msvcp_win.dll
0x00007ffed0c30000 - 0x00007ffed0c5f000 	C:\WINDOWS\System32\IMM32.DLL
0x00007ffead110000 - 0x00007ffead11c000 	c:\Users\ACER\.vscode\extensions\redhat.java-1.41.1-win32-x64\jre\21.0.6-win32-x86_64\bin\vcruntime140_1.dll
0x00007ffe6c060000 - 0x00007ffe6c0ed000 	c:\Users\ACER\.vscode\extensions\redhat.java-1.41.1-win32-x64\jre\21.0.6-win32-x86_64\bin\msvcp140.dll
0x00007ffe57ab0000 - 0x00007ffe58840000 	c:\Users\ACER\.vscode\extensions\redhat.java-1.41.1-win32-x64\jre\21.0.6-win32-x86_64\bin\server\jvm.dll
0x00007ffed14a0000 - 0x00007ffed1552000 	C:\WINDOWS\System32\ADVAPI32.dll
0x00007ffed1a40000 - 0x00007ffed1ae6000 	C:\WINDOWS\System32\sechost.dll
0x00007ffed0ae0000 - 0x00007ffed0bf6000 	C:\WINDOWS\System32\RPCRT4.dll
0x00007ffed1c40000 - 0x00007ffed1cb4000 	C:\WINDOWS\System32\WS2_32.dll
0x00007ffec3800000 - 0x00007ffec3836000 	C:\WINDOWS\SYSTEM32\WINMM.dll
0x00007ffece5d0000 - 0x00007ffece62e000 	C:\WINDOWS\SYSTEM32\POWRPROF.dll
0x00007ffec8de0000 - 0x00007ffec8deb000 	C:\WINDOWS\SYSTEM32\VERSION.dll
0x00007ffece5b0000 - 0x00007ffece5c4000 	C:\WINDOWS\SYSTEM32\UMPDC.dll
0x00007ffece890000 - 0x00007ffece8aa000 	C:\WINDOWS\SYSTEM32\kernel.appcore.dll
0x00007ffea8690000 - 0x00007ffea869a000 	c:\Users\ACER\.vscode\extensions\redhat.java-1.41.1-win32-x64\jre\21.0.6-win32-x86_64\bin\jimage.dll
0x00007ffecd070000 - 0x00007ffecd2b1000 	C:\WINDOWS\SYSTEM32\DBGHELP.DLL
0x00007ffed0750000 - 0x00007ffed0ad2000 	C:\WINDOWS\System32\combase.dll
0x00007ffed2660000 - 0x00007ffed2736000 	C:\WINDOWS\System32\OLEAUT32.dll
0x00007ffeb23f0000 - 0x00007ffeb2429000 	C:\WINDOWS\SYSTEM32\dbgcore.DLL
0x00007ffed0370000 - 0x00007ffed0409000 	C:\WINDOWS\System32\bcryptPrimitives.dll
0x00007ffe9a610000 - 0x00007ffe9a61f000 	c:\Users\ACER\.vscode\extensions\redhat.java-1.41.1-win32-x64\jre\21.0.6-win32-x86_64\bin\instrument.dll
0x00007ffe705b0000 - 0x00007ffe705cf000 	c:\Users\ACER\.vscode\extensions\redhat.java-1.41.1-win32-x64\jre\21.0.6-win32-x86_64\bin\java.dll
0x00007ffed1f20000 - 0x00007ffed2649000 	C:\WINDOWS\System32\SHELL32.dll
0x00007ffed0410000 - 0x00007ffed0578000 	C:\WINDOWS\System32\wintypes.dll
0x00007ffecd620000 - 0x00007ffecde72000 	C:\WINDOWS\SYSTEM32\windows.storage.dll
0x00007ffed0fb0000 - 0x00007ffed109d000 	C:\WINDOWS\System32\SHCORE.dll
0x00007ffed1e00000 - 0x00007ffed1e64000 	C:\WINDOWS\System32\shlwapi.dll
0x00007ffecf870000 - 0x00007ffecf89f000 	C:\WINDOWS\SYSTEM32\profapi.dll
0x00007ffe70060000 - 0x00007ffe70078000 	c:\Users\ACER\.vscode\extensions\redhat.java-1.41.1-win32-x64\jre\21.0.6-win32-x86_64\bin\zip.dll
0x00007ffe982b0000 - 0x00007ffe982c0000 	C:\Users\ACER\.vscode\extensions\redhat.java-1.41.1-win32-x64\jre\21.0.6-win32-x86_64\bin\net.dll
0x00007ffec83c0000 - 0x00007ffec84dd000 	C:\WINDOWS\SYSTEM32\WINHTTP.dll
0x00007ffecedb0000 - 0x00007ffecee1a000 	C:\WINDOWS\system32\mswsock.dll
0x00007ffe6fd90000 - 0x00007ffe6fda6000 	C:\Users\ACER\.vscode\extensions\redhat.java-1.41.1-win32-x64\jre\21.0.6-win32-x86_64\bin\nio.dll
0x00007ffe92340000 - 0x00007ffe92350000 	c:\Users\ACER\.vscode\extensions\redhat.java-1.41.1-win32-x64\jre\21.0.6-win32-x86_64\bin\verify.dll
0x00007ffe6d780000 - 0x00007ffe6d7c5000 	C:\Users\ACER\AppData\Roaming\Code\User\globalStorage\redhat.java\1.41.1\config_win\org.eclipse.equinox.launcher\org.eclipse.equinox.launcher.win32.win32.x86_64_1.2.1300.v20250331-1702\eclipse_11911.dll
0x00007ffed1280000 - 0x00007ffed1416000 	C:\WINDOWS\System32\ole32.dll
0x00007ffecf050000 - 0x00007ffecf06c000 	C:\WINDOWS\SYSTEM32\CRYPTSP.dll
0x00007ffece7f0000 - 0x00007ffece82a000 	C:\WINDOWS\system32\rsaenh.dll
0x00007ffecee50000 - 0x00007ffecee7b000 	C:\WINDOWS\SYSTEM32\USERENV.dll
0x00007ffecf840000 - 0x00007ffecf866000 	C:\WINDOWS\SYSTEM32\bcrypt.dll
0x00007ffecf070000 - 0x00007ffecf07c000 	C:\WINDOWS\SYSTEM32\CRYPTBASE.dll
0x00007ffece260000 - 0x00007ffece293000 	C:\WINDOWS\SYSTEM32\IPHLPAPI.DLL
0x00007ffed1490000 - 0x00007ffed149a000 	C:\WINDOWS\System32\NSI.dll
0x00007ffe6d1a0000 - 0x00007ffe6d1e9000 	C:\Users\ACER\AppData\Local\Temp\jna-2003023\jna8694430406570600800.dll
0x00007ffed2650000 - 0x00007ffed2658000 	C:\WINDOWS\System32\PSAPI.DLL
0x00007ffec8390000 - 0x00007ffec83af000 	C:\WINDOWS\SYSTEM32\dhcpcsvc6.DLL
0x00007ffec8120000 - 0x00007ffec8145000 	C:\WINDOWS\SYSTEM32\dhcpcsvc.DLL
0x00007ffead440000 - 0x00007ffead44e000 	C:\Users\ACER\.vscode\extensions\redhat.java-1.41.1-win32-x64\jre\21.0.6-win32-x86_64\bin\sunmscapi.dll
0x00007ffecfa50000 - 0x00007ffecfbc7000 	C:\WINDOWS\System32\CRYPT32.dll
0x00007ffecf250000 - 0x00007ffecf280000 	C:\WINDOWS\SYSTEM32\ncrypt.dll
0x00007ffecf200000 - 0x00007ffecf23f000 	C:\WINDOWS\SYSTEM32\NTASN1.dll
0x00007ffece300000 - 0x00007ffece425000 	C:\WINDOWS\SYSTEM32\DNSAPI.dll
0x00007ffebd770000 - 0x00007ffebd77b000 	C:\Windows\System32\rasadhlp.dll
0x00007ffec78e0000 - 0x00007ffec7965000 	C:\WINDOWS\System32\fwpuclnt.dll

dbghelp: loaded successfully - version: 4.0.5 - missing functions: none
symbol engine: initialized successfully - sym options: 0x614 - pdb path: .;c:\Users\ACER\.vscode\extensions\redhat.java-1.41.1-win32-x64\jre\21.0.6-win32-x86_64\bin;C:\WINDOWS\SYSTEM32;C:\WINDOWS\WinSxS\amd64_microsoft.windows.common-controls_6595b64144ccf1df_6.0.26100.3624_none_3e086962e3345f24;c:\Users\ACER\.vscode\extensions\redhat.java-1.41.1-win32-x64\jre\21.0.6-win32-x86_64\bin\server;C:\Users\ACER\AppData\Roaming\Code\User\globalStorage\redhat.java\1.41.1\config_win\org.eclipse.equinox.launcher\org.eclipse.equinox.launcher.win32.win32.x86_64_1.2.1300.v20250331-1702;C:\Users\ACER\AppData\Local\Temp\jna-2003023

VM Arguments:
jvm_args: --add-modules=ALL-SYSTEM --add-opens=java.base/java.util=ALL-UNNAMED --add-opens=java.base/java.lang=ALL-UNNAMED --add-opens=java.base/sun.nio.fs=ALL-UNNAMED -Declipse.application=org.eclipse.jdt.ls.core.id1 -Dosgi.bundles.defaultStartLevel=4 -Declipse.product=org.eclipse.jdt.ls.core.product -Djava.import.generatesMetadataFilesAtProjectRoot=false -DDetectVMInstallationsJob.disabled=true -Dfile.encoding=utf8 -XX:+UseParallelGC -XX:GCTimeRatio=4 -XX:AdaptiveSizePolicyWeight=90 -Dsun.zip.disableMemoryMapping=true -Xmx1G -Xms100m -Xlog:disable -javaagent:c:\Users\ACER\.vscode\extensions\redhat.java-1.41.1-win32-x64\lombok\lombok-1.18.36.jar -XX:+HeapDumpOnOutOfMemoryError -XX:HeapDumpPath=c:\Users\ACER\AppData\Roaming\Code\User\workspaceStorage\c5c08457940705c6c6acc5ba8aad8b10\redhat.java -Daether.dependencyCollector.impl=bf 
java_command: c:\Users\ACER\.vscode\extensions\redhat.java-1.41.1-win32-x64\server\plugins\org.eclipse.equinox.launcher_1.7.0.v20250331-1702.jar -configuration c:\Users\ACER\AppData\Roaming\Code\User\globalStorage\redhat.java\1.41.1\config_win -data c:\Users\ACER\AppData\Roaming\Code\User\workspaceStorage\c5c08457940705c6c6acc5ba8aad8b10\redhat.java\jdt_ws --pipe=\\.\pipe\lsp-63e7967911e4dcd6bbeb21e0d5049263-sock
java_class_path (initial): c:\Users\ACER\.vscode\extensions\redhat.java-1.41.1-win32-x64\server\plugins\org.eclipse.equinox.launcher_1.7.0.v20250331-1702.jar
Launcher Type: SUN_STANDARD

[Global flags]
    uintx AdaptiveSizePolicyWeight                 = 90                                        {product} {command line}
     intx CICompilerCount                          = 12                                        {product} {ergonomic}
    uintx GCTimeRatio                              = 4                                         {product} {command line}
     bool HeapDumpOnOutOfMemoryError               = true                                   {manageable} {command line}
    ccstr HeapDumpPath                             = c:\Users\ACER\AppData\Roaming\Code\User\workspaceStorage\c5c08457940705c6c6acc5ba8aad8b10\redhat.java         {manageable} {command line}
   size_t InitialHeapSize                          = 104857600                                 {product} {command line}
   size_t MaxHeapSize                              = 1073741824                                {product} {command line}
   size_t MaxNewSize                               = 357564416                                 {product} {ergonomic}
   size_t MinHeapDeltaBytes                        = 524288                                    {product} {ergonomic}
   size_t MinHeapSize                              = 104857600                                 {product} {command line}
   size_t NewSize                                  = 34603008                                  {product} {ergonomic}
    uintx NonNMethodCodeHeapSize                   = 7602480                                {pd product} {ergonomic}
    uintx NonProfiledCodeHeapSize                  = 122027880                              {pd product} {ergonomic}
   size_t OldSize                                  = 70254592                                  {product} {ergonomic}
    uintx ProfiledCodeHeapSize                     = 122027880                              {pd product} {ergonomic}
    uintx ReservedCodeCacheSize                    = 251658240                              {pd product} {ergonomic}
     bool SegmentedCodeCache                       = true                                      {product} {ergonomic}
   size_t SoftMaxHeapSize                          = 1073741824                             {manageable} {ergonomic}
     bool UseCompressedOops                        = true                           {product lp64_product} {ergonomic}
     bool UseLargePagesIndividualAllocation        = false                                  {pd product} {ergonomic}
     bool UseParallelGC                            = true                                      {product} {command line}

Logging:
Log output configuration:
 #0: stdout all=off uptime,level,tags foldmultilines=false
 #1: stderr all=off uptime,level,tags foldmultilines=false

Environment Variables:
JAVA_HOME=C:\Program Files\Zulu\zulu-17
PATH=C:\Python313\Scripts\;C:\Python313\;C:\Program Files\Zulu\zulu-17\bin\;"C:\Program Files (x86)\Common Files\Oracle\Java\C:\Program Files\java\jdk1.8.0_271\bin;C:\Program Files\java\jre1.8.0_271\bin";C:\Program Files\Common Files\Oracle\Java\javapath;C:\Program Files (x86)\Common Files\Oracle\Java\java8path;C:\Program Files (x86)\Common Files\Oracle\Java\javapath;C:\Windows\system32;C:\Windows;C:\Windows\System32\Wbem;C:\Windows\System32\WindowsPowerShell\v1.0\;C:\Windows\System32\OpenSSH\;C:\Program Files (x86)\NVIDIA Corporation\PhysX\Common;C:\Program Files\NVIDIA Corporation\NVIDIA NvDLISR;C:\Program Files\MySQL\MySQL Server 8.0\bin;C:\Program Files\Git\cmd;C:\WINDOWS\system32;C:\WINDOWS;C:\WINDOWS\System32\Wbem;C:\WINDOWS\System32\WindowsPowerShell\v1.0\;C:\WINDOWS\System32\OpenSSH\;C:\Users\ACER\Downloads\apache-maven-3.9.9-bin\apache-maven-3.9.9\bin;C:\Program Files (x86)\Microsoft Visual Studio\2022\BuildTools\VC\Tools\MSVC\14.42.34433\bin\Hostx64\x64;C:\ProgramData\chocolatey\bin;C:\Program Files\nodejs\;C:\chromedriver\chromedriver-win64\chromedriver.exe;C:\Program Files\MySQL\MySQL Shell 8.0\bin\;C:\Users\ACER\AppData\Local\Programs\Python\Python311\Scripts\;C:\Users\ACER\AppData\Local\Programs\Python\Launcher\;C:\Program Files\JetBrains\IntelliJ IDEA Community Edition 2024.2.1\bin;;C:\Users\ACER\AppData\Local\Programs\Microsoft VS Code\bin;C:\Users\ACER\.pyenv\pyenv-win-master\pyenv-win\bin;C:\Users\ACER\.pyenv\pyenv-win-master\pyenv-win\shims;C:\Users\ACER\AppData\Roaming\npm
USERNAME=ACER
OS=Windows_NT
PROCESSOR_IDENTIFIER=Intel64 Family 6 Model 186 Stepping 2, GenuineIntel
TMP=C:\Users\ACER\AppData\Local\Temp
TEMP=C:\Users\ACER\AppData\Local\Temp




Periodic native trim disabled

---------------  S Y S T E M  ---------------

OS:
 Windows 11 , 64 bit Build 26100 (10.0.26100.3775)
OS uptime: 1 days 11:18 hours
Hyper-V role detected

CPU: total 16 (initial active 16) (8 cores per cpu, 2 threads per core) family 6 model 186 stepping 2 microcode 0x4112, cx8, cmov, fxsr, ht, mmx, 3dnowpref, sse, sse2, sse3, ssse3, sse4.1, sse4.2, popcnt, lzcnt, tsc, tscinvbit, avx, avx2, aes, erms, clmul, bmi1, bmi2, adx, sha, fma, vzeroupper, clflush, clflushopt, clwb, hv, serialize, rdtscp, rdpid, fsrm, f16c, cet_ibt, cet_ss
Processor Information for processor 0
  Max Mhz: 2400, Current Mhz: 1520, Mhz Limit: 2400
Processor Information for processor 1
  Max Mhz: 2400, Current Mhz: 2400, Mhz Limit: 2400
Processor Information for processor 2
  Max Mhz: 2400, Current Mhz: 2400, Mhz Limit: 2400
Processor Information for processor 3
  Max Mhz: 2400, Current Mhz: 2400, Mhz Limit: 2400
Processor Information for processor 4
  Max Mhz: 2400, Current Mhz: 2400, Mhz Limit: 2400
Processor Information for processor 5
  Max Mhz: 2400, Current Mhz: 2400, Mhz Limit: 2400
Processor Information for processor 6
  Max Mhz: 2400, Current Mhz: 2400, Mhz Limit: 2400
Processor Information for processor 7
  Max Mhz: 2400, Current Mhz: 2400, Mhz Limit: 2400
Processor Information for processor 8
  Max Mhz: 2400, Current Mhz: 2400, Mhz Limit: 2400
Processor Information for processor 9
  Max Mhz: 2400, Current Mhz: 2400, Mhz Limit: 2400
Processor Information for processor 10
  Max Mhz: 2400, Current Mhz: 1520, Mhz Limit: 2400
Processor Information for processor 11
  Max Mhz: 2400, Current Mhz: 2400, Mhz Limit: 2400
Processor Information for processor 12
  Max Mhz: 2400, Current Mhz: 1500, Mhz Limit: 1800
Processor Information for processor 13
  Max Mhz: 2400, Current Mhz: 1500, Mhz Limit: 1800
Processor Information for processor 14
  Max Mhz: 2400, Current Mhz: 1500, Mhz Limit: 1800
Processor Information for processor 15
  Max Mhz: 2400, Current Mhz: 1800, Mhz Limit: 1800

Memory: 4k page, system-wide physical 7895M (86M free)
TotalPageFile size 32471M (AvailPageFile size 15M)
current process WorkingSet (physical memory assigned to process): 181M, peak: 194M
current process commit charge ("private bytes"): 294M, peak: 307M

vm_info: OpenJDK 64-Bit Server VM (21.0.6+7-LTS) for windows-amd64 JRE (21.0.6+7-LTS), built on 2025-01-21T00:00:00Z by "admin" with MS VC++ 17.7 (VS2022)

END.
