#
# There is insufficient memory for the Java Runtime Environment to continue.
# Native memory allocation (malloc) failed to allocate 624176 bytes. Error detail: Chunk::new
# Possible reasons:
#   The system is out of physical RAM or swap space
#   This process is running with CompressedOops enabled, and the Java Heap may be blocking the growth of the native heap
# Possible solutions:
#   Reduce memory load on the system
#   Increase physical memory or swap space
#   Check if swap backing store is full
#   Decrease Java heap size (-Xmx/-Xms)
#   Decrease number of Java threads
#   Decrease Java thread stack sizes (-Xss)
#   Set larger code cache with -XX:ReservedCodeCacheSize=
#   JVM is running with Unscaled Compressed Oops mode in which the Java heap is
#     placed in the first 4GB address space. The Java Heap base address is the
#     maximum limit for the native heap growth. Please use -XX:HeapBaseMinAddress
#     to set the Java Heap base and to place the Java Heap above 4GB virtual address.
# This output file may be truncated or incomplete.
#
#  Out of Memory Error (arena.cpp:168), pid=30312, tid=30116
#
# JRE version: OpenJDK Runtime Environment Temurin-21.0.6+7 (21.0.6+7) (build 21.0.6+7-LTS)
# Java VM: OpenJDK 64-Bit Server VM Temurin-21.0.6+7 (21.0.6+7-LTS, mixed mode, sharing, tiered, compressed oops, compressed class ptrs, parallel gc, windows-amd64)
# No core dump will be written. Minidumps are not enabled by default on client versions of Windows
#

---------------  S U M M A R Y ------------

Command Line: --add-modules=ALL-SYSTEM --add-opens=java.base/java.util=ALL-UNNAMED --add-opens=java.base/java.lang=ALL-UNNAMED --add-opens=java.base/sun.nio.fs=ALL-UNNAMED -Declipse.application=org.eclipse.jdt.ls.core.id1 -Dosgi.bundles.defaultStartLevel=4 -Declipse.product=org.eclipse.jdt.ls.core.product -Djava.import.generatesMetadataFilesAtProjectRoot=false -DDetectVMInstallationsJob.disabled=true -Dfile.encoding=utf8 -XX:+UseParallelGC -XX:GCTimeRatio=4 -XX:AdaptiveSizePolicyWeight=90 -Dsun.zip.disableMemoryMapping=true -Xmx1G -Xms100m -Xlog:disable -javaagent:c:\Users\ACER\.vscode\extensions\redhat.java-1.41.1-win32-x64\lombok\lombok-1.18.36.jar -XX:+HeapDumpOnOutOfMemoryError -XX:HeapDumpPath=c:\Users\ACER\AppData\Roaming\Code\User\workspaceStorage\c5c08457940705c6c6acc5ba8aad8b10\redhat.java -Daether.dependencyCollector.impl=bf c:\Users\ACER\.vscode\extensions\redhat.java-1.41.1-win32-x64\server\plugins\org.eclipse.equinox.launcher_1.7.0.v20250331-1702.jar -configuration c:\Users\ACER\AppData\Roaming\Code\User\globalStorage\redhat.java\1.41.1\config_win -data c:\Users\ACER\AppData\Roaming\Code\User\workspaceStorage\c5c08457940705c6c6acc5ba8aad8b10\redhat.java\jdt_ws --pipe=\\.\pipe\lsp-ef0732d45f8fc7b2cd1178a69a2d5a9a-sock

Host: 13th Gen Intel(R) Core(TM) i7-13620H, 16 cores, 7G,  Windows 11 , 64 bit Build 26100 (10.0.26100.3775)
Time: Tue Apr 15 08:13:52 2025 Malay Peninsula Standard Time elapsed time: 22.088411 seconds (0d 0h 0m 22s)

---------------  T H R E A D  ---------------

Current thread (0x0000022eeedcb240):  JavaThread "C2 CompilerThread0" daemon [_thread_in_native, id=30116, stack(0x0000007be5800000,0x0000007be5900000) (1024K)]


Current CompileTask:
C2:22088 3546       4       java.lang.invoke.MethodType::makeImpl (109 bytes)

Stack: [0x0000007be5800000,0x0000007be5900000]
Native frames: (J=compiled Java code, j=interpreted, Vv=VM code, C=native code)
V  [jvm.dll+0x6cdee9]
V  [jvm.dll+0x8a83d1]
V  [jvm.dll+0x8aa8fe]
V  [jvm.dll+0x8aafe3]
V  [jvm.dll+0x27f706]
V  [jvm.dll+0xc500d]
V  [jvm.dll+0xc5543]
V  [jvm.dll+0x2f2acd]
V  [jvm.dll+0x5f6a2a]
V  [jvm.dll+0x250bb2]
V  [jvm.dll+0x24908e]
V  [jvm.dll+0x246ec4]
V  [jvm.dll+0x1c75ee]
V  [jvm.dll+0x25685a]
V  [jvm.dll+0x254dfa]
V  [jvm.dll+0x3f0256]
V  [jvm.dll+0x851f8b]
V  [jvm.dll+0x6cc5ed]
C  [ucrtbase.dll+0x37b0]
C  [KERNEL32.DLL+0x2e8d7]
C  [ntdll.dll+0xb14fc]


---------------  P R O C E S S  ---------------

Threads class SMR info:
_java_thread_list=0x0000022ef546c580, length=22, elements={
0x0000022ed92efd70, 0x0000022eeeda3f60, 0x0000022eeeda7ea0, 0x0000022eeedae910,
0x0000022eeedaf360, 0x0000022eeedb33c0, 0x0000022eeedba920, 0x0000022eeedcb240,
0x0000022eeedf3890, 0x0000022eeedba290, 0x0000022eeedb74a0, 0x0000022eeedb7b30,
0x0000022eeedb81c0, 0x0000022eeedb8850, 0x0000022eeedb8ee0, 0x0000022eeedb9570,
0x0000022eeedb9c00, 0x0000022ef53a65f0, 0x0000022ef53a6c80, 0x0000022ef53a4bb0,
0x0000022ef53a86c0, 0x0000022ef53a8030
}

Java Threads: ( => current thread )
  0x0000022ed92efd70 JavaThread "main"                              [_thread_blocked, id=20824, stack(0x0000007be4e00000,0x0000007be4f00000) (1024K)]
  0x0000022eeeda3f60 JavaThread "Reference Handler"          daemon [_thread_blocked, id=48808, stack(0x0000007be5200000,0x0000007be5300000) (1024K)]
  0x0000022eeeda7ea0 JavaThread "Finalizer"                  daemon [_thread_blocked, id=41924, stack(0x0000007be5300000,0x0000007be5400000) (1024K)]
  0x0000022eeedae910 JavaThread "Signal Dispatcher"          daemon [_thread_blocked, id=50644, stack(0x0000007be5400000,0x0000007be5500000) (1024K)]
  0x0000022eeedaf360 JavaThread "Attach Listener"            daemon [_thread_blocked, id=33724, stack(0x0000007be5500000,0x0000007be5600000) (1024K)]
  0x0000022eeedb33c0 JavaThread "Service Thread"             daemon [_thread_blocked, id=49120, stack(0x0000007be5600000,0x0000007be5700000) (1024K)]
  0x0000022eeedba920 JavaThread "Monitor Deflation Thread"   daemon [_thread_blocked, id=36328, stack(0x0000007be5700000,0x0000007be5800000) (1024K)]
=>0x0000022eeedcb240 JavaThread "C2 CompilerThread0"         daemon [_thread_in_native, id=30116, stack(0x0000007be5800000,0x0000007be5900000) (1024K)]
  0x0000022eeedf3890 JavaThread "C1 CompilerThread0"         daemon [_thread_blocked, id=36348, stack(0x0000007be5900000,0x0000007be5a00000) (1024K)]
  0x0000022eeedba290 JavaThread "Common-Cleaner"             daemon [_thread_blocked, id=24972, stack(0x0000007be5a00000,0x0000007be5b00000) (1024K)]
  0x0000022eeedb74a0 JavaThread "Notification Thread"        daemon [_thread_blocked, id=51888, stack(0x0000007be5c00000,0x0000007be5d00000) (1024K)]
  0x0000022eeedb7b30 JavaThread "Active Thread: Equinox Container: a235340e-1d2a-49fb-8ddd-1a7e204b942f"        [_thread_blocked, id=49104, stack(0x0000007be6700000,0x0000007be6800000) (1024K)]
  0x0000022eeedb81c0 JavaThread "Refresh Thread: Equinox Container: a235340e-1d2a-49fb-8ddd-1a7e204b942f" daemon [_thread_blocked, id=45964, stack(0x0000007be6800000,0x0000007be6900000) (1024K)]
  0x0000022eeedb8850 JavaThread "Framework Event Dispatcher: Equinox Container: a235340e-1d2a-49fb-8ddd-1a7e204b942f" daemon [_thread_blocked, id=13044, stack(0x0000007be6a00000,0x0000007be6b00000) (1024K)]
  0x0000022eeedb8ee0 JavaThread "Start Level: Equinox Container: a235340e-1d2a-49fb-8ddd-1a7e204b942f" daemon [_thread_in_vm, id=47936, stack(0x0000007be6b00000,0x0000007be6c00000) (1024K)]
  0x0000022eeedb9570 JavaThread "Bundle File Closer"         daemon [_thread_blocked, id=34916, stack(0x0000007be6500000,0x0000007be6600000) (1024K)]
  0x0000022eeedb9c00 JavaThread "SCR Component Actor"        daemon [_thread_blocked, id=47108, stack(0x0000007be6300000,0x0000007be6400000) (1024K)]
  0x0000022ef53a65f0 JavaThread "SCR Component Registry"     daemon [_thread_blocked, id=46652, stack(0x0000007be6400000,0x0000007be6500000) (1024K)]
  0x0000022ef53a6c80 JavaThread "Worker-JM"                         [_thread_blocked, id=50960, stack(0x0000007be7300000,0x0000007be7400000) (1024K)]
  0x0000022ef53a4bb0 JavaThread "JNA Cleaner"                daemon [_thread_blocked, id=51204, stack(0x0000007be5b00000,0x0000007be5c00000) (1024K)]
  0x0000022ef53a86c0 JavaThread "Worker-0: Checking project encoding"        [_thread_blocked, id=48144, stack(0x0000007be6600000,0x0000007be6700000) (1024K)]
  0x0000022ef53a8030 JavaThread "Worker-1"                          [_thread_blocked, id=50568, stack(0x0000007be7400000,0x0000007be7500000) (1024K)]
Total: 22

Other Threads:
  0x0000022eed6c49d0 VMThread "VM Thread"                           [id=45952, stack(0x0000007be5100000,0x0000007be5200000) (1024K)]
  0x0000022eed5bca00 WatcherThread "VM Periodic Task Thread"        [id=51420, stack(0x0000007be5000000,0x0000007be5100000) (1024K)]
  0x0000022ed930d3d0 WorkerThread "GC Thread#0"                     [id=26472, stack(0x0000007be4f00000,0x0000007be5000000) (1024K)]
  0x0000022ef088b620 WorkerThread "GC Thread#1"                     [id=42452, stack(0x0000007be5d00000,0x0000007be5e00000) (1024K)]
  0x0000022ef04847b0 WorkerThread "GC Thread#2"                     [id=50196, stack(0x0000007be5e00000,0x0000007be5f00000) (1024K)]
  0x0000022ef0484b50 WorkerThread "GC Thread#3"                     [id=50468, stack(0x0000007be5f00000,0x0000007be6000000) (1024K)]
  0x0000022ef0484ef0 WorkerThread "GC Thread#4"                     [id=51264, stack(0x0000007be6000000,0x0000007be6100000) (1024K)]
  0x0000022ef07c00e0 WorkerThread "GC Thread#5"                     [id=50728, stack(0x0000007be6100000,0x0000007be6200000) (1024K)]
  0x0000022ef07c0480 WorkerThread "GC Thread#6"                     [id=47080, stack(0x0000007be6200000,0x0000007be6300000) (1024K)]
  0x0000022ef50663b0 WorkerThread "GC Thread#7"                     [id=26608, stack(0x0000007be6900000,0x0000007be6a00000) (1024K)]
  0x0000022ef0c4c840 WorkerThread "GC Thread#8"                     [id=29400, stack(0x0000007be6c00000,0x0000007be6d00000) (1024K)]
  0x0000022ef0c5b8c0 WorkerThread "GC Thread#9"                     [id=9076, stack(0x0000007be6d00000,0x0000007be6e00000) (1024K)]
  0x0000022ef0c5c3a0 WorkerThread "GC Thread#10"                    [id=42268, stack(0x0000007be6e00000,0x0000007be6f00000) (1024K)]
  0x0000022ef0c5cae0 WorkerThread "GC Thread#11"                    [id=20524, stack(0x0000007be7000000,0x0000007be7100000) (1024K)]
  0x0000022ef0c5ce80 WorkerThread "GC Thread#12"                    [id=30704, stack(0x0000007be7100000,0x0000007be7200000) (1024K)]
Total: 15

Threads with active compile tasks:
C2 CompilerThread0  22134 3546       4       java.lang.invoke.MethodType::makeImpl (109 bytes)
Total: 1

VM state: not at safepoint (normal execution)

VM Mutex/Monitor currently owned by a thread:  ([mutex/lock_event])
[0x00007ffe5875d200] JvmtiVTMSTransition_lock - owner thread: 0x0000000000000000

Heap address: 0x00000000c0000000, size: 1024 MB, Compressed Oops mode: 32-bit

CDS archive(s) mapped at: [0x0000022e80000000-0x0000022e80ba0000-0x0000022e80ba0000), size 12189696, SharedBaseAddress: 0x0000022e80000000, ArchiveRelocationMode: 1.
Compressed class space mapped at: 0x0000022e81000000-0x0000022ec1000000, reserved size: 1073741824
Narrow klass base: 0x0000022e80000000, Narrow klass shift: 0, Narrow klass range: 0x100000000

GC Precious Log:
 CardTable entry size: 512
 CPUs: 16 total, 16 available
 Memory: 7895M
 Large Page Support: Disabled
 NUMA Support: Disabled
 Compressed Oops: Enabled (32-bit)
 Alignments: Space 512K, Generation 512K, Heap 2M
 Heap Min Capacity: 100M
 Heap Initial Capacity: 100M
 Heap Max Capacity: 1G
 Pre-touch: Disabled
 Parallel Workers: 13

Heap:
 PSYoungGen      total 29184K, used 14152K [0x00000000eab00000, 0x00000000ed080000, 0x0000000100000000)
  eden space 25088K, 40% used [0x00000000eab00000,0x00000000eb4d9678,0x00000000ec380000)
  from space 4096K, 99% used [0x00000000ec400000,0x00000000ec7f8cf0,0x00000000ec800000)
  to   space 6656K, 0% used [0x00000000eca00000,0x00000000eca00000,0x00000000ed080000)
 ParOldGen       total 68608K, used 8722K [0x00000000c0000000, 0x00000000c4300000, 0x00000000eab00000)
  object space 68608K, 12% used [0x00000000c0000000,0x00000000c0884888,0x00000000c4300000)
 Metaspace       used 17450K, committed 18112K, reserved 1114112K
  class space    used 1733K, committed 1984K, reserved 1048576K

Card table byte_map: [0x0000022ed8c90000,0x0000022ed8ea0000] _byte_map_base: 0x0000022ed8690000

Marking Bits: (ParMarkBitMap*) 0x00007ffe58763260
 Begin Bits: [0x0000022eeb4e0000, 0x0000022eec4e0000)
 End Bits:   [0x0000022eec4e0000, 0x0000022eed4e0000)

Polling page: 0x0000022ed6f00000

Metaspace:

Usage:
  Non-class:     15.35 MB used.
      Class:      1.69 MB used.
       Both:     17.04 MB used.

Virtual space:
  Non-class space:       64.00 MB reserved,      15.75 MB ( 25%) committed,  1 nodes.
      Class space:        1.00 GB reserved,       1.94 MB ( <1%) committed,  1 nodes.
             Both:        1.06 GB reserved,      17.69 MB (  2%) committed. 

Chunk freelists:
   Non-Class:  224.00 KB
       Class:  14.09 MB
        Both:  14.31 MB

MaxMetaspaceSize: unlimited
CompressedClassSpaceSize: 1.00 GB
Initial GC threshold: 21.00 MB
Current GC threshold: 21.00 MB
CDS: on
 - commit_granule_bytes: 65536.
 - commit_granule_words: 8192.
 - virtual_space_node_default_size: 8388608.
 - enlarge_chunks_in_place: 1.
 - use_allocation_guard: 0.


Internal statistics:

num_allocs_failed_limit: 0.
num_arena_births: 530.
num_arena_deaths: 0.
num_vsnodes_births: 2.
num_vsnodes_deaths: 0.
num_space_committed: 283.
num_space_uncommitted: 0.
num_chunks_returned_to_freelist: 0.
num_chunks_taken_from_freelist: 1146.
num_chunk_merges: 0.
num_chunk_splits: 739.
num_chunks_enlarged: 490.
num_inconsistent_stats: 0.

CodeHeap 'non-profiled nmethods': size=119168Kb used=1496Kb max_used=1496Kb free=117671Kb
 bounds [0x0000022ee4080000, 0x0000022ee42f0000, 0x0000022eeb4e0000]
CodeHeap 'profiled nmethods': size=119104Kb used=7262Kb max_used=7262Kb free=111841Kb
 bounds [0x0000022edc4e0000, 0x0000022edcc00000, 0x0000022ee3930000]
CodeHeap 'non-nmethods': size=7488Kb used=1274Kb max_used=2412Kb free=6213Kb
 bounds [0x0000022ee3930000, 0x0000022ee3ba0000, 0x0000022ee4080000]
 total_blobs=4137 nmethods=3588 adapters=455
 compilation: enabled
              stopped_count=0, restarted_count=0
 full_count=0

Compilation events (20 events):
Event: 20.073 Thread 0x0000022eeedf4d00 3572       3       aQute.bnd.header.Parameters::entrySet (10 bytes)
Event: 20.073 Thread 0x0000022eeedf4d00 nmethod 3572 0x0000022edcbf3890 code [0x0000022edcbf3a40, 0x0000022edcbf3c18]
Event: 20.074 Thread 0x0000022eeedf1d50 3573       1       org.osgi.framework.Version::getMajor (5 bytes)
Event: 20.074 Thread 0x0000022eeedf1d50 nmethod 3573 0x0000022ee41f4310 code [0x0000022ee41f44a0, 0x0000022ee41f4568]
Event: 20.075 Thread 0x0000022eeedf1d50 3576       3       java.lang.invoke.LambdaFormEditor$TransformKey::ival (25 bytes)
Event: 20.075 Thread 0x0000022eeedf1d50 nmethod 3576 0x0000022edcbf3d10 code [0x0000022edcbf3ea0, 0x0000022edcbf3fa0]
Event: 20.076 Thread 0x0000022eeedf1d50 3580       3       jdk.internal.org.objectweb.asm.SymbolTable::putBootstrapMethods (56 bytes)
Event: 20.076 Thread 0x0000022eeedf1d50 nmethod 3580 0x0000022edcbf4010 code [0x0000022edcbf4220, 0x0000022edcbf4540]
Event: 20.076 Thread 0x0000022eeedf4d00 3581       3       jdk.internal.org.objectweb.asm.AnnotationWriter::putAnnotations (110 bytes)
Event: 20.076 Thread 0x0000022eeedf4d00 nmethod 3581 0x0000022edcbf4710 code [0x0000022edcbf4920, 0x0000022edcbf4d40]
Event: 20.078 Thread 0x0000022eeedf1d50 3582       3       java.lang.invoke.InvokerBytecodeGenerator::<init> (80 bytes)
Event: 20.078 Thread 0x0000022eeedf1d50 nmethod 3582 0x0000022edcbf5010 code [0x0000022edcbf51e0, 0x0000022edcbf5578]
Event: 20.078 Thread 0x0000022eeedf3890 3585       3       jdk.internal.org.objectweb.asm.FieldWriter::computeFieldInfoSize (86 bytes)
Event: 20.079 Thread 0x0000022eeedf3890 nmethod 3585 0x0000022edcbf5810 code [0x0000022edcbf5a00, 0x0000022edcbf5ce0]
Event: 20.079 Thread 0x0000022eeedf1d50 3586       3       jdk.internal.org.objectweb.asm.FieldWriter::putFieldInfo (269 bytes)
Event: 20.079 Thread 0x0000022eeedf1d50 nmethod 3586 0x0000022edcbf5e10 code [0x0000022edcbf60a0, 0x0000022edcbf6990]
Event: 20.160 Thread 0x0000022eeedf3890 3589       3       java.lang.Thread::isVirtual (5 bytes)
Event: 20.160 Thread 0x0000022eeedf3890 nmethod 3589 0x0000022edcbf6d10 code [0x0000022edcbf6ec0, 0x0000022edcbf70c8]
Event: 21.822 Thread 0x0000022eeedf3890 3590       3       java.util.concurrent.locks.AbstractQueuedSynchronizer::casTail (13 bytes)
Event: 22.084 Thread 0x0000022eeedf3890 nmethod 3590 0x0000022edcbf7190 code [0x0000022edcbf7320, 0x0000022edcbf7460]

GC Heap History (10 events):
Event: 1.272 GC heap before
{Heap before GC invocations=1 (full 0):
 PSYoungGen      total 29696K, used 25600K [0x00000000eab00000, 0x00000000ecc00000, 0x0000000100000000)
  eden space 25600K, 100% used [0x00000000eab00000,0x00000000ec400000,0x00000000ec400000)
  from space 4096K, 0% used [0x00000000ec800000,0x00000000ec800000,0x00000000ecc00000)
  to   space 4096K, 0% used [0x00000000ec400000,0x00000000ec400000,0x00000000ec800000)
 ParOldGen       total 68608K, used 0K [0x00000000c0000000, 0x00000000c4300000, 0x00000000eab00000)
  object space 68608K, 0% used [0x00000000c0000000,0x00000000c0000000,0x00000000c4300000)
 Metaspace       used 4218K, committed 4416K, reserved 1114112K
  class space    used 420K, committed 512K, reserved 1048576K
}
Event: 1.281 GC heap after
{Heap after GC invocations=1 (full 0):
 PSYoungGen      total 29696K, used 3230K [0x00000000eab00000, 0x00000000ecc00000, 0x0000000100000000)
  eden space 25600K, 0% used [0x00000000eab00000,0x00000000eab00000,0x00000000ec400000)
  from space 4096K, 78% used [0x00000000ec400000,0x00000000ec727a90,0x00000000ec800000)
  to   space 4096K, 0% used [0x00000000ec800000,0x00000000ec800000,0x00000000ecc00000)
 ParOldGen       total 68608K, used 16K [0x00000000c0000000, 0x00000000c4300000, 0x00000000eab00000)
  object space 68608K, 0% used [0x00000000c0000000,0x00000000c0004000,0x00000000c4300000)
 Metaspace       used 4218K, committed 4416K, reserved 1114112K
  class space    used 420K, committed 512K, reserved 1048576K
}
Event: 15.169 GC heap before
{Heap before GC invocations=2 (full 0):
 PSYoungGen      total 29696K, used 28830K [0x00000000eab00000, 0x00000000ecc00000, 0x0000000100000000)
  eden space 25600K, 100% used [0x00000000eab00000,0x00000000ec400000,0x00000000ec400000)
  from space 4096K, 78% used [0x00000000ec400000,0x00000000ec727a90,0x00000000ec800000)
  to   space 4096K, 0% used [0x00000000ec800000,0x00000000ec800000,0x00000000ecc00000)
 ParOldGen       total 68608K, used 16K [0x00000000c0000000, 0x00000000c4300000, 0x00000000eab00000)
  object space 68608K, 0% used [0x00000000c0000000,0x00000000c0004000,0x00000000c4300000)
 Metaspace       used 7834K, committed 8128K, reserved 1114112K
  class space    used 762K, committed 896K, reserved 1048576K
}
Event: 15.176 GC heap after
{Heap after GC invocations=2 (full 0):
 PSYoungGen      total 29696K, used 4068K [0x00000000eab00000, 0x00000000ecc00000, 0x0000000100000000)
  eden space 25600K, 0% used [0x00000000eab00000,0x00000000eab00000,0x00000000ec400000)
  from space 4096K, 99% used [0x00000000ec800000,0x00000000ecbf9158,0x00000000ecc00000)
  to   space 4096K, 0% used [0x00000000ec400000,0x00000000ec400000,0x00000000ec800000)
 ParOldGen       total 68608K, used 1727K [0x00000000c0000000, 0x00000000c4300000, 0x00000000eab00000)
  object space 68608K, 2% used [0x00000000c0000000,0x00000000c01afed8,0x00000000c4300000)
 Metaspace       used 7834K, committed 8128K, reserved 1114112K
  class space    used 762K, committed 896K, reserved 1048576K
}
Event: 15.885 GC heap before
{Heap before GC invocations=3 (full 0):
 PSYoungGen      total 29696K, used 29668K [0x00000000eab00000, 0x00000000ecc00000, 0x0000000100000000)
  eden space 25600K, 100% used [0x00000000eab00000,0x00000000ec400000,0x00000000ec400000)
  from space 4096K, 99% used [0x00000000ec800000,0x00000000ecbf9158,0x00000000ecc00000)
  to   space 4096K, 0% used [0x00000000ec400000,0x00000000ec400000,0x00000000ec800000)
 ParOldGen       total 68608K, used 1727K [0x00000000c0000000, 0x00000000c4300000, 0x00000000eab00000)
  object space 68608K, 2% used [0x00000000c0000000,0x00000000c01afed8,0x00000000c4300000)
 Metaspace       used 9209K, committed 9536K, reserved 1114112K
  class space    used 917K, committed 1088K, reserved 1048576K
}
Event: 15.895 GC heap after
{Heap after GC invocations=3 (full 0):
 PSYoungGen      total 29696K, used 4086K [0x00000000eab00000, 0x00000000ecc00000, 0x0000000100000000)
  eden space 25600K, 0% used [0x00000000eab00000,0x00000000eab00000,0x00000000ec400000)
  from space 4096K, 99% used [0x00000000ec400000,0x00000000ec7fda10,0x00000000ec800000)
  to   space 4096K, 0% used [0x00000000ec800000,0x00000000ec800000,0x00000000ecc00000)
 ParOldGen       total 68608K, used 5351K [0x00000000c0000000, 0x00000000c4300000, 0x00000000eab00000)
  object space 68608K, 7% used [0x00000000c0000000,0x00000000c0539ca8,0x00000000c4300000)
 Metaspace       used 9209K, committed 9536K, reserved 1114112K
  class space    used 917K, committed 1088K, reserved 1048576K
}
Event: 16.592 GC heap before
{Heap before GC invocations=4 (full 0):
 PSYoungGen      total 29696K, used 29686K [0x00000000eab00000, 0x00000000ecc00000, 0x0000000100000000)
  eden space 25600K, 100% used [0x00000000eab00000,0x00000000ec400000,0x00000000ec400000)
  from space 4096K, 99% used [0x00000000ec400000,0x00000000ec7fda10,0x00000000ec800000)
  to   space 4096K, 0% used [0x00000000ec800000,0x00000000ec800000,0x00000000ecc00000)
 ParOldGen       total 68608K, used 5351K [0x00000000c0000000, 0x00000000c4300000, 0x00000000eab00000)
  object space 68608K, 7% used [0x00000000c0000000,0x00000000c0539ca8,0x00000000c4300000)
 Metaspace       used 12286K, committed 12608K, reserved 1114112K
  class space    used 1202K, committed 1344K, reserved 1048576K
}
Event: 16.597 GC heap after
{Heap after GC invocations=4 (full 0):
 PSYoungGen      total 29696K, used 4095K [0x00000000eab00000, 0x00000000ecc00000, 0x0000000100000000)
  eden space 25600K, 0% used [0x00000000eab00000,0x00000000eab00000,0x00000000ec400000)
  from space 4096K, 99% used [0x00000000ec800000,0x00000000ecbfff58,0x00000000ecc00000)
  to   space 4096K, 0% used [0x00000000ec400000,0x00000000ec400000,0x00000000ec800000)
 ParOldGen       total 68608K, used 6578K [0x00000000c0000000, 0x00000000c4300000, 0x00000000eab00000)
  object space 68608K, 9% used [0x00000000c0000000,0x00000000c066c9f0,0x00000000c4300000)
 Metaspace       used 12286K, committed 12608K, reserved 1114112K
  class space    used 1202K, committed 1344K, reserved 1048576K
}
Event: 18.181 GC heap before
{Heap before GC invocations=5 (full 0):
 PSYoungGen      total 29696K, used 29695K [0x00000000eab00000, 0x00000000ecc00000, 0x0000000100000000)
  eden space 25600K, 100% used [0x00000000eab00000,0x00000000ec400000,0x00000000ec400000)
  from space 4096K, 99% used [0x00000000ec800000,0x00000000ecbfff58,0x00000000ecc00000)
  to   space 4096K, 0% used [0x00000000ec400000,0x00000000ec400000,0x00000000ec800000)
 ParOldGen       total 68608K, used 6578K [0x00000000c0000000, 0x00000000c4300000, 0x00000000eab00000)
  object space 68608K, 9% used [0x00000000c0000000,0x00000000c066c9f0,0x00000000c4300000)
 Metaspace       used 16069K, committed 16704K, reserved 1114112K
  class space    used 1563K, committed 1856K, reserved 1048576K
}
Event: 18.192 GC heap after
{Heap after GC invocations=5 (full 0):
 PSYoungGen      total 29184K, used 4067K [0x00000000eab00000, 0x00000000ed080000, 0x0000000100000000)
  eden space 25088K, 0% used [0x00000000eab00000,0x00000000eab00000,0x00000000ec380000)
  from space 4096K, 99% used [0x00000000ec400000,0x00000000ec7f8cf0,0x00000000ec800000)
  to   space 6656K, 0% used [0x00000000eca00000,0x00000000eca00000,0x00000000ed080000)
 ParOldGen       total 68608K, used 8722K [0x00000000c0000000, 0x00000000c4300000, 0x00000000eab00000)
  object space 68608K, 12% used [0x00000000c0000000,0x00000000c0884888,0x00000000c4300000)
 Metaspace       used 16069K, committed 16704K, reserved 1114112K
  class space    used 1563K, committed 1856K, reserved 1048576K
}

Dll operation events (10 events):
Event: 0.029 Loaded shared library c:\Users\ACER\.vscode\extensions\redhat.java-1.41.1-win32-x64\jre\21.0.6-win32-x86_64\bin\java.dll
Event: 0.150 Loaded shared library c:\Users\ACER\.vscode\extensions\redhat.java-1.41.1-win32-x64\jre\21.0.6-win32-x86_64\bin\zip.dll
Event: 0.193 Loaded shared library C:\Users\ACER\.vscode\extensions\redhat.java-1.41.1-win32-x64\jre\21.0.6-win32-x86_64\bin\instrument.dll
Event: 0.205 Loaded shared library C:\Users\ACER\.vscode\extensions\redhat.java-1.41.1-win32-x64\jre\21.0.6-win32-x86_64\bin\net.dll
Event: 0.207 Loaded shared library C:\Users\ACER\.vscode\extensions\redhat.java-1.41.1-win32-x64\jre\21.0.6-win32-x86_64\bin\nio.dll
Event: 0.209 Loaded shared library C:\Users\ACER\.vscode\extensions\redhat.java-1.41.1-win32-x64\jre\21.0.6-win32-x86_64\bin\zip.dll
Event: 0.265 Loaded shared library C:\Users\ACER\.vscode\extensions\redhat.java-1.41.1-win32-x64\jre\21.0.6-win32-x86_64\bin\jimage.dll
Event: 0.480 Loaded shared library c:\Users\ACER\.vscode\extensions\redhat.java-1.41.1-win32-x64\jre\21.0.6-win32-x86_64\bin\verify.dll
Event: 15.185 Loaded shared library C:\Users\ACER\AppData\Roaming\Code\User\globalStorage\redhat.java\1.41.1\config_win\org.eclipse.equinox.launcher\org.eclipse.equinox.launcher.win32.win32.x86_64_1.2.1300.v20250331-1702\eclipse_11911.dll
Event: 19.967 Loaded shared library C:\Users\ACER\AppData\Local\Temp\jna-2003023\jna16463586001904188174.dll

Deoptimization events (20 events):
Event: 17.990 Thread 0x0000022eeedb8ee0 DEOPT PACKING pc=0x0000022ee411e1d4 sp=0x0000007be6bf9540
Event: 17.990 Thread 0x0000022eeedb8ee0 DEOPT UNPACKING pc=0x0000022ee3983aa2 sp=0x0000007be6bf94c0 mode 2
Event: 18.103 Thread 0x0000022eeedb8ee0 Uncommon trap: trap_request=0xffffff45 fr.pc=0x0000022ee41e03f4 relative=0x00000000000000d4
Event: 18.103 Thread 0x0000022eeedb8ee0 Uncommon trap: reason=unstable_if action=reinterpret pc=0x0000022ee41e03f4 method=org.eclipse.core.runtime.Path.equals(Ljava/lang/Object;)Z @ 61 c2
Event: 18.103 Thread 0x0000022eeedb8ee0 DEOPT PACKING pc=0x0000022ee41e03f4 sp=0x0000007be6bf9270
Event: 18.103 Thread 0x0000022eeedb8ee0 DEOPT UNPACKING pc=0x0000022ee3983aa2 sp=0x0000007be6bf91e8 mode 2
Event: 18.181 Thread 0x0000022eeedb8ee0 Uncommon trap: trap_request=0xffffff45 fr.pc=0x0000022ee40b50a0 relative=0x0000000000000680
Event: 18.181 Thread 0x0000022eeedb8ee0 Uncommon trap: reason=unstable_if action=reinterpret pc=0x0000022ee40b50a0 method=java.lang.String.replace(Ljava/lang/CharSequence;Ljava/lang/CharSequence;)Ljava/lang/String; @ 42 c2
Event: 18.181 Thread 0x0000022eeedb8ee0 DEOPT PACKING pc=0x0000022ee40b50a0 sp=0x0000007be6bf72d0
Event: 18.181 Thread 0x0000022eeedb8ee0 DEOPT UNPACKING pc=0x0000022ee3983aa2 sp=0x0000007be6bf7250 mode 2
Event: 18.304 Thread 0x0000022eeedb8ee0 DEOPT PACKING pc=0x0000022edcbd4339 sp=0x0000007be6bf5c00
Event: 18.304 Thread 0x0000022eeedb8ee0 DEOPT UNPACKING pc=0x0000022ee3984242 sp=0x0000007be6bf5098 mode 0
Event: 20.009 Thread 0x0000022eeedb8ee0 Uncommon trap: trap_request=0xffffffc6 fr.pc=0x0000022ee4136efc relative=0x0000000000000b5c
Event: 20.009 Thread 0x0000022eeedb8ee0 Uncommon trap: reason=bimorphic_or_optimized_type_check action=maybe_recompile pc=0x0000022ee4136efc method=java.util.HashMap.putVal(ILjava/lang/Object;Ljava/lang/Object;ZZ)Ljava/lang/Object; @ 91 c2
Event: 20.009 Thread 0x0000022eeedb8ee0 DEOPT PACKING pc=0x0000022ee4136efc sp=0x0000007be6bf7950
Event: 20.009 Thread 0x0000022eeedb8ee0 DEOPT UNPACKING pc=0x0000022ee3983aa2 sp=0x0000007be6bf78e0 mode 2
Event: 20.035 Thread 0x0000022eeedb8ee0 Uncommon trap: trap_request=0xffffff45 fr.pc=0x0000022ee41d2da4 relative=0x0000000000000084
Event: 20.035 Thread 0x0000022eeedb8ee0 Uncommon trap: reason=unstable_if action=reinterpret pc=0x0000022ee41d2da4 method=java.lang.ref.SoftReference.get()Ljava/lang/Object; @ 6 c2
Event: 20.035 Thread 0x0000022eeedb8ee0 DEOPT PACKING pc=0x0000022ee41d2da4 sp=0x0000007be6bf9450
Event: 20.035 Thread 0x0000022eeedb8ee0 DEOPT UNPACKING pc=0x0000022ee3983aa2 sp=0x0000007be6bf93e8 mode 2

Classes loaded (20 events):
Event: 19.990 Loading class java/lang/reflect/UndeclaredThrowableException
Event: 19.991 Loading class java/lang/reflect/UndeclaredThrowableException done
Event: 19.991 Loading class java/lang/Class$AnnotationData
Event: 19.991 Loading class java/lang/Class$AnnotationData done
Event: 19.992 Loading class jdk/internal/reflect/MethodHandleIntegerFieldAccessorImpl
Event: 19.992 Loading class jdk/internal/reflect/MethodHandleIntegerFieldAccessorImpl done
Event: 20.003 Loading class java/io/PrintWriter
Event: 20.003 Loading class java/io/PrintWriter done
Event: 20.008 Loading class jdk/internal/reflect/MethodHandleShortFieldAccessorImpl
Event: 20.009 Loading class jdk/internal/reflect/MethodHandleShortFieldAccessorImpl done
Event: 20.009 Loading class java/lang/Short$ShortCache
Event: 20.009 Loading class java/lang/Short$ShortCache done
Event: 20.028 Loading class java/util/function/LongUnaryOperator
Event: 20.029 Loading class java/util/function/LongUnaryOperator done
Event: 20.029 Loading class java/lang/ThreadDeath
Event: 20.029 Loading class java/lang/ThreadDeath done
Event: 20.039 Loading class java/util/stream/SortedOps$SizedRefSortingSink
Event: 20.039 Loading class java/util/stream/SortedOps$SizedRefSortingSink done
Event: 20.065 Loading class java/util/concurrent/atomic/Striped64$1
Event: 20.065 Loading class java/util/concurrent/atomic/Striped64$1 done

Classes unloaded (0 events):
No events

Classes redefined (0 events):
No events

Internal exceptions (20 events):
Event: 17.975 Thread 0x0000022eeedb8ee0 Exception <a 'java/io/FileNotFoundException'{0x00000000ebce3888}> (0x00000000ebce3888) 
thrown [s\src\hotspot\share\prims\jni.cpp, line 520]
Event: 17.976 Thread 0x0000022eeedb8ee0 Exception <a 'java/io/FileNotFoundException'{0x00000000ebcea8d0}> (0x00000000ebcea8d0) 
thrown [s\src\hotspot\share\prims\jni.cpp, line 520]
Event: 18.047 Thread 0x0000022eeedb8ee0 Exception <a 'java/lang/NoSuchMethodError'{0x00000000ec084f90}: 'java.lang.Object java.lang.invoke.DirectMethodHandle$Holder.newInvokeSpecial(java.lang.Object, java.lang.Object, java.lang.Object, java.lang.Object, java.lang.Object)'> (0x00000000ec084f90) 
thrown [s\src\hotspot\share\interpreter\linkResolver.cpp, line 773]
Event: 18.089 Thread 0x0000022eeedb8ee0 Exception <a 'java/lang/NoSuchMethodError'{0x00000000ec1c8878}: 'java.lang.Object java.lang.invoke.DirectMethodHandle$Holder.invokeStaticInit(java.lang.Object, int)'> (0x00000000ec1c8878) 
thrown [s\src\hotspot\share\interpreter\linkResolver.cpp, line 773]
Event: 18.201 Thread 0x0000022eeedb8ee0 Exception <a 'java/lang/NoSuchMethodError'{0x00000000eab378b0}: 'java.lang.Object java.lang.invoke.DirectMethodHandle$Holder.invokeStaticInit(java.lang.Object, int, int, int, int)'> (0x00000000eab378b0) 
thrown [s\src\hotspot\share\interpreter\linkResolver.cpp, line 773]
Event: 18.343 Thread 0x0000022eeedb8ee0 Exception <a 'java/lang/NoSuchMethodError'{0x00000000eacc00c8}: 'java.lang.Object java.lang.invoke.DirectMethodHandle$Holder.invokeStaticInit(java.lang.Object, java.lang.Object, int, int, int, int)'> (0x00000000eacc00c8) 
thrown [s\src\hotspot\share\interpreter\linkResolver.cpp, line 773]
Event: 19.993 Thread 0x0000022eeedb8ee0 Exception <a 'java/lang/NoSuchMethodError'{0x00000000eadd1730}: 'void java.lang.invoke.DirectMethodHandle$Holder.invokeSpecial(java.lang.Object, java.lang.Object, java.lang.Object, int)'> (0x00000000eadd1730) 
thrown [s\src\hotspot\share\interpreter\linkResolver.cpp, line 773]
Event: 19.993 Thread 0x0000022eeedb8ee0 Exception <a 'java/lang/NoSuchMethodError'{0x00000000eadd50c0}: 'void java.lang.invoke.DelegatingMethodHandle$Holder.reinvoke_L(java.lang.Object, java.lang.Object, int)'> (0x00000000eadd50c0) 
thrown [s\src\hotspot\share\interpreter\linkResolver.cpp, line 773]
Event: 19.994 Thread 0x0000022eeedb8ee0 Exception <a 'java/lang/NoSuchMethodError'{0x00000000eaddbdf8}: 'int java.lang.invoke.Invokers$Holder.invokeExact_MT(java.lang.Object, java.lang.Object, java.lang.Object)'> (0x00000000eaddbdf8) 
thrown [s\src\hotspot\share\interpreter\linkResolver.cpp, line 773]
Event: 20.010 Thread 0x0000022eeedb8ee0 Exception <a 'java/lang/NoSuchMethodError'{0x00000000eaef6460}: 'void java.lang.invoke.Invokers$Holder.invokeExact_MT(java.lang.Object, java.lang.Object, int, java.lang.Object)'> (0x00000000eaef6460) 
thrown [s\src\hotspot\share\interpreter\linkResolver.cpp, line 773]
Event: 20.026 Thread 0x0000022eeedb8ee0 Exception <a 'java/lang/NoSuchMethodError'{0x00000000eaffca10}: 'java.lang.Object java.lang.invoke.DirectMethodHandle$Holder.invokeSpecial(java.lang.Object, java.lang.Object, java.lang.Object, long, java.lang.Object)'> (0x00000000eaffca10) 
thrown [s\src\hotspot\share\interpreter\linkResolver.cpp, line 773]
Event: 20.027 Thread 0x0000022eeedb8ee0 Exception <a 'java/lang/NoSuchMethodError'{0x00000000eb0041a0}: 'java.lang.Object java.lang.invoke.DirectMethodHandle$Holder.newInvokeSpecial(java.lang.Object, java.lang.Object, java.lang.Object, long)'> (0x00000000eb0041a0) 
thrown [s\src\hotspot\share\interpreter\linkResolver.cpp, line 773]
Event: 20.027 Thread 0x0000022eeedb8ee0 Exception <a 'java/lang/NoSuchMethodError'{0x00000000eb007e20}: 'java.lang.Object java.lang.invoke.Invokers$Holder.linkToTargetMethod(java.lang.Object, java.lang.Object, long, java.lang.Object)'> (0x00000000eb007e20) 
thrown [s\src\hotspot\share\interpreter\linkResolver.cpp, line 773]
Event: 20.037 Thread 0x0000022eeedb8ee0 Exception <a 'java/lang/NoSuchMethodError'{0x00000000eb08c9b0}: 'int java.lang.invoke.DirectMethodHandle$Holder.invokeStaticInit(java.lang.Object, java.lang.Object, java.lang.Object)'> (0x00000000eb08c9b0) 
thrown [s\src\hotspot\share\interpreter\linkResolver.cpp, line 773]
Event: 20.049 Thread 0x0000022eeedb8ee0 Exception <a 'java/lang/IncompatibleClassChangeError'{0x00000000eb12d510}: Found class java.lang.Object, but interface was expected> (0x00000000eb12d510) 
thrown [s\src\hotspot\share\interpreter\linkResolver.cpp, line 840]
Event: 20.052 Thread 0x0000022eeedb8ee0 Exception <a 'java/lang/NoSuchMethodError'{0x00000000eb13ca40}: 'java.lang.Object java.lang.invoke.DirectMethodHandle$Holder.invokeSpecial(java.lang.Object, java.lang.Object, java.lang.Object, int, java.lang.Object, java.lang.Object)'> (0x00000000eb13ca40) 
thrown [s\src\hotspot\share\interpreter\linkResolver.cpp, line 773]
Event: 20.052 Thread 0x0000022eeedb8ee0 Exception <a 'java/lang/NoSuchMethodError'{0x00000000eb1442d8}: 'java.lang.Object java.lang.invoke.DirectMethodHandle$Holder.newInvokeSpecial(java.lang.Object, java.lang.Object, java.lang.Object, int, java.lang.Object)'> (0x00000000eb1442d8) 
thrown [s\src\hotspot\share\interpreter\linkResolver.cpp, line 773]
Event: 20.052 Thread 0x0000022eeedb8ee0 Exception <a 'java/lang/NoSuchMethodError'{0x00000000eb147dc8}: 'java.lang.Object java.lang.invoke.Invokers$Holder.linkToTargetMethod(java.lang.Object, java.lang.Object, int, java.lang.Object, java.lang.Object)'> (0x00000000eb147dc8) 
thrown [s\src\hotspot\share\interpreter\linkResolver.cpp, line 773]
Event: 20.053 Thread 0x0000022ef53a86c0 Exception <a 'java/lang/NoSuchMethodError'{0x00000000eb06b108}: 'java.lang.Object java.lang.invoke.DirectMethodHandle$Holder.invokeSpecial(java.lang.Object, java.lang.Object, int, java.lang.Object, java.lang.Object)'> (0x00000000eb06b108) 
thrown [s\src\hotspot\share\interpreter\linkResolver.cpp, line 773]
Event: 20.067 Thread 0x0000022eeedb8ee0 Exception <a 'java/lang/NoSuchMethodError'{0x00000000eb26b850}: 'void java.lang.invoke.DirectMethodHandle$Holder.invokeSpecial(java.lang.Object, java.lang.Object, java.lang.Object, java.lang.Object, java.lang.Object)'> (0x00000000eb26b850) 
thrown [s\src\hotspot\share\interpreter\linkResolver.cpp, line 773]

ZGC Phase Switch (0 events):
No events

VM Operations (20 events):
Event: 16.592 Executing VM operation: ParallelGCFailedAllocation (Allocation Failure)
Event: 16.597 Executing VM operation: ParallelGCFailedAllocation (Allocation Failure) done
Event: 17.985 Executing VM operation: ICBufferFull
Event: 17.985 Executing VM operation: ICBufferFull done
Event: 17.992 Executing VM operation: HandshakeAllThreads (Deoptimize)
Event: 17.993 Executing VM operation: HandshakeAllThreads (Deoptimize) done
Event: 18.126 Executing VM operation: HandshakeAllThreads (Deoptimize)
Event: 18.127 Executing VM operation: HandshakeAllThreads (Deoptimize) done
Event: 18.181 Executing VM operation: ParallelGCFailedAllocation (Allocation Failure)
Event: 18.192 Executing VM operation: ParallelGCFailedAllocation (Allocation Failure) done
Event: 18.227 Executing VM operation: HandshakeAllThreads (Deoptimize)
Event: 18.227 Executing VM operation: HandshakeAllThreads (Deoptimize) done
Event: 18.242 Executing VM operation: HandshakeAllThreads (Deoptimize)
Event: 18.242 Executing VM operation: HandshakeAllThreads (Deoptimize) done
Event: 19.243 Executing VM operation: Cleanup
Event: 19.243 Executing VM operation: Cleanup done
Event: 19.978 Executing VM operation: HandshakeAllThreads (Deoptimize)
Event: 19.978 Executing VM operation: HandshakeAllThreads (Deoptimize) done
Event: 20.979 Executing VM operation: Cleanup
Event: 20.979 Executing VM operation: Cleanup done

Memory protections (0 events):
No events

Nmethod flushes (0 events):
No events

Events (20 events):
Event: 16.140 Thread 0x0000022eeedb8ee0 Thread added: 0x0000022eeedb9c00
Event: 16.260 Thread 0x0000022eeedb8ee0 Thread added: 0x0000022ef53a65f0
Event: 16.436 Thread 0x0000022eeedcb240 Thread added: 0x0000022eeedf2af0
Event: 16.731 Thread 0x0000022eeedf3890 Thread added: 0x0000022eeedf4d00
Event: 16.830 Thread 0x0000022eeedb8ee0 Thread added: 0x0000022ef53a6c80
Event: 17.932 Thread 0x0000022eeedf2420 Thread exited: 0x0000022eeedf2420
Event: 17.932 Thread 0x0000022eeedf4d00 Thread exited: 0x0000022eeedf4d00
Event: 17.936 Thread 0x0000022eeedf2af0 Thread exited: 0x0000022eeedf2af0
Event: 18.043 Thread 0x0000022eeedf3890 Thread added: 0x0000022eeedf1d50
Event: 18.044 Thread 0x0000022eeedf3890 Thread added: 0x0000022eeedf4d00
Event: 18.217 Thread 0x0000022eeedf4d00 Thread exited: 0x0000022eeedf4d00
Event: 18.217 Thread 0x0000022eeedf1d50 Thread exited: 0x0000022eeedf1d50
Event: 19.287 Thread 0x0000022eeedf3f60 Thread exited: 0x0000022eeedf3f60
Event: 20.000 Thread 0x0000022eeedb8ee0 Thread added: 0x0000022ef53a4bb0
Event: 20.032 Thread 0x0000022eeedb8ee0 Thread added: 0x0000022ef53a86c0
Event: 20.042 Thread 0x0000022eeedf3890 Thread added: 0x0000022eeedf1d50
Event: 20.042 Thread 0x0000022eeedf3890 Thread added: 0x0000022eeedf4d00
Event: 20.053 Thread 0x0000022eeedb8ee0 Thread added: 0x0000022ef53a8030
Event: 21.822 Thread 0x0000022eeedf4d00 Thread exited: 0x0000022eeedf4d00
Event: 21.822 Thread 0x0000022eeedf1d50 Thread exited: 0x0000022eeedf1d50


Dynamic libraries:
0x00007ff7429a0000 - 0x00007ff7429ae000 	c:\Users\ACER\.vscode\extensions\redhat.java-1.41.1-win32-x64\jre\21.0.6-win32-x86_64\bin\java.exe
0x00007ffed2780000 - 0x00007ffed29e0000 	C:\WINDOWS\SYSTEM32\ntdll.dll
0x00007ffed1af0000 - 0x00007ffed1bb7000 	C:\WINDOWS\System32\KERNEL32.DLL
0x00007ffecfbd0000 - 0x00007ffecff9a000 	C:\WINDOWS\System32\KERNELBASE.dll
0x00007ffed0170000 - 0x00007ffed02bb000 	C:\WINDOWS\System32\ucrtbase.dll
0x00007ffe70840000 - 0x00007ffe70858000 	c:\Users\ACER\.vscode\extensions\redhat.java-1.41.1-win32-x64\jre\21.0.6-win32-x86_64\bin\jli.dll
0x00007ffe70820000 - 0x00007ffe7083e000 	c:\Users\ACER\.vscode\extensions\redhat.java-1.41.1-win32-x64\jre\21.0.6-win32-x86_64\bin\VCRUNTIME140.dll
0x00007ffed0580000 - 0x00007ffed074c000 	C:\WINDOWS\System32\USER32.dll
0x00007ffecf960000 - 0x00007ffecf987000 	C:\WINDOWS\System32\win32u.dll
0x00007ffeb35e0000 - 0x00007ffeb3877000 	C:\WINDOWS\WinSxS\amd64_microsoft.windows.common-controls_6595b64144ccf1df_6.0.26100.3624_none_3e086962e3345f24\COMCTL32.dll
0x00007ffed19f0000 - 0x00007ffed1a1a000 	C:\WINDOWS\System32\GDI32.dll
0x00007ffed1cc0000 - 0x00007ffed1d69000 	C:\WINDOWS\System32\msvcrt.dll
0x00007ffecffa0000 - 0x00007ffed00d1000 	C:\WINDOWS\System32\gdi32full.dll
0x00007ffed02c0000 - 0x00007ffed0363000 	C:\WINDOWS\System32\msvcp_win.dll
0x00007ffed0c30000 - 0x00007ffed0c5f000 	C:\WINDOWS\System32\IMM32.DLL
0x00007ffead110000 - 0x00007ffead11c000 	c:\Users\ACER\.vscode\extensions\redhat.java-1.41.1-win32-x64\jre\21.0.6-win32-x86_64\bin\vcruntime140_1.dll
0x00007ffe6c060000 - 0x00007ffe6c0ed000 	c:\Users\ACER\.vscode\extensions\redhat.java-1.41.1-win32-x64\jre\21.0.6-win32-x86_64\bin\msvcp140.dll
0x00007ffe57ab0000 - 0x00007ffe58840000 	c:\Users\ACER\.vscode\extensions\redhat.java-1.41.1-win32-x64\jre\21.0.6-win32-x86_64\bin\server\jvm.dll
0x00007ffed14a0000 - 0x00007ffed1552000 	C:\WINDOWS\System32\ADVAPI32.dll
0x00007ffed1a40000 - 0x00007ffed1ae6000 	C:\WINDOWS\System32\sechost.dll
0x00007ffed0ae0000 - 0x00007ffed0bf6000 	C:\WINDOWS\System32\RPCRT4.dll
0x00007ffed1c40000 - 0x00007ffed1cb4000 	C:\WINDOWS\System32\WS2_32.dll
0x00007ffece5d0000 - 0x00007ffece62e000 	C:\WINDOWS\SYSTEM32\POWRPROF.dll
0x00007ffec3800000 - 0x00007ffec3836000 	C:\WINDOWS\SYSTEM32\WINMM.dll
0x00007ffec8de0000 - 0x00007ffec8deb000 	C:\WINDOWS\SYSTEM32\VERSION.dll
0x00007ffece5b0000 - 0x00007ffece5c4000 	C:\WINDOWS\SYSTEM32\UMPDC.dll
0x00007ffece890000 - 0x00007ffece8aa000 	C:\WINDOWS\SYSTEM32\kernel.appcore.dll
0x00007ffea8690000 - 0x00007ffea869a000 	c:\Users\ACER\.vscode\extensions\redhat.java-1.41.1-win32-x64\jre\21.0.6-win32-x86_64\bin\jimage.dll
0x00007ffecd070000 - 0x00007ffecd2b1000 	C:\WINDOWS\SYSTEM32\DBGHELP.DLL
0x00007ffed0750000 - 0x00007ffed0ad2000 	C:\WINDOWS\System32\combase.dll
0x00007ffed2660000 - 0x00007ffed2736000 	C:\WINDOWS\System32\OLEAUT32.dll
0x00007ffeb23f0000 - 0x00007ffeb2429000 	C:\WINDOWS\SYSTEM32\dbgcore.DLL
0x00007ffed0370000 - 0x00007ffed0409000 	C:\WINDOWS\System32\bcryptPrimitives.dll
0x00007ffe9a610000 - 0x00007ffe9a61f000 	c:\Users\ACER\.vscode\extensions\redhat.java-1.41.1-win32-x64\jre\21.0.6-win32-x86_64\bin\instrument.dll
0x00007ffe705b0000 - 0x00007ffe705cf000 	c:\Users\ACER\.vscode\extensions\redhat.java-1.41.1-win32-x64\jre\21.0.6-win32-x86_64\bin\java.dll
0x00007ffed1f20000 - 0x00007ffed2649000 	C:\WINDOWS\System32\SHELL32.dll
0x00007ffed0410000 - 0x00007ffed0578000 	C:\WINDOWS\System32\wintypes.dll
0x00007ffecd620000 - 0x00007ffecde72000 	C:\WINDOWS\SYSTEM32\windows.storage.dll
0x00007ffed0fb0000 - 0x00007ffed109d000 	C:\WINDOWS\System32\SHCORE.dll
0x00007ffed1e00000 - 0x00007ffed1e64000 	C:\WINDOWS\System32\shlwapi.dll
0x00007ffecf870000 - 0x00007ffecf89f000 	C:\WINDOWS\SYSTEM32\profapi.dll
0x00007ffe70060000 - 0x00007ffe70078000 	c:\Users\ACER\.vscode\extensions\redhat.java-1.41.1-win32-x64\jre\21.0.6-win32-x86_64\bin\zip.dll
0x00007ffe982b0000 - 0x00007ffe982c0000 	C:\Users\ACER\.vscode\extensions\redhat.java-1.41.1-win32-x64\jre\21.0.6-win32-x86_64\bin\net.dll
0x00007ffec83c0000 - 0x00007ffec84dd000 	C:\WINDOWS\SYSTEM32\WINHTTP.dll
0x00007ffecedb0000 - 0x00007ffecee1a000 	C:\WINDOWS\system32\mswsock.dll
0x00007ffe6fd90000 - 0x00007ffe6fda6000 	C:\Users\ACER\.vscode\extensions\redhat.java-1.41.1-win32-x64\jre\21.0.6-win32-x86_64\bin\nio.dll
0x00007ffe92340000 - 0x00007ffe92350000 	c:\Users\ACER\.vscode\extensions\redhat.java-1.41.1-win32-x64\jre\21.0.6-win32-x86_64\bin\verify.dll
0x00007ffe6d780000 - 0x00007ffe6d7c5000 	C:\Users\ACER\AppData\Roaming\Code\User\globalStorage\redhat.java\1.41.1\config_win\org.eclipse.equinox.launcher\org.eclipse.equinox.launcher.win32.win32.x86_64_1.2.1300.v20250331-1702\eclipse_11911.dll
0x00007ffed1280000 - 0x00007ffed1416000 	C:\WINDOWS\System32\ole32.dll
0x00007ffecf050000 - 0x00007ffecf06c000 	C:\WINDOWS\SYSTEM32\CRYPTSP.dll
0x00007ffece7f0000 - 0x00007ffece82a000 	C:\WINDOWS\system32\rsaenh.dll
0x00007ffecee50000 - 0x00007ffecee7b000 	C:\WINDOWS\SYSTEM32\USERENV.dll
0x00007ffecf840000 - 0x00007ffecf866000 	C:\WINDOWS\SYSTEM32\bcrypt.dll
0x00007ffecf070000 - 0x00007ffecf07c000 	C:\WINDOWS\SYSTEM32\CRYPTBASE.dll
0x00007ffece260000 - 0x00007ffece293000 	C:\WINDOWS\SYSTEM32\IPHLPAPI.DLL
0x00007ffed1490000 - 0x00007ffed149a000 	C:\WINDOWS\System32\NSI.dll
0x00007ffe6d1e0000 - 0x00007ffe6d229000 	C:\Users\ACER\AppData\Local\Temp\jna-2003023\jna16463586001904188174.dll
0x00007ffed2650000 - 0x00007ffed2658000 	C:\WINDOWS\System32\PSAPI.DLL

dbghelp: loaded successfully - version: 4.0.5 - missing functions: none
symbol engine: initialized successfully - sym options: 0x614 - pdb path: .;c:\Users\ACER\.vscode\extensions\redhat.java-1.41.1-win32-x64\jre\21.0.6-win32-x86_64\bin;C:\WINDOWS\SYSTEM32;C:\WINDOWS\WinSxS\amd64_microsoft.windows.common-controls_6595b64144ccf1df_6.0.26100.3624_none_3e086962e3345f24;c:\Users\ACER\.vscode\extensions\redhat.java-1.41.1-win32-x64\jre\21.0.6-win32-x86_64\bin\server;C:\Users\ACER\AppData\Roaming\Code\User\globalStorage\redhat.java\1.41.1\config_win\org.eclipse.equinox.launcher\org.eclipse.equinox.launcher.win32.win32.x86_64_1.2.1300.v20250331-1702;C:\Users\ACER\AppData\Local\Temp\jna-2003023

VM Arguments:
jvm_args: --add-modules=ALL-SYSTEM --add-opens=java.base/java.util=ALL-UNNAMED --add-opens=java.base/java.lang=ALL-UNNAMED --add-opens=java.base/sun.nio.fs=ALL-UNNAMED -Declipse.application=org.eclipse.jdt.ls.core.id1 -Dosgi.bundles.defaultStartLevel=4 -Declipse.product=org.eclipse.jdt.ls.core.product -Djava.import.generatesMetadataFilesAtProjectRoot=false -DDetectVMInstallationsJob.disabled=true -Dfile.encoding=utf8 -XX:+UseParallelGC -XX:GCTimeRatio=4 -XX:AdaptiveSizePolicyWeight=90 -Dsun.zip.disableMemoryMapping=true -Xmx1G -Xms100m -Xlog:disable -javaagent:c:\Users\ACER\.vscode\extensions\redhat.java-1.41.1-win32-x64\lombok\lombok-1.18.36.jar -XX:+HeapDumpOnOutOfMemoryError -XX:HeapDumpPath=c:\Users\ACER\AppData\Roaming\Code\User\workspaceStorage\c5c08457940705c6c6acc5ba8aad8b10\redhat.java -Daether.dependencyCollector.impl=bf 
java_command: c:\Users\ACER\.vscode\extensions\redhat.java-1.41.1-win32-x64\server\plugins\org.eclipse.equinox.launcher_1.7.0.v20250331-1702.jar -configuration c:\Users\ACER\AppData\Roaming\Code\User\globalStorage\redhat.java\1.41.1\config_win -data c:\Users\ACER\AppData\Roaming\Code\User\workspaceStorage\c5c08457940705c6c6acc5ba8aad8b10\redhat.java\jdt_ws --pipe=\\.\pipe\lsp-ef0732d45f8fc7b2cd1178a69a2d5a9a-sock
java_class_path (initial): c:\Users\ACER\.vscode\extensions\redhat.java-1.41.1-win32-x64\server\plugins\org.eclipse.equinox.launcher_1.7.0.v20250331-1702.jar
Launcher Type: SUN_STANDARD

[Global flags]
    uintx AdaptiveSizePolicyWeight                 = 90                                        {product} {command line}
     intx CICompilerCount                          = 12                                        {product} {ergonomic}
    uintx GCTimeRatio                              = 4                                         {product} {command line}
     bool HeapDumpOnOutOfMemoryError               = true                                   {manageable} {command line}
    ccstr HeapDumpPath                             = c:\Users\ACER\AppData\Roaming\Code\User\workspaceStorage\c5c08457940705c6c6acc5ba8aad8b10\redhat.java         {manageable} {command line}
   size_t InitialHeapSize                          = 104857600                                 {product} {command line}
   size_t MaxHeapSize                              = 1073741824                                {product} {command line}
   size_t MaxNewSize                               = 357564416                                 {product} {ergonomic}
   size_t MinHeapDeltaBytes                        = 524288                                    {product} {ergonomic}
   size_t MinHeapSize                              = 104857600                                 {product} {command line}
   size_t NewSize                                  = 34603008                                  {product} {ergonomic}
    uintx NonNMethodCodeHeapSize                   = 7602480                                {pd product} {ergonomic}
    uintx NonProfiledCodeHeapSize                  = 122027880                              {pd product} {ergonomic}
   size_t OldSize                                  = 70254592                                  {product} {ergonomic}
    uintx ProfiledCodeHeapSize                     = 122027880                              {pd product} {ergonomic}
    uintx ReservedCodeCacheSize                    = 251658240                              {pd product} {ergonomic}
     bool SegmentedCodeCache                       = true                                      {product} {ergonomic}
   size_t SoftMaxHeapSize                          = 1073741824                             {manageable} {ergonomic}
     bool UseCompressedOops                        = true                           {product lp64_product} {ergonomic}
     bool UseLargePagesIndividualAllocation        = false                                  {pd product} {ergonomic}
     bool UseParallelGC                            = true                                      {product} {command line}

Logging:
Log output configuration:
 #0: stdout all=off uptime,level,tags foldmultilines=false
 #1: stderr all=off uptime,level,tags foldmultilines=false

Environment Variables:
JAVA_HOME=C:\Program Files\Zulu\zulu-17
PATH=C:\Python313\Scripts\;C:\Python313\;C:\Program Files\Zulu\zulu-17\bin\;"C:\Program Files (x86)\Common Files\Oracle\Java\C:\Program Files\java\jdk1.8.0_271\bin;C:\Program Files\java\jre1.8.0_271\bin";C:\Program Files\Common Files\Oracle\Java\javapath;C:\Program Files (x86)\Common Files\Oracle\Java\java8path;C:\Program Files (x86)\Common Files\Oracle\Java\javapath;C:\Windows\system32;C:\Windows;C:\Windows\System32\Wbem;C:\Windows\System32\WindowsPowerShell\v1.0\;C:\Windows\System32\OpenSSH\;C:\Program Files (x86)\NVIDIA Corporation\PhysX\Common;C:\Program Files\NVIDIA Corporation\NVIDIA NvDLISR;C:\Program Files\MySQL\MySQL Server 8.0\bin;C:\Program Files\Git\cmd;C:\WINDOWS\system32;C:\WINDOWS;C:\WINDOWS\System32\Wbem;C:\WINDOWS\System32\WindowsPowerShell\v1.0\;C:\WINDOWS\System32\OpenSSH\;C:\Users\ACER\Downloads\apache-maven-3.9.9-bin\apache-maven-3.9.9\bin;C:\Program Files (x86)\Microsoft Visual Studio\2022\BuildTools\VC\Tools\MSVC\14.42.34433\bin\Hostx64\x64;C:\ProgramData\chocolatey\bin;C:\Program Files\nodejs\;C:\chromedriver\chromedriver-win64\chromedriver.exe;C:\Program Files\MySQL\MySQL Shell 8.0\bin\;C:\Users\ACER\AppData\Local\Programs\Python\Python311\Scripts\;C:\Users\ACER\AppData\Local\Programs\Python\Launcher\;C:\Program Files\JetBrains\IntelliJ IDEA Community Edition 2024.2.1\bin;;C:\Users\ACER\AppData\Local\Programs\Microsoft VS Code\bin;C:\Users\ACER\.pyenv\pyenv-win-master\pyenv-win\bin;C:\Users\ACER\.pyenv\pyenv-win-master\pyenv-win\shims;C:\Users\ACER\AppData\Roaming\npm
USERNAME=ACER
OS=Windows_NT
PROCESSOR_IDENTIFIER=Intel64 Family 6 Model 186 Stepping 2, GenuineIntel
TMP=C:\Users\ACER\AppData\Local\Temp
TEMP=C:\Users\ACER\AppData\Local\Temp




Periodic native trim disabled

---------------  S Y S T E M  ---------------

OS:
 Windows 11 , 64 bit Build 26100 (10.0.26100.3775)
OS uptime: 1 days 11:19 hours
Hyper-V role detected

CPU: total 16 (initial active 16) (8 cores per cpu, 2 threads per core) family 6 model 186 stepping 2 microcode 0x4112, cx8, cmov, fxsr, ht, mmx, 3dnowpref, sse, sse2, sse3, ssse3, sse4.1, sse4.2, popcnt, lzcnt, tsc, tscinvbit, avx, avx2, aes, erms, clmul, bmi1, bmi2, adx, sha, fma, vzeroupper, clflush, clflushopt, clwb, hv, serialize, rdtscp, rdpid, fsrm, f16c, cet_ibt, cet_ss
Processor Information for processor 0
  Max Mhz: 2400, Current Mhz: 2400, Mhz Limit: 2400
Processor Information for processor 1
  Max Mhz: 2400, Current Mhz: 2400, Mhz Limit: 2400
Processor Information for processor 2
  Max Mhz: 2400, Current Mhz: 1520, Mhz Limit: 2400
Processor Information for processor 3
  Max Mhz: 2400, Current Mhz: 2400, Mhz Limit: 2400
Processor Information for processor 4
  Max Mhz: 2400, Current Mhz: 2400, Mhz Limit: 2400
Processor Information for processor 5
  Max Mhz: 2400, Current Mhz: 1520, Mhz Limit: 2400
Processor Information for processor 6
  Max Mhz: 2400, Current Mhz: 2400, Mhz Limit: 2400
Processor Information for processor 7
  Max Mhz: 2400, Current Mhz: 2400, Mhz Limit: 2400
Processor Information for processor 8
  Max Mhz: 2400, Current Mhz: 1520, Mhz Limit: 2400
Processor Information for processor 9
  Max Mhz: 2400, Current Mhz: 2400, Mhz Limit: 2400
Processor Information for processor 10
  Max Mhz: 2400, Current Mhz: 1520, Mhz Limit: 2400
Processor Information for processor 11
  Max Mhz: 2400, Current Mhz: 1520, Mhz Limit: 2400
Processor Information for processor 12
  Max Mhz: 2400, Current Mhz: 1800, Mhz Limit: 1800
Processor Information for processor 13
  Max Mhz: 2400, Current Mhz: 1800, Mhz Limit: 1800
Processor Information for processor 14
  Max Mhz: 2400, Current Mhz: 1500, Mhz Limit: 1800
Processor Information for processor 15
  Max Mhz: 2400, Current Mhz: 1500, Mhz Limit: 1800

Memory: 4k page, system-wide physical 7895M (560M free)
TotalPageFile size 32471M (AvailPageFile size 4M)
current process WorkingSet (physical memory assigned to process): 117M, peak: 117M
current process commit charge ("private bytes"): 250M, peak: 250M

vm_info: OpenJDK 64-Bit Server VM (21.0.6+7-LTS) for windows-amd64 JRE (21.0.6+7-LTS), built on 2025-01-21T00:00:00Z by "admin" with MS VC++ 17.7 (VS2022)

END.
